#-----------------------------------------------------------
# Vivado v2024.2.1 (64-bit)
# SW Build 5266912 on Sun Dec 15 09:03:24 MST 2024
# IP Build 5264866 on Sun Dec 15 16:27:47 MST 2024
# SharedData Build 5264680 on Wed Dec 11 12:48:36 MST 2024
# Start of session at: Thu May  1 17:08:16 2025
# Process ID         : 23328
# Current directory  : C:/Users/aam08331/Documents/GitHub/4280-Group12/SD_Example
# Command line       : vivado.exe -gui_launcher_event rodinguilauncherevent21164 C:\Users\aam08331\Documents\GitHub\4280-Group12\SD_Example\SD_Example.xpr
# Log file           : C:/Users/aam08331/Documents/GitHub/4280-Group12/SD_Example/vivado.log
# Journal file       : C:/Users/aam08331/Documents/GitHub/4280-Group12/SD_Example\vivado.jou
# Running On         : engr-d1409-010
# Platform           : Windows Server 2016 or Windows 10
# Operating System   : 19045
# Processor Detail   : 13th Gen Intel(R) Core(TM) i7-13700
# CPU Frequency      : 2112 MHz
# CPU Physical cores : 16
# CPU Logical cores  : 24
# Host memory        : 34033 MB
# Swap memory        : 2147 MB
# Total Virtual      : 36180 MB
# Available Virtual  : 25145 MB
#-----------------------------------------------------------
start_gui
Sourcing tcl script 'C:/Users/aam08331/AppData/Roaming/Xilinx/Vivado/Vivado_init.tcl'
open_project C:/Users/aam08331/Documents/GitHub/4280-Group12/SD_Example/SD_Example.xpr
WARNING: [Board 49-91] Board repository path 'C:ivado-boards-master
ewoard_files' does not exist, it will not be used to search board files.
WARNING: [Board 49-91] Board repository path 'C:ivado-boards-master
ewoard_files' does not exist, it will not be used to search board files.
WARNING: [Board 49-26] cannot add Board Part digilentinc.com:genesys2:part0:1.1 available at C:/Xilinx/Vivado/2024.2/data/boards/board_files/genesys2/H/board.xml as part xc7k325tffg900-2 specified in board_part file is either invalid or not available
WARNING: [Board 49-26] cannot add Board Part digilentinc.com:sword:part0:1.0 available at C:/Xilinx/Vivado/2024.2/data/boards/board_files/sword/C.0/board.xml as part xc7k325tffg900-2 specified in board_part file is either invalid or not available
INFO: [Project 1-313] Project file moved from 'C:/Users/Amr/Documents/GitHub/4280-Group12/SD_Example' since last save.
INFO: [filemgmt 56-3] Default IP Output Path : Could not find the directory 'C:/Users/aam08331/Documents/GitHub/4280-Group12/SD_Example/SD_Example.gen/sources_1'.
Scanning sources...
Finished scanning sources
CRITICAL WARNING: [Runs 36-271] Incremental checkpoint part, xc7k70tfbv676-1, does not match run part, xc7a100tcsg324-1.
INFO: [IP_Flow 19-234] Refreshing IP repositories
INFO: [IP_Flow 19-1704] No user IP repositories specified
INFO: [IP_Flow 19-2313] Loaded Vivado IP repository 'C:/Xilinx/Vivado/2024.2/data/ip'.
open_project: Time (s): cpu = 00:00:13 ; elapsed = 00:00:09 . Memory (MB): peak = 1338.586 ; gain = 251.523
update_compile_order -fileset sources_1
reset_run synth_1
INFO: [Project 1-1161] Replacing file C:/Users/aam08331/Documents/GitHub/4280-Group12/SD_Example/SD_Example.srcs/utils_1/imports/synth_1/fpga_top.dcp with file C:/Users/aam08331/Documents/GitHub/4280-Group12/SD_Example/SD_Example.runs/synth_1/fpga_top.dcp
launch_runs impl_1 -to_step write_bitstream -jobs 24
[Thu May  1 17:09:35 2025] Launched synth_1...
Run output will be captured here: C:/Users/aam08331/Documents/GitHub/4280-Group12/SD_Example/SD_Example.runs/synth_1/runme.log
[Thu May  1 17:09:35 2025] Launched impl_1...
Run output will be captured here: C:/Users/aam08331/Documents/GitHub/4280-Group12/SD_Example/SD_Example.runs/impl_1/runme.log
open_hw_manager
connect_hw_server -allow_non_jtag
INFO: [Labtools 27-2285] Connecting to hw_server url TCP:localhost:3121
INFO: [Labtools 27-2222] Launching hw_server...
INFO: [Labtools 27-2221] Launch Output:

****** Xilinx hw_server v2024.2.1
  **** Build date : Dec  9 2024 at 14:31:29
    ** Copyright 1986-2022 Xilinx, Inc. All Rights Reserved.


INFO: [Labtools 27-3415] Connecting to cs_server url TCP:localhost:0
INFO: [Labtools 27-3417] Launching cs_server...
INFO: [Labtools 27-2221] Launch Output:


******** Xilinx cs_server v2024.2.0
  ****** Build date   : Oct 30 2024-14:19:07
    **** Build number : 2024.2.1730312347
      ** Copyright 2017-2022 Xilinx, Inc. All Rights Reserved.
      ** Copyright 2022-2025 Advanced Micro Devices, Inc. All Rights Reserved.



connect_hw_server: Time (s): cpu = 00:00:01 ; elapsed = 00:00:14 . Memory (MB): peak = 1366.973 ; gain = 10.613
open_hw_target
INFO: [Labtoolstcl 44-466] Opening hw_target localhost:3121/xilinx_tcf/Digilent/210292BCFC34A
set_property PROGRAM.FILE {C:/Users/aam08331/Documents/GitHub/4280-Group12/SD_Example/SD_Example.runs/impl_1/fpga_top.bit} [get_hw_devices xc7a100t_0]
current_hw_device [get_hw_devices xc7a100t_0]
refresh_hw_device -update_hw_probes false [lindex [get_hw_devices xc7a100t_0] 0]
INFO: [Labtools 27-1434] Device xc7a100t (JTAG device index = 0) is programmed with a design that has no supported debug core(s) in it.
set_property PROBES.FILE {} [get_hw_devices xc7a100t_0]
set_property FULL_PROBES.FILE {} [get_hw_devices xc7a100t_0]
set_property PROGRAM.FILE {C:/Users/aam08331/Documents/GitHub/4280-Group12/SD_Example/SD_Example.runs/impl_1/fpga_top.bit} [get_hw_devices xc7a100t_0]
program_hw_devices [get_hw_devices xc7a100t_0]
INFO: [Labtools 27-3164] End of startup status: HIGH
refresh_hw_device [lindex [get_hw_devices xc7a100t_0] 0]
INFO: [Labtools 27-1434] Device xc7a100t (JTAG device index = 0) is programmed with a design that has no supported debug core(s) in it.
WARNING: [filemgmt 56-199] Attempt to get parsing info during refresh. "On-the-fly" syntax checking information may be incorrect. [C:\Users\aam08331\Documents\GitHub\4280-Group12\SD_Example\External Sources\Verilog\sd_file_reader.v:]
WARNING: [filemgmt 56-199] Attempt to get parsing info during refresh. "On-the-fly" syntax checking information may be incorrect. [C:\Users\aam08331\Documents\GitHub\4280-Group12\SD_Example\SD_Example.srcs\sources_1\new\sd_example.v:]
WARNING: [filemgmt 56-199] Attempt to get parsing info during refresh. "On-the-fly" syntax checking information may be incorrect. [C:\Users\aam08331\Documents\GitHub\4280-Group12\SD_Example\External Sources\Verilog\sd_file_reader.v:]
WARNING: [filemgmt 56-199] Attempt to get parsing info during refresh. "On-the-fly" syntax checking information may be incorrect. [C:\Users\aam08331\Documents\GitHub\4280-Group12\SD_Example\External Sources\Verilog\sd_file_reader.v:]
ERROR: [Common 17-180] Spawn failed: No error
reset_run synth_1
INFO: [Project 1-1161] Replacing file C:/Users/aam08331/Documents/GitHub/4280-Group12/SD_Example/SD_Example.srcs/utils_1/imports/synth_1/fpga_top.dcp with file C:/Users/aam08331/Documents/GitHub/4280-Group12/SD_Example/SD_Example.runs/synth_1/fpga_top.dcp
WARNING: [filemgmt 56-199] Attempt to get parsing info during refresh. "On-the-fly" syntax checking information may be incorrect. [C:\Users\aam08331\Documents\GitHub\4280-Group12\SD_Example\External Sources\Verilog\sd_file_reader.v:]
WARNING: [filemgmt 56-199] Attempt to get parsing info during refresh. "On-the-fly" syntax checking information may be incorrect. [C:\Users\aam08331\Documents\GitHub\4280-Group12\SD_Example\SD_Example.srcs\sources_1\new\sd_example.v:]
WARNING: [filemgmt 56-199] Attempt to get parsing info during refresh. "On-the-fly" syntax checking information may be incorrect. [C:\Users\aam08331\Documents\GitHub\4280-Group12\SD_Example\External Sources\Verilog\sd_file_reader.v:]
WARNING: [filemgmt 56-199] Attempt to get parsing info during refresh. "On-the-fly" syntax checking information may be incorrect. [C:\Users\aam08331\Documents\GitHub\4280-Group12\SD_Example\External Sources\Verilog\sd_file_reader.v:]
ERROR: [Common 17-180] Spawn failed: No error
launch_runs impl_1 -to_step write_bitstream -jobs 24
[Thu May  1 17:20:16 2025] Launched synth_1...
Run output will be captured here: C:/Users/aam08331/Documents/GitHub/4280-Group12/SD_Example/SD_Example.runs/synth_1/runme.log
[Thu May  1 17:20:16 2025] Launched impl_1...
Run output will be captured here: C:/Users/aam08331/Documents/GitHub/4280-Group12/SD_Example/SD_Example.runs/impl_1/runme.log
open_run impl_1
INFO: [Device 21-403] Loading part xc7a100tcsg324-1
INFO: [Common 17-41] Interrupt caught. Command should exit soon.
Netlist sorting complete. Time (s): cpu = 00:00:00 ; elapsed = 00:00:00.013 . Memory (MB): peak = 1632.383 ; gain = 0.000
INFO: [Netlist 29-17] Analyzing 196 Unisim elements for replacement
INFO: [Netlist 29-28] Unisim Transformation completed in 0 CPU seconds
INFO: [Project 1-479] Netlist was created with Vivado 2024.2.1
INFO: [Common 17-344] 'open_run' was cancelled
set_property PROBES.FILE {} [get_hw_devices xc7a100t_0]
set_property FULL_PROBES.FILE {} [get_hw_devices xc7a100t_0]
set_property PROGRAM.FILE {C:/Users/aam08331/Documents/GitHub/4280-Group12/SD_Example/SD_Example.runs/impl_1/fpga_top.bit} [get_hw_devices xc7a100t_0]
program_hw_devices [get_hw_devices xc7a100t_0]
INFO: [Labtools 27-3164] End of startup status: HIGH
refresh_hw_device [lindex [get_hw_devices xc7a100t_0] 0]
INFO: [Labtools 27-1434] Device xc7a100t (JTAG device index = 0) is programmed with a design that has no supported debug core(s) in it.
WARNING: [filemgmt 56-199] Attempt to get parsing info during refresh. "On-the-fly" syntax checking information may be incorrect. [C:\Users\aam08331\Documents\GitHub\4280-Group12\SD_Example\External Sources\Verilog\sd_file_reader.v:]
WARNING: [filemgmt 56-199] Attempt to get parsing info during refresh. "On-the-fly" syntax checking information may be incorrect. [C:\Users\aam08331\Documents\GitHub\4280-Group12\SD_Example\External Sources\Verilog\fpga_top.v:]
WARNING: [filemgmt 56-199] Attempt to get parsing info during refresh. "On-the-fly" syntax checking information may be incorrect. [C:\Users\aam08331\Documents\GitHub\4280-Group12\SD_Example\SD_Example.srcs\sources_1\new\sd_example.v:]
WARNING: [filemgmt 56-199] Attempt to get parsing info during refresh. "On-the-fly" syntax checking information may be incorrect. [C:\Users\aam08331\Documents\GitHub\4280-Group12\SD_Example\External Sources\Verilog\sd_reader.v:]
WARNING: [filemgmt 56-199] Attempt to get parsing info during refresh. "On-the-fly" syntax checking information may be incorrect. [C:\Users\aam08331\Documents\GitHub\4280-Group12\SD_Example\External Sources\Verilog\sd_file_reader.v:]
WARNING: [filemgmt 56-199] Attempt to get parsing info during refresh. "On-the-fly" syntax checking information may be incorrect. [C:\Users\aam08331\Documents\GitHub\4280-Group12\SD_Example\External Sources\Verilog\sd_file_reader.v:]
WARNING: [filemgmt 56-199] Attempt to get parsing info during refresh. "On-the-fly" syntax checking information may be incorrect. [C:\Users\aam08331\Documents\GitHub\4280-Group12\SD_Example\External Sources\Verilog\sd_file_reader.v:]
WARNING: [filemgmt 56-199] Attempt to get parsing info during refresh. "On-the-fly" syntax checking information may be incorrect. [C:\Users\aam08331\Documents\GitHub\4280-Group12\SD_Example\External Sources\Verilog\fpga_top.v:]
WARNING: [filemgmt 56-199] Attempt to get parsing info during refresh. "On-the-fly" syntax checking information may be incorrect. [C:\Users\aam08331\Documents\GitHub\4280-Group12\SD_Example\SD_Example.srcs\sources_1\new\sd_example.v:]
WARNING: [filemgmt 56-199] Attempt to get parsing info during refresh. "On-the-fly" syntax checking information may be incorrect. [C:\Users\aam08331\Documents\GitHub\4280-Group12\SD_Example\External Sources\Verilog\sd_reader.v:]
WARNING: [filemgmt 56-199] Attempt to get parsing info during refresh. "On-the-fly" syntax checking information may be incorrect. [C:\Users\aam08331\Documents\GitHub\4280-Group12\SD_Example\External Sources\Verilog\fpga_top.v:]
WARNING: [filemgmt 56-199] Attempt to get parsing info during refresh. "On-the-fly" syntax checking information may be incorrect. [C:\Users\aam08331\Documents\GitHub\4280-Group12\SD_Example\External Sources\Verilog\fpga_top.v:]
ERROR: [Common 17-180] Spawn failed: No error
WARNING: [filemgmt 56-199] Attempt to get parsing info during refresh. "On-the-fly" syntax checking information may be incorrect. [C:\Users\aam08331\Documents\GitHub\4280-Group12\SD_Example\External Sources\Verilog\sd_file_reader.v:]
WARNING: [filemgmt 56-199] Attempt to get parsing info during refresh. "On-the-fly" syntax checking information may be incorrect. [C:\Users\aam08331\Documents\GitHub\4280-Group12\SD_Example\External Sources\Verilog\fpga_top.v:]
WARNING: [filemgmt 56-199] Attempt to get parsing info during refresh. "On-the-fly" syntax checking information may be incorrect. [C:\Users\aam08331\Documents\GitHub\4280-Group12\SD_Example\SD_Example.srcs\sources_1\new\sd_example.v:]
WARNING: [filemgmt 56-199] Attempt to get parsing info during refresh. "On-the-fly" syntax checking information may be incorrect. [C:\Users\aam08331\Documents\GitHub\4280-Group12\SD_Example\External Sources\Verilog\sd_reader.v:]
WARNING: [filemgmt 56-199] Attempt to get parsing info during refresh. "On-the-fly" syntax checking information may be incorrect. [C:\Users\aam08331\Documents\GitHub\4280-Group12\SD_Example\SD_Example.srcs\sources_1\new\sd_example.v:]
WARNING: [filemgmt 56-199] Attempt to get parsing info during refresh. "On-the-fly" syntax checking information may be incorrect. [C:\Users\aam08331\Documents\GitHub\4280-Group12\SD_Example\SD_Example.srcs\sources_1\new\sd_example.v:]
ERROR: [Common 17-180] Spawn failed: No error
WARNING: [filemgmt 56-199] Attempt to get parsing info during refresh. "On-the-fly" syntax checking information may be incorrect. [C:\Users\aam08331\Documents\GitHub\4280-Group12\SD_Example\External Sources\Verilog\sd_file_reader.v:]
WARNING: [filemgmt 56-199] Attempt to get parsing info during refresh. "On-the-fly" syntax checking information may be incorrect. [C:\Users\aam08331\Documents\GitHub\4280-Group12\SD_Example\External Sources\Verilog\fpga_top.v:]
WARNING: [filemgmt 56-199] Attempt to get parsing info during refresh. "On-the-fly" syntax checking information may be incorrect. [C:\Users\aam08331\Documents\GitHub\4280-Group12\SD_Example\SD_Example.srcs\sources_1\new\sd_example.v:]
WARNING: [filemgmt 56-199] Attempt to get parsing info during refresh. "On-the-fly" syntax checking information may be incorrect. [C:\Users\aam08331\Documents\GitHub\4280-Group12\SD_Example\External Sources\Verilog\sd_reader.v:]
WARNING: [filemgmt 56-199] Attempt to get parsing info during refresh. "On-the-fly" syntax checking information may be incorrect. [C:\Users\aam08331\Documents\GitHub\4280-Group12\SD_Example\External Sources\Verilog\sd_file_reader.v:]
WARNING: [filemgmt 56-199] Attempt to get parsing info during refresh. "On-the-fly" syntax checking information may be incorrect. [C:\Users\aam08331\Documents\GitHub\4280-Group12\SD_Example\External Sources\Verilog\sd_file_reader.v:]
WARNING: [filemgmt 56-199] Attempt to get parsing info during refresh. "On-the-fly" syntax checking information may be incorrect. [C:\Users\aam08331\Documents\GitHub\4280-Group12\SD_Example\External Sources\Verilog\sd_file_reader.v:]
WARNING: [filemgmt 56-199] Attempt to get parsing info during refresh. "On-the-fly" syntax checking information may be incorrect. [C:\Users\aam08331\Documents\GitHub\4280-Group12\SD_Example\External Sources\Verilog\fpga_top.v:]
WARNING: [filemgmt 56-199] Attempt to get parsing info during refresh. "On-the-fly" syntax checking information may be incorrect. [C:\Users\aam08331\Documents\GitHub\4280-Group12\SD_Example\SD_Example.srcs\sources_1\new\sd_example.v:]
WARNING: [filemgmt 56-199] Attempt to get parsing info during refresh. "On-the-fly" syntax checking information may be incorrect. [C:\Users\aam08331\Documents\GitHub\4280-Group12\SD_Example\External Sources\Verilog\sd_reader.v:]
WARNING: [filemgmt 56-199] Attempt to get parsing info during refresh. "On-the-fly" syntax checking information may be incorrect. [C:\Users\aam08331\Documents\GitHub\4280-Group12\SD_Example\External Sources\Verilog\sd_reader.v:]
WARNING: [filemgmt 56-199] Attempt to get parsing info during refresh. "On-the-fly" syntax checking information may be incorrect. [C:\Users\aam08331\Documents\GitHub\4280-Group12\SD_Example\External Sources\Verilog\sd_reader.v:]
WARNING: [filemgmt 56-199] Attempt to get parsing info during refresh. "On-the-fly" syntax checking information may be incorrect. [C:\Users\aam08331\Documents\GitHub\4280-Group12\SD_Example\External Sources\Verilog\sd_file_reader.v:]
WARNING: [filemgmt 56-199] Attempt to get parsing info during refresh. "On-the-fly" syntax checking information may be incorrect. [C:\Users\aam08331\Documents\GitHub\4280-Group12\SD_Example\External Sources\Verilog\fpga_top.v:]
WARNING: [filemgmt 56-199] Attempt to get parsing info during refresh. "On-the-fly" syntax checking information may be incorrect. [C:\Users\aam08331\Documents\GitHub\4280-Group12\SD_Example\SD_Example.srcs\sources_1\new\sd_example.v:]
WARNING: [filemgmt 56-199] Attempt to get parsing info during refresh. "On-the-fly" syntax checking information may be incorrect. [C:\Users\aam08331\Documents\GitHub\4280-Group12\SD_Example\External Sources\Verilog\sd_reader.v:]
WARNING: [filemgmt 56-199] Attempt to get parsing info during refresh. "On-the-fly" syntax checking information may be incorrect. [C:\Users\aam08331\Documents\GitHub\4280-Group12\SD_Example\SD_Example.srcs\sources_1\new\sd_example.v:]
WARNING: [filemgmt 56-199] Attempt to get parsing info during refresh. "On-the-fly" syntax checking information may be incorrect. [C:\Users\aam08331\Documents\GitHub\4280-Group12\SD_Example\SD_Example.srcs\sources_1\new\sd_example.v:]
reset_run synth_1
INFO: [Project 1-1161] Replacing file C:/Users/aam08331/Documents/GitHub/4280-Group12/SD_Example/SD_Example.srcs/utils_1/imports/synth_1/fpga_top.dcp with file C:/Users/aam08331/Documents/GitHub/4280-Group12/SD_Example/SD_Example.runs/synth_1/fpga_top.dcp
launch_runs impl_1 -to_step write_bitstream -jobs 24
[Thu May  1 17:26:39 2025] Launched synth_1...
Run output will be captured here: C:/Users/aam08331/Documents/GitHub/4280-Group12/SD_Example/SD_Example.runs/synth_1/runme.log
[Thu May  1 17:26:39 2025] Launched impl_1...
Run output will be captured here: C:/Users/aam08331/Documents/GitHub/4280-Group12/SD_Example/SD_Example.runs/impl_1/runme.log
WARNING: [filemgmt 56-199] Attempt to get parsing info during refresh. "On-the-fly" syntax checking information may be incorrect. [C:\Users\aam08331\Documents\GitHub\4280-Group12\SD_Example\External Sources\Verilog\sd_file_reader.v:]
WARNING: [filemgmt 56-199] Attempt to get parsing info during refresh. "On-the-fly" syntax checking information may be incorrect. [C:\Users\aam08331\Documents\GitHub\4280-Group12\SD_Example\External Sources\Verilog\fpga_top.v:]
WARNING: [filemgmt 56-199] Attempt to get parsing info during refresh. "On-the-fly" syntax checking information may be incorrect. [C:\Users\aam08331\Documents\GitHub\4280-Group12\SD_Example\SD_Example.srcs\sources_1\new\sd_example.v:]
WARNING: [filemgmt 56-199] Attempt to get parsing info during refresh. "On-the-fly" syntax checking information may be incorrect. [C:\Users\aam08331\Documents\GitHub\4280-Group12\SD_Example\External Sources\Verilog\sd_reader.v:]
WARNING: [filemgmt 56-199] Attempt to get parsing info during refresh. "On-the-fly" syntax checking information may be incorrect. [C:\Users\aam08331\Documents\GitHub\4280-Group12\SD_Example\External Sources\Verilog\sd_file_reader.v:]
WARNING: [filemgmt 56-199] Attempt to get parsing info during refresh. "On-the-fly" syntax checking information may be incorrect. [C:\Users\aam08331\Documents\GitHub\4280-Group12\SD_Example\External Sources\Verilog\sd_file_reader.v:]
WARNING: [filemgmt 56-199] Attempt to get parsing info during refresh. "On-the-fly" syntax checking information may be incorrect. [C:\Users\aam08331\Documents\GitHub\4280-Group12\SD_Example\External Sources\Verilog\sd_file_reader.v:]
WARNING: [filemgmt 56-199] Attempt to get parsing info during refresh. "On-the-fly" syntax checking information may be incorrect. [C:\Users\aam08331\Documents\GitHub\4280-Group12\SD_Example\External Sources\Verilog\fpga_top.v:]
WARNING: [filemgmt 56-199] Attempt to get parsing info during refresh. "On-the-fly" syntax checking information may be incorrect. [C:\Users\aam08331\Documents\GitHub\4280-Group12\SD_Example\SD_Example.srcs\sources_1\new\sd_example.v:]
WARNING: [filemgmt 56-199] Attempt to get parsing info during refresh. "On-the-fly" syntax checking information may be incorrect. [C:\Users\aam08331\Documents\GitHub\4280-Group12\SD_Example\External Sources\Verilog\sd_reader.v:]
WARNING: [filemgmt 56-199] Attempt to get parsing info during refresh. "On-the-fly" syntax checking information may be incorrect. [C:\Users\aam08331\Documents\GitHub\4280-Group12\SD_Example\SD_Example.srcs\sources_1\new\sd_example.v:]
WARNING: [filemgmt 56-199] Attempt to get parsing info during refresh. "On-the-fly" syntax checking information may be incorrect. [C:\Users\aam08331\Documents\GitHub\4280-Group12\SD_Example\SD_Example.srcs\sources_1\new\sd_example.v:]
ERROR: [Common 17-180] Spawn failed: No error
WARNING: [filemgmt 56-199] Attempt to get parsing info during refresh. "On-the-fly" syntax checking information may be incorrect. [C:\Users\aam08331\Documents\GitHub\4280-Group12\SD_Example\External Sources\Verilog\sd_file_reader.v:]
WARNING: [filemgmt 56-199] Attempt to get parsing info during refresh. "On-the-fly" syntax checking information may be incorrect. [C:\Users\aam08331\Documents\GitHub\4280-Group12\SD_Example\External Sources\Verilog\fpga_top.v:]
WARNING: [filemgmt 56-199] Attempt to get parsing info during refresh. "On-the-fly" syntax checking information may be incorrect. [C:\Users\aam08331\Documents\GitHub\4280-Group12\SD_Example\SD_Example.srcs\sources_1\new\sd_example.v:]
WARNING: [filemgmt 56-199] Attempt to get parsing info during refresh. "On-the-fly" syntax checking information may be incorrect. [C:\Users\aam08331\Documents\GitHub\4280-Group12\SD_Example\External Sources\Verilog\sd_reader.v:]
WARNING: [filemgmt 56-199] Attempt to get parsing info during refresh. "On-the-fly" syntax checking information may be incorrect. [C:\Users\aam08331\Documents\GitHub\4280-Group12\SD_Example\External Sources\Verilog\sd_reader.v:]
WARNING: [filemgmt 56-199] Attempt to get parsing info during refresh. "On-the-fly" syntax checking information may be incorrect. [C:\Users\aam08331\Documents\GitHub\4280-Group12\SD_Example\External Sources\Verilog\sd_reader.v:]
ERROR: [Common 17-180] Spawn failed: No error
set_property PROBES.FILE {} [get_hw_devices xc7a100t_0]
set_property FULL_PROBES.FILE {} [get_hw_devices xc7a100t_0]
set_property PROGRAM.FILE {C:/Users/aam08331/Documents/GitHub/4280-Group12/SD_Example/SD_Example.runs/impl_1/fpga_top.bit} [get_hw_devices xc7a100t_0]
program_hw_devices [get_hw_devices xc7a100t_0]
INFO: [Labtools 27-3164] End of startup status: HIGH
refresh_hw_device [lindex [get_hw_devices xc7a100t_0] 0]
INFO: [Labtools 27-1434] Device xc7a100t (JTAG device index = 0) is programmed with a design that has no supported debug core(s) in it.
WARNING: [filemgmt 56-199] Attempt to get parsing info during refresh. "On-the-fly" syntax checking information may be incorrect. [C:\Users\aam08331\Documents\GitHub\4280-Group12\SD_Example\External Sources\Verilog\sd_file_reader.v:]
WARNING: [filemgmt 56-199] Attempt to get parsing info during refresh. "On-the-fly" syntax checking information may be incorrect. [C:\Users\aam08331\Documents\GitHub\4280-Group12\SD_Example\External Sources\Verilog\fpga_top.v:]
WARNING: [filemgmt 56-199] Attempt to get parsing info during refresh. "On-the-fly" syntax checking information may be incorrect. [C:\Users\aam08331\Documents\GitHub\4280-Group12\SD_Example\SD_Example.srcs\sources_1\new\sd_example.v:]
WARNING: [filemgmt 56-199] Attempt to get parsing info during refresh. "On-the-fly" syntax checking information may be incorrect. [C:\Users\aam08331\Documents\GitHub\4280-Group12\SD_Example\External Sources\Verilog\sd_reader.v:]
WARNING: [filemgmt 56-199] Attempt to get parsing info during refresh. "On-the-fly" syntax checking information may be incorrect. [C:\Users\aam08331\Documents\GitHub\4280-Group12\SD_Example\External Sources\Verilog\sd_file_reader.v:]
WARNING: [filemgmt 56-199] Attempt to get parsing info during refresh. "On-the-fly" syntax checking information may be incorrect. [C:\Users\aam08331\Documents\GitHub\4280-Group12\SD_Example\External Sources\Verilog\sd_file_reader.v:]
WARNING: [filemgmt 56-199] Attempt to get parsing info during refresh. "On-the-fly" syntax checking information may be incorrect. [C:\Users\aam08331\Documents\GitHub\4280-Group12\SD_Example\External Sources\Verilog\sd_file_reader.v:]
WARNING: [filemgmt 56-199] Attempt to get parsing info during refresh. "On-the-fly" syntax checking information may be incorrect. [C:\Users\aam08331\Documents\GitHub\4280-Group12\SD_Example\External Sources\Verilog\fpga_top.v:]
WARNING: [filemgmt 56-199] Attempt to get parsing info during refresh. "On-the-fly" syntax checking information may be incorrect. [C:\Users\aam08331\Documents\GitHub\4280-Group12\SD_Example\SD_Example.srcs\sources_1\new\sd_example.v:]
WARNING: [filemgmt 56-199] Attempt to get parsing info during refresh. "On-the-fly" syntax checking information may be incorrect. [C:\Users\aam08331\Documents\GitHub\4280-Group12\SD_Example\External Sources\Verilog\sd_reader.v:]
WARNING: [filemgmt 56-199] Attempt to get parsing info during refresh. "On-the-fly" syntax checking information may be incorrect. [C:\Users\aam08331\Documents\GitHub\4280-Group12\SD_Example\External Sources\Verilog\sd_reader.v:]
WARNING: [filemgmt 56-199] Attempt to get parsing info during refresh. "On-the-fly" syntax checking information may be incorrect. [C:\Users\aam08331\Documents\GitHub\4280-Group12\SD_Example\External Sources\Verilog\sd_reader.v:]
WARNING: [filemgmt 56-199] Attempt to get parsing info during refresh. "On-the-fly" syntax checking information may be incorrect. [C:\Users\aam08331\Documents\GitHub\4280-Group12\SD_Example\External Sources\Verilog\sd_file_reader.v:]
WARNING: [filemgmt 56-199] Attempt to get parsing info during refresh. "On-the-fly" syntax checking information may be incorrect. [C:\Users\aam08331\Documents\GitHub\4280-Group12\SD_Example\External Sources\Verilog\fpga_top.v:]
WARNING: [filemgmt 56-199] Attempt to get parsing info during refresh. "On-the-fly" syntax checking information may be incorrect. [C:\Users\aam08331\Documents\GitHub\4280-Group12\SD_Example\SD_Example.srcs\sources_1\new\sd_example.v:]
WARNING: [filemgmt 56-199] Attempt to get parsing info during refresh. "On-the-fly" syntax checking information may be incorrect. [C:\Users\aam08331\Documents\GitHub\4280-Group12\SD_Example\External Sources\Verilog\sd_reader.v:]
WARNING: [filemgmt 56-199] Attempt to get parsing info during refresh. "On-the-fly" syntax checking information may be incorrect. [C:\Users\aam08331\Documents\GitHub\4280-Group12\SD_Example\SD_Example.srcs\sources_1\new\sd_example.v:]
WARNING: [filemgmt 56-199] Attempt to get parsing info during refresh. "On-the-fly" syntax checking information may be incorrect. [C:\Users\aam08331\Documents\GitHub\4280-Group12\SD_Example\SD_Example.srcs\sources_1\new\sd_example.v:]
export_ip_user_files -of_objects  [get_files {{C:/Users/aam08331/Documents/GitHub/4280-Group12/SD_Example/External Sources/IP/clk_wiz_0/clk_wiz_0.xci}}] -no_script -reset -force -quiet
remove_files  -fileset clk_wiz_0 {{C:/Users/aam08331/Documents/GitHub/4280-Group12/SD_Example/External Sources/IP/clk_wiz_0/clk_wiz_0.xci}}
INFO: [Project 1-386] Moving file 'C:/Users/aam08331/Documents/GitHub/4280-Group12/SD_Example/External Sources/IP/clk_wiz_0/clk_wiz_0.xci' from fileset 'clk_wiz_0' to fileset 'sources_1'.
WARNING: [filemgmt 56-199] Attempt to get parsing info during refresh. "On-the-fly" syntax checking information may be incorrect. [C:\Users\aam08331\Documents\GitHub\4280-Group12\SD_Example\External Sources\Verilog\sd_file_reader.v:]
WARNING: [filemgmt 56-199] Attempt to get parsing info during refresh. "On-the-fly" syntax checking information may be incorrect. [C:\Users\aam08331\Documents\GitHub\4280-Group12\SD_Example\External Sources\Verilog\fpga_top.v:]
WARNING: [filemgmt 56-199] Attempt to get parsing info during refresh. "On-the-fly" syntax checking information may be incorrect. [C:\Users\aam08331\Documents\GitHub\4280-Group12\SD_Example\SD_Example.srcs\sources_1\new\sd_example.v:]
WARNING: [filemgmt 56-199] Attempt to get parsing info during refresh. "On-the-fly" syntax checking information may be incorrect. [C:\Users\aam08331\Documents\GitHub\4280-Group12\SD_Example\External Sources\Verilog\sd_reader.v:]
WARNING: [filemgmt 56-199] Attempt to get parsing info during refresh. "On-the-fly" syntax checking information may be incorrect. [C:\Users\aam08331\Documents\GitHub\4280-Group12\SD_Example\External Sources\Verilog\sd_file_reader.v:]
WARNING: [filemgmt 56-199] Attempt to get parsing info during refresh. "On-the-fly" syntax checking information may be incorrect. [C:\Users\aam08331\Documents\GitHub\4280-Group12\SD_Example\External Sources\Verilog\sd_file_reader.v:]
WARNING: [filemgmt 56-199] Attempt to get parsing info during refresh. "On-the-fly" syntax checking information may be incorrect. [C:\Users\aam08331\Documents\GitHub\4280-Group12\SD_Example\External Sources\Verilog\sd_file_reader.v:]
WARNING: [filemgmt 56-199] Attempt to get parsing info during refresh. "On-the-fly" syntax checking information may be incorrect. [C:\Users\aam08331\Documents\GitHub\4280-Group12\SD_Example\External Sources\Verilog\fpga_top.v:]
WARNING: [filemgmt 56-199] Attempt to get parsing info during refresh. "On-the-fly" syntax checking information may be incorrect. [C:\Users\aam08331\Documents\GitHub\4280-Group12\SD_Example\SD_Example.srcs\sources_1\new\sd_example.v:]
WARNING: [filemgmt 56-199] Attempt to get parsing info during refresh. "On-the-fly" syntax checking information may be incorrect. [C:\Users\aam08331\Documents\GitHub\4280-Group12\SD_Example\External Sources\Verilog\sd_reader.v:]
WARNING: [filemgmt 56-199] Attempt to get parsing info during refresh. "On-the-fly" syntax checking information may be incorrect. [C:\Users\aam08331\Documents\GitHub\4280-Group12\SD_Example\SD_Example.srcs\sources_1\new\sd_example.v:]
WARNING: [filemgmt 56-199] Attempt to get parsing info during refresh. "On-the-fly" syntax checking information may be incorrect. [C:\Users\aam08331\Documents\GitHub\4280-Group12\SD_Example\SD_Example.srcs\sources_1\new\sd_example.v:]
ERROR: [Common 17-180] Spawn failed: No error
WARNING: [filemgmt 56-199] Attempt to get parsing info during refresh. "On-the-fly" syntax checking information may be incorrect. [C:\Users\aam08331\Documents\GitHub\4280-Group12\SD_Example\External Sources\Verilog\sd_file_reader.v:]
WARNING: [filemgmt 56-199] Attempt to get parsing info during refresh. "On-the-fly" syntax checking information may be incorrect. [C:\Users\aam08331\Documents\GitHub\4280-Group12\SD_Example\External Sources\Verilog\fpga_top.v:]
WARNING: [filemgmt 56-199] Attempt to get parsing info during refresh. "On-the-fly" syntax checking information may be incorrect. [C:\Users\aam08331\Documents\GitHub\4280-Group12\SD_Example\SD_Example.srcs\sources_1\new\sd_example.v:]
WARNING: [filemgmt 56-199] Attempt to get parsing info during refresh. "On-the-fly" syntax checking information may be incorrect. [C:\Users\aam08331\Documents\GitHub\4280-Group12\SD_Example\External Sources\Verilog\sd_reader.v:]
WARNING: [filemgmt 56-199] Attempt to get parsing info during refresh. "On-the-fly" syntax checking information may be incorrect. [C:\Users\aam08331\Documents\GitHub\4280-Group12\SD_Example\External Sources\Verilog\sd_reader.v:]
WARNING: [filemgmt 56-199] Attempt to get parsing info during refresh. "On-the-fly" syntax checking information may be incorrect. [C:\Users\aam08331\Documents\GitHub\4280-Group12\SD_Example\External Sources\Verilog\sd_reader.v:]
ERROR: [Common 17-180] Spawn failed: No error
reset_run synth_1
INFO: [Project 1-1161] Replacing file C:/Users/aam08331/Documents/GitHub/4280-Group12/SD_Example/SD_Example.srcs/utils_1/imports/synth_1/fpga_top.dcp with file C:/Users/aam08331/Documents/GitHub/4280-Group12/SD_Example/SD_Example.runs/synth_1/fpga_top.dcp
launch_runs impl_1 -to_step write_bitstream -jobs 24
[Thu May  1 17:31:58 2025] Launched synth_1...
Run output will be captured here: C:/Users/aam08331/Documents/GitHub/4280-Group12/SD_Example/SD_Example.runs/synth_1/runme.log
[Thu May  1 17:31:58 2025] Launched impl_1...
Run output will be captured here: C:/Users/aam08331/Documents/GitHub/4280-Group12/SD_Example/SD_Example.runs/impl_1/runme.log
WARNING: [filemgmt 56-199] Attempt to get parsing info during refresh. "On-the-fly" syntax checking information may be incorrect. [C:\Users\aam08331\Documents\GitHub\4280-Group12\SD_Example\External Sources\Verilog\sd_file_reader.v:]
WARNING: [filemgmt 56-199] Attempt to get parsing info during refresh. "On-the-fly" syntax checking information may be incorrect. [C:\Users\aam08331\Documents\GitHub\4280-Group12\SD_Example\External Sources\Verilog\fpga_top.v:]
WARNING: [filemgmt 56-199] Attempt to get parsing info during refresh. "On-the-fly" syntax checking information may be incorrect. [C:\Users\aam08331\Documents\GitHub\4280-Group12\SD_Example\SD_Example.srcs\sources_1\new\sd_example.v:]
WARNING: [filemgmt 56-199] Attempt to get parsing info during refresh. "On-the-fly" syntax checking information may be incorrect. [C:\Users\aam08331\Documents\GitHub\4280-Group12\SD_Example\External Sources\Verilog\sd_reader.v:]
WARNING: [filemgmt 56-199] Attempt to get parsing info during refresh. "On-the-fly" syntax checking information may be incorrect. [C:\Users\aam08331\Documents\GitHub\4280-Group12\SD_Example\External Sources\Verilog\sd_reader.v:]
WARNING: [filemgmt 56-199] Attempt to get parsing info during refresh. "On-the-fly" syntax checking information may be incorrect. [C:\Users\aam08331\Documents\GitHub\4280-Group12\SD_Example\External Sources\Verilog\sd_reader.v:]
WARNING: [filemgmt 56-199] Attempt to get parsing info during refresh. "On-the-fly" syntax checking information may be incorrect. [C:\Users\aam08331\Documents\GitHub\4280-Group12\SD_Example\External Sources\Verilog\sd_file_reader.v:]
WARNING: [filemgmt 56-199] Attempt to get parsing info during refresh. "On-the-fly" syntax checking information may be incorrect. [C:\Users\aam08331\Documents\GitHub\4280-Group12\SD_Example\External Sources\Verilog\fpga_top.v:]
WARNING: [filemgmt 56-199] Attempt to get parsing info during refresh. "On-the-fly" syntax checking information may be incorrect. [C:\Users\aam08331\Documents\GitHub\4280-Group12\SD_Example\SD_Example.srcs\sources_1\new\sd_example.v:]
WARNING: [filemgmt 56-199] Attempt to get parsing info during refresh. "On-the-fly" syntax checking information may be incorrect. [C:\Users\aam08331\Documents\GitHub\4280-Group12\SD_Example\External Sources\Verilog\sd_reader.v:]
WARNING: [filemgmt 56-199] Attempt to get parsing info during refresh. "On-the-fly" syntax checking information may be incorrect. [C:\Users\aam08331\Documents\GitHub\4280-Group12\SD_Example\External Sources\Verilog\sd_file_reader.v:]
WARNING: [filemgmt 56-199] Attempt to get parsing info during refresh. "On-the-fly" syntax checking information may be incorrect. [C:\Users\aam08331\Documents\GitHub\4280-Group12\SD_Example\External Sources\Verilog\sd_file_reader.v:]
ERROR: [Common 17-180] Spawn failed: No error
WARNING: [filemgmt 56-199] Attempt to get parsing info during refresh. "On-the-fly" syntax checking information may be incorrect. [C:\Users\aam08331\Documents\GitHub\4280-Group12\SD_Example\External Sources\Verilog\sd_file_reader.v:]
WARNING: [filemgmt 56-199] Attempt to get parsing info during refresh. "On-the-fly" syntax checking information may be incorrect. [C:\Users\aam08331\Documents\GitHub\4280-Group12\SD_Example\External Sources\Verilog\fpga_top.v:]
WARNING: [filemgmt 56-199] Attempt to get parsing info during refresh. "On-the-fly" syntax checking information may be incorrect. [C:\Users\aam08331\Documents\GitHub\4280-Group12\SD_Example\SD_Example.srcs\sources_1\new\sd_example.v:]
WARNING: [filemgmt 56-199] Attempt to get parsing info during refresh. "On-the-fly" syntax checking information may be incorrect. [C:\Users\aam08331\Documents\GitHub\4280-Group12\SD_Example\External Sources\Verilog\sd_reader.v:]
WARNING: [filemgmt 56-199] Attempt to get parsing info during refresh. "On-the-fly" syntax checking information may be incorrect. [C:\Users\aam08331\Documents\GitHub\4280-Group12\SD_Example\External Sources\Verilog\sd_reader.v:]
WARNING: [filemgmt 56-199] Attempt to get parsing info during refresh. "On-the-fly" syntax checking information may be incorrect. [C:\Users\aam08331\Documents\GitHub\4280-Group12\SD_Example\External Sources\Verilog\sd_reader.v:]
WARNING: [filemgmt 56-199] Attempt to get parsing info during refresh. "On-the-fly" syntax checking information may be incorrect. [C:\Users\aam08331\Documents\GitHub\4280-Group12\SD_Example\External Sources\Verilog\sd_file_reader.v:]
WARNING: [filemgmt 56-199] Attempt to get parsing info during refresh. "On-the-fly" syntax checking information may be incorrect. [C:\Users\aam08331\Documents\GitHub\4280-Group12\SD_Example\External Sources\Verilog\fpga_top.v:]
WARNING: [filemgmt 56-199] Attempt to get parsing info during refresh. "On-the-fly" syntax checking information may be incorrect. [C:\Users\aam08331\Documents\GitHub\4280-Group12\SD_Example\SD_Example.srcs\sources_1\new\sd_example.v:]
WARNING: [filemgmt 56-199] Attempt to get parsing info during refresh. "On-the-fly" syntax checking information may be incorrect. [C:\Users\aam08331\Documents\GitHub\4280-Group12\SD_Example\External Sources\Verilog\sd_reader.v:]
WARNING: [filemgmt 56-199] Attempt to get parsing info during refresh. "On-the-fly" syntax checking information may be incorrect. [C:\Users\aam08331\Documents\GitHub\4280-Group12\SD_Example\External Sources\Verilog\sdcmd_ctrl.v:]
WARNING: [filemgmt 56-199] Attempt to get parsing info during refresh. "On-the-fly" syntax checking information may be incorrect. [C:\Users\aam08331\Documents\GitHub\4280-Group12\SD_Example\External Sources\Verilog\sd_file_reader.v:]
WARNING: [filemgmt 56-199] Attempt to get parsing info during refresh. "On-the-fly" syntax checking information may be incorrect. [C:\Users\aam08331\Documents\GitHub\4280-Group12\SD_Example\External Sources\Verilog\sd_file_reader.v:]
ERROR: [Common 17-180] Spawn failed: No error
WARNING: [filemgmt 56-199] Attempt to get parsing info during refresh. "On-the-fly" syntax checking information may be incorrect. [C:\Users\aam08331\Documents\GitHub\4280-Group12\SD_Example\External Sources\Verilog\sd_file_reader.v:]
WARNING: [filemgmt 56-199] Attempt to get parsing info during refresh. "On-the-fly" syntax checking information may be incorrect. [C:\Users\aam08331\Documents\GitHub\4280-Group12\SD_Example\External Sources\Verilog\fpga_top.v:]
WARNING: [filemgmt 56-199] Attempt to get parsing info during refresh. "On-the-fly" syntax checking information may be incorrect. [C:\Users\aam08331\Documents\GitHub\4280-Group12\SD_Example\SD_Example.srcs\sources_1\new\sd_example.v:]
WARNING: [filemgmt 56-199] Attempt to get parsing info during refresh. "On-the-fly" syntax checking information may be incorrect. [C:\Users\aam08331\Documents\GitHub\4280-Group12\SD_Example\External Sources\Verilog\sd_reader.v:]
WARNING: [filemgmt 56-199] Attempt to get parsing info during refresh. "On-the-fly" syntax checking information may be incorrect. [C:\Users\aam08331\Documents\GitHub\4280-Group12\SD_Example\External Sources\Verilog\sdcmd_ctrl.v:]
WARNING: [filemgmt 56-199] Attempt to get parsing info during refresh. "On-the-fly" syntax checking information may be incorrect. [C:\Users\aam08331\Documents\GitHub\4280-Group12\SD_Example\External Sources\Verilog\fpga_top.v:]
WARNING: [filemgmt 56-199] Attempt to get parsing info during refresh. "On-the-fly" syntax checking information may be incorrect. [C:\Users\aam08331\Documents\GitHub\4280-Group12\SD_Example\External Sources\Verilog\fpga_top.v:]
ERROR: [Common 17-180] Spawn failed: No error
set_property PROBES.FILE {} [get_hw_devices xc7a100t_0]
set_property FULL_PROBES.FILE {} [get_hw_devices xc7a100t_0]
set_property PROGRAM.FILE {C:/Users/aam08331/Documents/GitHub/4280-Group12/SD_Example/SD_Example.runs/impl_1/fpga_top.bit} [get_hw_devices xc7a100t_0]
program_hw_devices [get_hw_devices xc7a100t_0]
INFO: [Labtools 27-3164] End of startup status: HIGH
refresh_hw_device [lindex [get_hw_devices xc7a100t_0] 0]
INFO: [Labtools 27-1434] Device xc7a100t (JTAG device index = 0) is programmed with a design that has no supported debug core(s) in it.
WARNING: [filemgmt 56-199] Attempt to get parsing info during refresh. "On-the-fly" syntax checking information may be incorrect. [C:\Users\aam08331\Documents\GitHub\4280-Group12\SD_Example\External Sources\Verilog\sd_file_reader.v:]
WARNING: [filemgmt 56-199] Attempt to get parsing info during refresh. "On-the-fly" syntax checking information may be incorrect. [C:\Users\aam08331\Documents\GitHub\4280-Group12\SD_Example\External Sources\Verilog\fpga_top.v:]
WARNING: [filemgmt 56-199] Attempt to get parsing info during refresh. "On-the-fly" syntax checking information may be incorrect. [C:\Users\aam08331\Documents\GitHub\4280-Group12\SD_Example\SD_Example.srcs\sources_1\new\sd_example.v:]
WARNING: [filemgmt 56-199] Attempt to get parsing info during refresh. "On-the-fly" syntax checking information may be incorrect. [C:\Users\aam08331\Documents\GitHub\4280-Group12\SD_Example\External Sources\Verilog\sd_reader.v:]
WARNING: [filemgmt 56-199] Attempt to get parsing info during refresh. "On-the-fly" syntax checking information may be incorrect. [C:\Users\aam08331\Documents\GitHub\4280-Group12\SD_Example\External Sources\Verilog\sd_file_reader.v:]
WARNING: [filemgmt 56-199] Attempt to get parsing info during refresh. "On-the-fly" syntax checking information may be incorrect. [C:\Users\aam08331\Documents\GitHub\4280-Group12\SD_Example\External Sources\Verilog\sd_file_reader.v:]
WARNING: [filemgmt 56-199] Attempt to get parsing info during refresh. "On-the-fly" syntax checking information may be incorrect. [C:\Users\aam08331\Documents\GitHub\4280-Group12\SD_Example\External Sources\Verilog\sd_file_reader.v:]
WARNING: [filemgmt 56-199] Attempt to get parsing info during refresh. "On-the-fly" syntax checking information may be incorrect. [C:\Users\aam08331\Documents\GitHub\4280-Group12\SD_Example\External Sources\Verilog\fpga_top.v:]
WARNING: [filemgmt 56-199] Attempt to get parsing info during refresh. "On-the-fly" syntax checking information may be incorrect. [C:\Users\aam08331\Documents\GitHub\4280-Group12\SD_Example\SD_Example.srcs\sources_1\new\sd_example.v:]
WARNING: [filemgmt 56-199] Attempt to get parsing info during refresh. "On-the-fly" syntax checking information may be incorrect. [C:\Users\aam08331\Documents\GitHub\4280-Group12\SD_Example\External Sources\Verilog\sd_reader.v:]
WARNING: [filemgmt 56-199] Attempt to get parsing info during refresh. "On-the-fly" syntax checking information may be incorrect. [C:\Users\aam08331\Documents\GitHub\4280-Group12\SD_Example\SD_Example.srcs\sources_1\new\sd_example.v:]
WARNING: [filemgmt 56-199] Attempt to get parsing info during refresh. "On-the-fly" syntax checking information may be incorrect. [C:\Users\aam08331\Documents\GitHub\4280-Group12\SD_Example\SD_Example.srcs\sources_1\new\sd_example.v:]
ERROR: [Common 17-180] Spawn failed: No error
WARNING: [filemgmt 56-199] Attempt to get parsing info during refresh. "On-the-fly" syntax checking information may be incorrect. [C:\Users\aam08331\Documents\GitHub\4280-Group12\SD_Example\External Sources\Verilog\sd_file_reader.v:]
WARNING: [filemgmt 56-199] Attempt to get parsing info during refresh. "On-the-fly" syntax checking information may be incorrect. [C:\Users\aam08331\Documents\GitHub\4280-Group12\SD_Example\External Sources\Verilog\fpga_top.v:]
WARNING: [filemgmt 56-199] Attempt to get parsing info during refresh. "On-the-fly" syntax checking information may be incorrect. [C:\Users\aam08331\Documents\GitHub\4280-Group12\SD_Example\SD_Example.srcs\sources_1\new\sd_example.v:]
WARNING: [filemgmt 56-199] Attempt to get parsing info during refresh. "On-the-fly" syntax checking information may be incorrect. [C:\Users\aam08331\Documents\GitHub\4280-Group12\SD_Example\External Sources\Verilog\sd_reader.v:]
WARNING: [filemgmt 56-199] Attempt to get parsing info during refresh. "On-the-fly" syntax checking information may be incorrect. [C:\Users\aam08331\Documents\GitHub\4280-Group12\SD_Example\External Sources\Verilog\sd_reader.v:]
WARNING: [filemgmt 56-199] Attempt to get parsing info during refresh. "On-the-fly" syntax checking information may be incorrect. [C:\Users\aam08331\Documents\GitHub\4280-Group12\SD_Example\External Sources\Verilog\sd_reader.v:]
ERROR: [Common 17-180] Spawn failed: No error
reset_run synth_1
INFO: [Project 1-1161] Replacing file C:/Users/aam08331/Documents/GitHub/4280-Group12/SD_Example/SD_Example.srcs/utils_1/imports/synth_1/fpga_top.dcp with file C:/Users/aam08331/Documents/GitHub/4280-Group12/SD_Example/SD_Example.runs/synth_1/fpga_top.dcp
launch_runs impl_1 -to_step write_bitstream -jobs 24
[Thu May  1 17:35:30 2025] Launched synth_1...
Run output will be captured here: C:/Users/aam08331/Documents/GitHub/4280-Group12/SD_Example/SD_Example.runs/synth_1/runme.log
[Thu May  1 17:35:30 2025] Launched impl_1...
Run output will be captured here: C:/Users/aam08331/Documents/GitHub/4280-Group12/SD_Example/SD_Example.runs/impl_1/runme.log
WARNING: [filemgmt 56-199] Attempt to get parsing info during refresh. "On-the-fly" syntax checking information may be incorrect. [C:\Users\aam08331\Documents\GitHub\4280-Group12\SD_Example\External Sources\Verilog\sd_file_reader.v:]
WARNING: [filemgmt 56-199] Attempt to get parsing info during refresh. "On-the-fly" syntax checking information may be incorrect. [C:\Users\aam08331\Documents\GitHub\4280-Group12\SD_Example\External Sources\Verilog\fpga_top.v:]
WARNING: [filemgmt 56-199] Attempt to get parsing info during refresh. "On-the-fly" syntax checking information may be incorrect. [C:\Users\aam08331\Documents\GitHub\4280-Group12\SD_Example\SD_Example.srcs\sources_1\new\sd_example.v:]
WARNING: [filemgmt 56-199] Attempt to get parsing info during refresh. "On-the-fly" syntax checking information may be incorrect. [C:\Users\aam08331\Documents\GitHub\4280-Group12\SD_Example\External Sources\Verilog\sd_reader.v:]
WARNING: [filemgmt 56-199] Attempt to get parsing info during refresh. "On-the-fly" syntax checking information may be incorrect. [C:\Users\aam08331\Documents\GitHub\4280-Group12\SD_Example\External Sources\Verilog\sd_file_reader.v:]
WARNING: [filemgmt 56-199] Attempt to get parsing info during refresh. "On-the-fly" syntax checking information may be incorrect. [C:\Users\aam08331\Documents\GitHub\4280-Group12\SD_Example\External Sources\Verilog\sd_file_reader.v:]
WARNING: [filemgmt 56-199] Attempt to get parsing info during refresh. "On-the-fly" syntax checking information may be incorrect. [C:\Users\aam08331\Documents\GitHub\4280-Group12\SD_Example\External Sources\Verilog\sd_file_reader.v:]
WARNING: [filemgmt 56-199] Attempt to get parsing info during refresh. "On-the-fly" syntax checking information may be incorrect. [C:\Users\aam08331\Documents\GitHub\4280-Group12\SD_Example\External Sources\Verilog\fpga_top.v:]
WARNING: [filemgmt 56-199] Attempt to get parsing info during refresh. "On-the-fly" syntax checking information may be incorrect. [C:\Users\aam08331\Documents\GitHub\4280-Group12\SD_Example\SD_Example.srcs\sources_1\new\sd_example.v:]
WARNING: [filemgmt 56-199] Attempt to get parsing info during refresh. "On-the-fly" syntax checking information may be incorrect. [C:\Users\aam08331\Documents\GitHub\4280-Group12\SD_Example\External Sources\Verilog\sd_reader.v:]
WARNING: [filemgmt 56-199] Attempt to get parsing info during refresh. "On-the-fly" syntax checking information may be incorrect. [C:\Users\aam08331\Documents\GitHub\4280-Group12\SD_Example\External Sources\Verilog\fpga_top.v:]
WARNING: [filemgmt 56-199] Attempt to get parsing info during refresh. "On-the-fly" syntax checking information may be incorrect. [C:\Users\aam08331\Documents\GitHub\4280-Group12\SD_Example\External Sources\Verilog\fpga_top.v:]
ERROR: [Common 17-180] Spawn failed: No error
WARNING: [filemgmt 56-199] Attempt to get parsing info during refresh. "On-the-fly" syntax checking information may be incorrect. [C:\Users\aam08331\Documents\GitHub\4280-Group12\SD_Example\External Sources\Verilog\sd_file_reader.v:]
WARNING: [filemgmt 56-199] Attempt to get parsing info during refresh. "On-the-fly" syntax checking information may be incorrect. [C:\Users\aam08331\Documents\GitHub\4280-Group12\SD_Example\External Sources\Verilog\fpga_top.v:]
WARNING: [filemgmt 56-199] Attempt to get parsing info during refresh. "On-the-fly" syntax checking information may be incorrect. [C:\Users\aam08331\Documents\GitHub\4280-Group12\SD_Example\SD_Example.srcs\sources_1\new\sd_example.v:]
WARNING: [filemgmt 56-199] Attempt to get parsing info during refresh. "On-the-fly" syntax checking information may be incorrect. [C:\Users\aam08331\Documents\GitHub\4280-Group12\SD_Example\External Sources\Verilog\sd_reader.v:]
WARNING: [filemgmt 56-199] Attempt to get parsing info during refresh. "On-the-fly" syntax checking information may be incorrect. [C:\Users\aam08331\Documents\GitHub\4280-Group12\SD_Example\SD_Example.srcs\sources_1\new\sd_example.v:]
WARNING: [filemgmt 56-199] Attempt to get parsing info during refresh. "On-the-fly" syntax checking information may be incorrect. [C:\Users\aam08331\Documents\GitHub\4280-Group12\SD_Example\SD_Example.srcs\sources_1\new\sd_example.v:]
ERROR: [Common 17-180] Spawn failed: No error
set_property PROBES.FILE {} [get_hw_devices xc7a100t_0]
set_property FULL_PROBES.FILE {} [get_hw_devices xc7a100t_0]
set_property PROGRAM.FILE {C:/Users/aam08331/Documents/GitHub/4280-Group12/SD_Example/SD_Example.runs/impl_1/fpga_top.bit} [get_hw_devices xc7a100t_0]
program_hw_devices [get_hw_devices xc7a100t_0]
INFO: [Labtools 27-3164] End of startup status: HIGH
refresh_hw_device [lindex [get_hw_devices xc7a100t_0] 0]
INFO: [Labtools 27-1434] Device xc7a100t (JTAG device index = 0) is programmed with a design that has no supported debug core(s) in it.
WARNING: [filemgmt 56-199] Attempt to get parsing info during refresh. "On-the-fly" syntax checking information may be incorrect. [C:\Users\aam08331\Documents\GitHub\4280-Group12\SD_Example\External Sources\Verilog\sd_file_reader.v:]
WARNING: [filemgmt 56-199] Attempt to get parsing info during refresh. "On-the-fly" syntax checking information may be incorrect. [C:\Users\aam08331\Documents\GitHub\4280-Group12\SD_Example\External Sources\Verilog\fpga_top.v:]
WARNING: [filemgmt 56-199] Attempt to get parsing info during refresh. "On-the-fly" syntax checking information may be incorrect. [C:\Users\aam08331\Documents\GitHub\4280-Group12\SD_Example\SD_Example.srcs\sources_1\new\sd_example.v:]
WARNING: [filemgmt 56-199] Attempt to get parsing info during refresh. "On-the-fly" syntax checking information may be incorrect. [C:\Users\aam08331\Documents\GitHub\4280-Group12\SD_Example\External Sources\Verilog\sd_reader.v:]
WARNING: [filemgmt 56-199] Attempt to get parsing info during refresh. "On-the-fly" syntax checking information may be incorrect. [C:\Users\aam08331\Documents\GitHub\4280-Group12\SD_Example\External Sources\Verilog\sd_reader.v:]
WARNING: [filemgmt 56-199] Attempt to get parsing info during refresh. "On-the-fly" syntax checking information may be incorrect. [C:\Users\aam08331\Documents\GitHub\4280-Group12\SD_Example\External Sources\Verilog\sd_reader.v:]
WARNING: [filemgmt 56-199] Attempt to get parsing info during refresh. "On-the-fly" syntax checking information may be incorrect. [C:\Users\aam08331\Documents\GitHub\4280-Group12\SD_Example\External Sources\Verilog\sd_file_reader.v:]
WARNING: [filemgmt 56-199] Attempt to get parsing info during refresh. "On-the-fly" syntax checking information may be incorrect. [C:\Users\aam08331\Documents\GitHub\4280-Group12\SD_Example\External Sources\Verilog\fpga_top.v:]
WARNING: [filemgmt 56-199] Attempt to get parsing info during refresh. "On-the-fly" syntax checking information may be incorrect. [C:\Users\aam08331\Documents\GitHub\4280-Group12\SD_Example\SD_Example.srcs\sources_1\new\sd_example.v:]
WARNING: [filemgmt 56-199] Attempt to get parsing info during refresh. "On-the-fly" syntax checking information may be incorrect. [C:\Users\aam08331\Documents\GitHub\4280-Group12\SD_Example\External Sources\Verilog\sd_reader.v:]
WARNING: [filemgmt 56-199] Attempt to get parsing info during refresh. "On-the-fly" syntax checking information may be incorrect. [C:\Users\aam08331\Documents\GitHub\4280-Group12\SD_Example\External Sources\Verilog\sd_file_reader.v:]
WARNING: [filemgmt 56-199] Attempt to get parsing info during refresh. "On-the-fly" syntax checking information may be incorrect. [C:\Users\aam08331\Documents\GitHub\4280-Group12\SD_Example\External Sources\Verilog\sd_file_reader.v:]
WARNING: [filemgmt 56-199] Attempt to get parsing info during refresh. "On-the-fly" syntax checking information may be incorrect. [C:\Users\aam08331\Documents\GitHub\4280-Group12\SD_Example\External Sources\Verilog\sd_file_reader.v:]
WARNING: [filemgmt 56-199] Attempt to get parsing info during refresh. "On-the-fly" syntax checking information may be incorrect. [C:\Users\aam08331\Documents\GitHub\4280-Group12\SD_Example\External Sources\Verilog\fpga_top.v:]
WARNING: [filemgmt 56-199] Attempt to get parsing info during refresh. "On-the-fly" syntax checking information may be incorrect. [C:\Users\aam08331\Documents\GitHub\4280-Group12\SD_Example\SD_Example.srcs\sources_1\new\sd_example.v:]
WARNING: [filemgmt 56-199] Attempt to get parsing info during refresh. "On-the-fly" syntax checking information may be incorrect. [C:\Users\aam08331\Documents\GitHub\4280-Group12\SD_Example\External Sources\Verilog\sd_reader.v:]
WARNING: [filemgmt 56-199] Attempt to get parsing info during refresh. "On-the-fly" syntax checking information may be incorrect. [C:\Users\aam08331\Documents\GitHub\4280-Group12\SD_Example\SD_Example.srcs\sources_1\new\sd_example.v:]
WARNING: [filemgmt 56-199] Attempt to get parsing info during refresh. "On-the-fly" syntax checking information may be incorrect. [C:\Users\aam08331\Documents\GitHub\4280-Group12\SD_Example\SD_Example.srcs\sources_1\new\sd_example.v:]
ERROR: [Common 17-180] Spawn failed: No error
WARNING: [filemgmt 56-199] Attempt to get parsing info during refresh. "On-the-fly" syntax checking information may be incorrect. [C:\Users\aam08331\Documents\GitHub\4280-Group12\SD_Example\External Sources\Verilog\sd_file_reader.v:]
WARNING: [filemgmt 56-199] Attempt to get parsing info during refresh. "On-the-fly" syntax checking information may be incorrect. [C:\Users\aam08331\Documents\GitHub\4280-Group12\SD_Example\External Sources\Verilog\fpga_top.v:]
WARNING: [filemgmt 56-199] Attempt to get parsing info during refresh. "On-the-fly" syntax checking information may be incorrect. [C:\Users\aam08331\Documents\GitHub\4280-Group12\SD_Example\SD_Example.srcs\sources_1\new\sd_example.v:]
WARNING: [filemgmt 56-199] Attempt to get parsing info during refresh. "On-the-fly" syntax checking information may be incorrect. [C:\Users\aam08331\Documents\GitHub\4280-Group12\SD_Example\External Sources\Verilog\sd_reader.v:]
WARNING: [filemgmt 56-199] Attempt to get parsing info during refresh. "On-the-fly" syntax checking information may be incorrect. [C:\Users\aam08331\Documents\GitHub\4280-Group12\SD_Example\External Sources\Verilog\sd_file_reader.v:]
WARNING: [filemgmt 56-199] Attempt to get parsing info during refresh. "On-the-fly" syntax checking information may be incorrect. [C:\Users\aam08331\Documents\GitHub\4280-Group12\SD_Example\External Sources\Verilog\sd_file_reader.v:]
WARNING: [filemgmt 56-199] Attempt to get parsing info during refresh. "On-the-fly" syntax checking information may be incorrect. [C:\Users\aam08331\Documents\GitHub\4280-Group12\SD_Example\External Sources\Verilog\sd_file_reader.v:]
WARNING: [filemgmt 56-199] Attempt to get parsing info during refresh. "On-the-fly" syntax checking information may be incorrect. [C:\Users\aam08331\Documents\GitHub\4280-Group12\SD_Example\External Sources\Verilog\fpga_top.v:]
WARNING: [filemgmt 56-199] Attempt to get parsing info during refresh. "On-the-fly" syntax checking information may be incorrect. [C:\Users\aam08331\Documents\GitHub\4280-Group12\SD_Example\SD_Example.srcs\sources_1\new\sd_example.v:]
WARNING: [filemgmt 56-199] Attempt to get parsing info during refresh. "On-the-fly" syntax checking information may be incorrect. [C:\Users\aam08331\Documents\GitHub\4280-Group12\SD_Example\External Sources\Verilog\sd_reader.v:]
WARNING: [filemgmt 56-199] Attempt to get parsing info during refresh. "On-the-fly" syntax checking information may be incorrect. [C:\Users\aam08331\Documents\GitHub\4280-Group12\SD_Example\External Sources\Verilog\sd_reader.v:]
WARNING: [filemgmt 56-199] Attempt to get parsing info during refresh. "On-the-fly" syntax checking information may be incorrect. [C:\Users\aam08331\Documents\GitHub\4280-Group12\SD_Example\External Sources\Verilog\sd_reader.v:]
ERROR: [Common 17-180] Spawn failed: No error
WARNING: [filemgmt 56-199] Attempt to get parsing info during refresh. "On-the-fly" syntax checking information may be incorrect. [C:\Users\aam08331\Documents\GitHub\4280-Group12\SD_Example\External Sources\Verilog\sd_file_reader.v:]
WARNING: [filemgmt 56-199] Attempt to get parsing info during refresh. "On-the-fly" syntax checking information may be incorrect. [C:\Users\aam08331\Documents\GitHub\4280-Group12\SD_Example\External Sources\Verilog\fpga_top.v:]
WARNING: [filemgmt 56-199] Attempt to get parsing info during refresh. "On-the-fly" syntax checking information may be incorrect. [C:\Users\aam08331\Documents\GitHub\4280-Group12\SD_Example\SD_Example.srcs\sources_1\new\sd_example.v:]
WARNING: [filemgmt 56-199] Attempt to get parsing info during refresh. "On-the-fly" syntax checking information may be incorrect. [C:\Users\aam08331\Documents\GitHub\4280-Group12\SD_Example\External Sources\Verilog\sd_reader.v:]
WARNING: [filemgmt 56-199] Attempt to get parsing info during refresh. "On-the-fly" syntax checking information may be incorrect. [C:\Users\aam08331\Documents\GitHub\4280-Group12\SD_Example\SD_Example.srcs\sources_1\new\sd_example.v:]
WARNING: [filemgmt 56-199] Attempt to get parsing info during refresh. "On-the-fly" syntax checking information may be incorrect. [C:\Users\aam08331\Documents\GitHub\4280-Group12\SD_Example\SD_Example.srcs\sources_1\new\sd_example.v:]
ERROR: [Common 17-180] Spawn failed: No error
update_compile_order -fileset sources_1
WARNING: [filemgmt 56-199] Attempt to get parsing info during refresh. "On-the-fly" syntax checking information may be incorrect. [C:\Users\aam08331\Documents\GitHub\4280-Group12\SD_Example\External Sources\Verilog\sd_file_reader.v:]
WARNING: [filemgmt 56-199] Attempt to get parsing info during refresh. "On-the-fly" syntax checking information may be incorrect. [C:\Users\aam08331\Documents\GitHub\4280-Group12\SD_Example\External Sources\Verilog\fpga_top.v:]
WARNING: [filemgmt 56-199] Attempt to get parsing info during refresh. "On-the-fly" syntax checking information may be incorrect. [C:\Users\aam08331\Documents\GitHub\4280-Group12\SD_Example\SD_Example.srcs\sources_1\new\sd_example.v:]
WARNING: [filemgmt 56-199] Attempt to get parsing info during refresh. "On-the-fly" syntax checking information may be incorrect. [C:\Users\aam08331\Documents\GitHub\4280-Group12\SD_Example\External Sources\Verilog\sd_reader.v:]
WARNING: [filemgmt 56-199] Attempt to get parsing info during refresh. "On-the-fly" syntax checking information may be incorrect. [C:\Users\aam08331\Documents\GitHub\4280-Group12\SD_Example\External Sources\Verilog\sd_file_reader.v:]
WARNING: [filemgmt 56-199] Attempt to get parsing info during refresh. "On-the-fly" syntax checking information may be incorrect. [C:\Users\aam08331\Documents\GitHub\4280-Group12\SD_Example\External Sources\Verilog\sd_file_reader.v:]
WARNING: [filemgmt 56-199] Attempt to get parsing info during refresh. "On-the-fly" syntax checking information may be incorrect. [C:\Users\aam08331\Documents\GitHub\4280-Group12\SD_Example\External Sources\Verilog\sd_file_reader.v:]
WARNING: [filemgmt 56-199] Attempt to get parsing info during refresh. "On-the-fly" syntax checking information may be incorrect. [C:\Users\aam08331\Documents\GitHub\4280-Group12\SD_Example\External Sources\Verilog\fpga_top.v:]
WARNING: [filemgmt 56-199] Attempt to get parsing info during refresh. "On-the-fly" syntax checking information may be incorrect. [C:\Users\aam08331\Documents\GitHub\4280-Group12\SD_Example\SD_Example.srcs\sources_1\new\sd_example.v:]
WARNING: [filemgmt 56-199] Attempt to get parsing info during refresh. "On-the-fly" syntax checking information may be incorrect. [C:\Users\aam08331\Documents\GitHub\4280-Group12\SD_Example\External Sources\Verilog\sd_reader.v:]
WARNING: [filemgmt 56-199] Attempt to get parsing info during refresh. "On-the-fly" syntax checking information may be incorrect. [C:\Users\aam08331\Documents\GitHub\4280-Group12\SD_Example\External Sources\Verilog\fpga_top.v:]
WARNING: [filemgmt 56-199] Attempt to get parsing info during refresh. "On-the-fly" syntax checking information may be incorrect. [C:\Users\aam08331\Documents\GitHub\4280-Group12\SD_Example\External Sources\Verilog\fpga_top.v:]
ERROR: [Common 17-180] Spawn failed: No error
WARNING: [filemgmt 56-199] Attempt to get parsing info during refresh. "On-the-fly" syntax checking information may be incorrect. [C:\Users\aam08331\Documents\GitHub\4280-Group12\SD_Example\External Sources\Verilog\sd_file_reader.v:]
WARNING: [filemgmt 56-199] Attempt to get parsing info during refresh. "On-the-fly" syntax checking information may be incorrect. [C:\Users\aam08331\Documents\GitHub\4280-Group12\SD_Example\External Sources\Verilog\fpga_top.v:]
WARNING: [filemgmt 56-199] Attempt to get parsing info during refresh. "On-the-fly" syntax checking information may be incorrect. [C:\Users\aam08331\Documents\GitHub\4280-Group12\SD_Example\SD_Example.srcs\sources_1\new\sd_example.v:]
WARNING: [filemgmt 56-199] Attempt to get parsing info during refresh. "On-the-fly" syntax checking information may be incorrect. [C:\Users\aam08331\Documents\GitHub\4280-Group12\SD_Example\External Sources\Verilog\sd_reader.v:]
WARNING: [filemgmt 56-199] Attempt to get parsing info during refresh. "On-the-fly" syntax checking information may be incorrect. [C:\Users\aam08331\Documents\GitHub\4280-Group12\SD_Example\SD_Example.srcs\sources_1\new\sd_example.v:]
WARNING: [filemgmt 56-199] Attempt to get parsing info during refresh. "On-the-fly" syntax checking information may be incorrect. [C:\Users\aam08331\Documents\GitHub\4280-Group12\SD_Example\SD_Example.srcs\sources_1\new\sd_example.v:]
ERROR: [Common 17-180] Spawn failed: No error
WARNING: [filemgmt 56-199] Attempt to get parsing info during refresh. "On-the-fly" syntax checking information may be incorrect. [C:\Users\aam08331\Documents\GitHub\4280-Group12\SD_Example\External Sources\Verilog\sd_file_reader.v:]
WARNING: [filemgmt 56-199] Attempt to get parsing info during refresh. "On-the-fly" syntax checking information may be incorrect. [C:\Users\aam08331\Documents\GitHub\4280-Group12\SD_Example\External Sources\Verilog\fpga_top.v:]
WARNING: [filemgmt 56-199] Attempt to get parsing info during refresh. "On-the-fly" syntax checking information may be incorrect. [C:\Users\aam08331\Documents\GitHub\4280-Group12\SD_Example\SD_Example.srcs\sources_1\new\sd_example.v:]
WARNING: [filemgmt 56-199] Attempt to get parsing info during refresh. "On-the-fly" syntax checking information may be incorrect. [C:\Users\aam08331\Documents\GitHub\4280-Group12\SD_Example\External Sources\Verilog\sd_reader.v:]
WARNING: [filemgmt 56-199] Attempt to get parsing info during refresh. "On-the-fly" syntax checking information may be incorrect. [C:\Users\aam08331\Documents\GitHub\4280-Group12\SD_Example\External Sources\Verilog\sd_reader.v:]
WARNING: [filemgmt 56-199] Attempt to get parsing info during refresh. "On-the-fly" syntax checking information may be incorrect. [C:\Users\aam08331\Documents\GitHub\4280-Group12\SD_Example\External Sources\Verilog\sd_reader.v:]
ERROR: [Common 17-180] Spawn failed: No error
WARNING: [filemgmt 56-199] Attempt to get parsing info during refresh. "On-the-fly" syntax checking information may be incorrect. [C:\Users\aam08331\Documents\GitHub\4280-Group12\SD_Example\External Sources\Verilog\sd_file_reader.v:]
WARNING: [filemgmt 56-199] Attempt to get parsing info during refresh. "On-the-fly" syntax checking information may be incorrect. [C:\Users\aam08331\Documents\GitHub\4280-Group12\SD_Example\External Sources\Verilog\fpga_top.v:]
WARNING: [filemgmt 56-199] Attempt to get parsing info during refresh. "On-the-fly" syntax checking information may be incorrect. [C:\Users\aam08331\Documents\GitHub\4280-Group12\SD_Example\SD_Example.srcs\sources_1\new\sd_example.v:]
WARNING: [filemgmt 56-199] Attempt to get parsing info during refresh. "On-the-fly" syntax checking information may be incorrect. [C:\Users\aam08331\Documents\GitHub\4280-Group12\SD_Example\External Sources\Verilog\sd_reader.v:]
WARNING: [filemgmt 56-199] Attempt to get parsing info during refresh. "On-the-fly" syntax checking information may be incorrect. [C:\Users\aam08331\Documents\GitHub\4280-Group12\SD_Example\External Sources\Verilog\sd_file_reader.v:]
WARNING: [filemgmt 56-199] Attempt to get parsing info during refresh. "On-the-fly" syntax checking information may be incorrect. [C:\Users\aam08331\Documents\GitHub\4280-Group12\SD_Example\External Sources\Verilog\sd_file_reader.v:]
WARNING: [filemgmt 56-199] Attempt to get parsing info during refresh. "On-the-fly" syntax checking information may be incorrect. [C:\Users\aam08331\Documents\GitHub\4280-Group12\SD_Example\External Sources\Verilog\sd_file_reader.v:]
WARNING: [filemgmt 56-199] Attempt to get parsing info during refresh. "On-the-fly" syntax checking information may be incorrect. [C:\Users\aam08331\Documents\GitHub\4280-Group12\SD_Example\External Sources\Verilog\fpga_top.v:]
WARNING: [filemgmt 56-199] Attempt to get parsing info during refresh. "On-the-fly" syntax checking information may be incorrect. [C:\Users\aam08331\Documents\GitHub\4280-Group12\SD_Example\SD_Example.srcs\sources_1\new\sd_example.v:]
WARNING: [filemgmt 56-199] Attempt to get parsing info during refresh. "On-the-fly" syntax checking information may be incorrect. [C:\Users\aam08331\Documents\GitHub\4280-Group12\SD_Example\External Sources\Verilog\sd_reader.v:]
WARNING: [filemgmt 56-199] Attempt to get parsing info during refresh. "On-the-fly" syntax checking information may be incorrect. [C:\Users\aam08331\Documents\GitHub\4280-Group12\SD_Example\External Sources\Verilog\fpga_top.v:]
WARNING: [filemgmt 56-199] Attempt to get parsing info during refresh. "On-the-fly" syntax checking information may be incorrect. [C:\Users\aam08331\Documents\GitHub\4280-Group12\SD_Example\External Sources\Verilog\fpga_top.v:]
ERROR: [Common 17-180] Spawn failed: No error
WARNING: [filemgmt 56-199] Attempt to get parsing info during refresh. "On-the-fly" syntax checking information may be incorrect. [C:\Users\aam08331\Documents\GitHub\4280-Group12\SD_Example\External Sources\Verilog\sd_file_reader.v:]
WARNING: [filemgmt 56-199] Attempt to get parsing info during refresh. "On-the-fly" syntax checking information may be incorrect. [C:\Users\aam08331\Documents\GitHub\4280-Group12\SD_Example\External Sources\Verilog\fpga_top.v:]
WARNING: [filemgmt 56-199] Attempt to get parsing info during refresh. "On-the-fly" syntax checking information may be incorrect. [C:\Users\aam08331\Documents\GitHub\4280-Group12\SD_Example\SD_Example.srcs\sources_1\new\sd_example.v:]
WARNING: [filemgmt 56-199] Attempt to get parsing info during refresh. "On-the-fly" syntax checking information may be incorrect. [C:\Users\aam08331\Documents\GitHub\4280-Group12\SD_Example\External Sources\Verilog\sd_reader.v:]
WARNING: [filemgmt 56-199] Attempt to get parsing info during refresh. "On-the-fly" syntax checking information may be incorrect. [C:\Users\aam08331\Documents\GitHub\4280-Group12\SD_Example\SD_Example.srcs\sources_1\new\sd_example.v:]
WARNING: [filemgmt 56-199] Attempt to get parsing info during refresh. "On-the-fly" syntax checking information may be incorrect. [C:\Users\aam08331\Documents\GitHub\4280-Group12\SD_Example\SD_Example.srcs\sources_1\new\sd_example.v:]
ERROR: [Common 17-180] Spawn failed: No error
update_compile_order -fileset sources_1
WARNING: [filemgmt 56-199] Attempt to get parsing info during refresh. "On-the-fly" syntax checking information may be incorrect. [C:\Users\aam08331\Documents\GitHub\4280-Group12\SD_Example\External Sources\Verilog\sd_file_reader.v:]
WARNING: [filemgmt 56-199] Attempt to get parsing info during refresh. "On-the-fly" syntax checking information may be incorrect. [C:\Users\aam08331\Documents\GitHub\4280-Group12\SD_Example\External Sources\Verilog\fpga_top.v:]
WARNING: [filemgmt 56-199] Attempt to get parsing info during refresh. "On-the-fly" syntax checking information may be incorrect. [C:\Users\aam08331\Documents\GitHub\4280-Group12\SD_Example\SD_Example.srcs\sources_1\new\sd_example.v:]
WARNING: [filemgmt 56-199] Attempt to get parsing info during refresh. "On-the-fly" syntax checking information may be incorrect. [C:\Users\aam08331\Documents\GitHub\4280-Group12\SD_Example\External Sources\Verilog\sd_reader.v:]
WARNING: [filemgmt 56-199] Attempt to get parsing info during refresh. "On-the-fly" syntax checking information may be incorrect. [C:\Users\aam08331\Documents\GitHub\4280-Group12\SD_Example\External Sources\Verilog\sd_reader.v:]
WARNING: [filemgmt 56-199] Attempt to get parsing info during refresh. "On-the-fly" syntax checking information may be incorrect. [C:\Users\aam08331\Documents\GitHub\4280-Group12\SD_Example\External Sources\Verilog\sd_reader.v:]
WARNING: [filemgmt 56-199] Attempt to get parsing info during refresh. "On-the-fly" syntax checking information may be incorrect. [C:\Users\aam08331\Documents\GitHub\4280-Group12\SD_Example\External Sources\Verilog\sd_file_reader.v:]
WARNING: [filemgmt 56-199] Attempt to get parsing info during refresh. "On-the-fly" syntax checking information may be incorrect. [C:\Users\aam08331\Documents\GitHub\4280-Group12\SD_Example\External Sources\Verilog\fpga_top.v:]
WARNING: [filemgmt 56-199] Attempt to get parsing info during refresh. "On-the-fly" syntax checking information may be incorrect. [C:\Users\aam08331\Documents\GitHub\4280-Group12\SD_Example\SD_Example.srcs\sources_1\new\sd_example.v:]
WARNING: [filemgmt 56-199] Attempt to get parsing info during refresh. "On-the-fly" syntax checking information may be incorrect. [C:\Users\aam08331\Documents\GitHub\4280-Group12\SD_Example\External Sources\Verilog\sd_reader.v:]
WARNING: [filemgmt 56-199] Attempt to get parsing info during refresh. "On-the-fly" syntax checking information may be incorrect. [C:\Users\aam08331\Documents\GitHub\4280-Group12\SD_Example\External Sources\Verilog\fpga_top.v:]
WARNING: [filemgmt 56-199] Attempt to get parsing info during refresh. "On-the-fly" syntax checking information may be incorrect. [C:\Users\aam08331\Documents\GitHub\4280-Group12\SD_Example\External Sources\Verilog\fpga_top.v:]
ERROR: [Common 17-180] Spawn failed: No error
WARNING: [filemgmt 56-199] Attempt to get parsing info during refresh. "On-the-fly" syntax checking information may be incorrect. [C:\Users\aam08331\Documents\GitHub\4280-Group12\SD_Example\External Sources\Verilog\sd_file_reader.v:]
WARNING: [filemgmt 56-199] Attempt to get parsing info during refresh. "On-the-fly" syntax checking information may be incorrect. [C:\Users\aam08331\Documents\GitHub\4280-Group12\SD_Example\External Sources\Verilog\fpga_top.v:]
WARNING: [filemgmt 56-199] Attempt to get parsing info during refresh. "On-the-fly" syntax checking information may be incorrect. [C:\Users\aam08331\Documents\GitHub\4280-Group12\SD_Example\SD_Example.srcs\sources_1\new\sd_example.v:]
WARNING: [filemgmt 56-199] Attempt to get parsing info during refresh. "On-the-fly" syntax checking information may be incorrect. [C:\Users\aam08331\Documents\GitHub\4280-Group12\SD_Example\External Sources\Verilog\sd_reader.v:]
WARNING: [filemgmt 56-199] Attempt to get parsing info during refresh. "On-the-fly" syntax checking information may be incorrect. [C:\Users\aam08331\Documents\GitHub\4280-Group12\SD_Example\SD_Example.srcs\sources_1\new\sd_example.v:]
WARNING: [filemgmt 56-199] Attempt to get parsing info during refresh. "On-the-fly" syntax checking information may be incorrect. [C:\Users\aam08331\Documents\GitHub\4280-Group12\SD_Example\SD_Example.srcs\sources_1\new\sd_example.v:]
ERROR: [Common 17-180] Spawn failed: No error
WARNING: [filemgmt 56-199] Attempt to get parsing info during refresh. "On-the-fly" syntax checking information may be incorrect. [C:\Users\aam08331\Documents\GitHub\4280-Group12\SD_Example\External Sources\Verilog\sd_file_reader.v:]
WARNING: [filemgmt 56-199] Attempt to get parsing info during refresh. "On-the-fly" syntax checking information may be incorrect. [C:\Users\aam08331\Documents\GitHub\4280-Group12\SD_Example\External Sources\Verilog\fpga_top.v:]
WARNING: [filemgmt 56-199] Attempt to get parsing info during refresh. "On-the-fly" syntax checking information may be incorrect. [C:\Users\aam08331\Documents\GitHub\4280-Group12\SD_Example\SD_Example.srcs\sources_1\new\sd_example.v:]
WARNING: [filemgmt 56-199] Attempt to get parsing info during refresh. "On-the-fly" syntax checking information may be incorrect. [C:\Users\aam08331\Documents\GitHub\4280-Group12\SD_Example\External Sources\Verilog\sd_reader.v:]
WARNING: [filemgmt 56-199] Attempt to get parsing info during refresh. "On-the-fly" syntax checking information may be incorrect. [C:\Users\aam08331\Documents\GitHub\4280-Group12\SD_Example\External Sources\Verilog\sd_reader.v:]
WARNING: [filemgmt 56-199] Attempt to get parsing info during refresh. "On-the-fly" syntax checking information may be incorrect. [C:\Users\aam08331\Documents\GitHub\4280-Group12\SD_Example\External Sources\Verilog\sd_reader.v:]
WARNING: [filemgmt 56-199] Attempt to get parsing info during refresh. "On-the-fly" syntax checking information may be incorrect. [C:\Users\aam08331\Documents\GitHub\4280-Group12\SD_Example\External Sources\Verilog\sd_file_reader.v:]
WARNING: [filemgmt 56-199] Attempt to get parsing info during refresh. "On-the-fly" syntax checking information may be incorrect. [C:\Users\aam08331\Documents\GitHub\4280-Group12\SD_Example\External Sources\Verilog\fpga_top.v:]
WARNING: [filemgmt 56-199] Attempt to get parsing info during refresh. "On-the-fly" syntax checking information may be incorrect. [C:\Users\aam08331\Documents\GitHub\4280-Group12\SD_Example\SD_Example.srcs\sources_1\new\sd_example.v:]
WARNING: [filemgmt 56-199] Attempt to get parsing info during refresh. "On-the-fly" syntax checking information may be incorrect. [C:\Users\aam08331\Documents\GitHub\4280-Group12\SD_Example\External Sources\Verilog\sd_reader.v:]
WARNING: [filemgmt 56-199] Attempt to get parsing info during refresh. "On-the-fly" syntax checking information may be incorrect. [C:\Users\aam08331\Documents\GitHub\4280-Group12\SD_Example\External Sources\Verilog\sd_file_reader.v:]
WARNING: [filemgmt 56-199] Attempt to get parsing info during refresh. "On-the-fly" syntax checking information may be incorrect. [C:\Users\aam08331\Documents\GitHub\4280-Group12\SD_Example\External Sources\Verilog\sd_file_reader.v:]
WARNING: [filemgmt 56-199] Attempt to get parsing info during refresh. "On-the-fly" syntax checking information may be incorrect. [C:\Users\aam08331\Documents\GitHub\4280-Group12\SD_Example\External Sources\Verilog\sd_file_reader.v:]
WARNING: [filemgmt 56-199] Attempt to get parsing info during refresh. "On-the-fly" syntax checking information may be incorrect. [C:\Users\aam08331\Documents\GitHub\4280-Group12\SD_Example\External Sources\Verilog\fpga_top.v:]
WARNING: [filemgmt 56-199] Attempt to get parsing info during refresh. "On-the-fly" syntax checking information may be incorrect. [C:\Users\aam08331\Documents\GitHub\4280-Group12\SD_Example\SD_Example.srcs\sources_1\new\sd_example.v:]
WARNING: [filemgmt 56-199] Attempt to get parsing info during refresh. "On-the-fly" syntax checking information may be incorrect. [C:\Users\aam08331\Documents\GitHub\4280-Group12\SD_Example\External Sources\Verilog\sd_reader.v:]
WARNING: [filemgmt 56-199] Attempt to get parsing info during refresh. "On-the-fly" syntax checking information may be incorrect. [C:\Users\aam08331\Documents\GitHub\4280-Group12\SD_Example\SD_Example.srcs\sources_1\new\sd_example.v:]
WARNING: [filemgmt 56-199] Attempt to get parsing info during refresh. "On-the-fly" syntax checking information may be incorrect. [C:\Users\aam08331\Documents\GitHub\4280-Group12\SD_Example\SD_Example.srcs\sources_1\new\sd_example.v:]
ERROR: [Common 17-180] Spawn failed: No error
WARNING: [filemgmt 56-199] Attempt to get parsing info during refresh. "On-the-fly" syntax checking information may be incorrect. [C:\Users\aam08331\Documents\GitHub\4280-Group12\SD_Example\External Sources\Verilog\sd_file_reader.v:]
WARNING: [filemgmt 56-199] Attempt to get parsing info during refresh. "On-the-fly" syntax checking information may be incorrect. [C:\Users\aam08331\Documents\GitHub\4280-Group12\SD_Example\External Sources\Verilog\fpga_top.v:]
WARNING: [filemgmt 56-199] Attempt to get parsing info during refresh. "On-the-fly" syntax checking information may be incorrect. [C:\Users\aam08331\Documents\GitHub\4280-Group12\SD_Example\SD_Example.srcs\sources_1\new\sd_example.v:]
WARNING: [filemgmt 56-199] Attempt to get parsing info during refresh. "On-the-fly" syntax checking information may be incorrect. [C:\Users\aam08331\Documents\GitHub\4280-Group12\SD_Example\External Sources\Verilog\sd_reader.v:]
WARNING: [filemgmt 56-199] Attempt to get parsing info during refresh. "On-the-fly" syntax checking information may be incorrect. [C:\Users\aam08331\Documents\GitHub\4280-Group12\SD_Example\External Sources\Verilog\sd_file_reader.v:]
WARNING: [filemgmt 56-199] Attempt to get parsing info during refresh. "On-the-fly" syntax checking information may be incorrect. [C:\Users\aam08331\Documents\GitHub\4280-Group12\SD_Example\External Sources\Verilog\sd_file_reader.v:]
WARNING: [filemgmt 56-199] Attempt to get parsing info during refresh. "On-the-fly" syntax checking information may be incorrect. [C:\Users\aam08331\Documents\GitHub\4280-Group12\SD_Example\External Sources\Verilog\sd_file_reader.v:]
WARNING: [filemgmt 56-199] Attempt to get parsing info during refresh. "On-the-fly" syntax checking information may be incorrect. [C:\Users\aam08331\Documents\GitHub\4280-Group12\SD_Example\External Sources\Verilog\fpga_top.v:]
WARNING: [filemgmt 56-199] Attempt to get parsing info during refresh. "On-the-fly" syntax checking information may be incorrect. [C:\Users\aam08331\Documents\GitHub\4280-Group12\SD_Example\SD_Example.srcs\sources_1\new\sd_example.v:]
WARNING: [filemgmt 56-199] Attempt to get parsing info during refresh. "On-the-fly" syntax checking information may be incorrect. [C:\Users\aam08331\Documents\GitHub\4280-Group12\SD_Example\External Sources\Verilog\sd_reader.v:]
WARNING: [filemgmt 56-199] Attempt to get parsing info during refresh. "On-the-fly" syntax checking information may be incorrect. [C:\Users\aam08331\Documents\GitHub\4280-Group12\SD_Example\External Sources\Verilog\fpga_top.v:]
WARNING: [filemgmt 56-199] Attempt to get parsing info during refresh. "On-the-fly" syntax checking information may be incorrect. [C:\Users\aam08331\Documents\GitHub\4280-Group12\SD_Example\External Sources\Verilog\fpga_top.v:]
ERROR: [Common 17-180] Spawn failed: No error
WARNING: [filemgmt 56-199] Attempt to get parsing info during refresh. "On-the-fly" syntax checking information may be incorrect. [C:\Users\aam08331\Documents\GitHub\4280-Group12\SD_Example\External Sources\Verilog\sd_file_reader.v:]
WARNING: [filemgmt 56-199] Attempt to get parsing info during refresh. "On-the-fly" syntax checking information may be incorrect. [C:\Users\aam08331\Documents\GitHub\4280-Group12\SD_Example\External Sources\Verilog\fpga_top.v:]
WARNING: [filemgmt 56-199] Attempt to get parsing info during refresh. "On-the-fly" syntax checking information may be incorrect. [C:\Users\aam08331\Documents\GitHub\4280-Group12\SD_Example\SD_Example.srcs\sources_1\new\sd_example.v:]
WARNING: [filemgmt 56-199] Attempt to get parsing info during refresh. "On-the-fly" syntax checking information may be incorrect. [C:\Users\aam08331\Documents\GitHub\4280-Group12\SD_Example\External Sources\Verilog\sd_reader.v:]
WARNING: [filemgmt 56-199] Attempt to get parsing info during refresh. "On-the-fly" syntax checking information may be incorrect. [C:\Users\aam08331\Documents\GitHub\4280-Group12\SD_Example\SD_Example.srcs\sources_1\new\sd_example.v:]
WARNING: [filemgmt 56-199] Attempt to get parsing info during refresh. "On-the-fly" syntax checking information may be incorrect. [C:\Users\aam08331\Documents\GitHub\4280-Group12\SD_Example\SD_Example.srcs\sources_1\new\sd_example.v:]
ERROR: [Common 17-180] Spawn failed: No error
update_compile_order -fileset sources_1
WARNING: [filemgmt 56-199] Attempt to get parsing info during refresh. "On-the-fly" syntax checking information may be incorrect. [C:\Users\aam08331\Documents\GitHub\4280-Group12\SD_Example\External Sources\Verilog\sd_file_reader.v:]
WARNING: [filemgmt 56-199] Attempt to get parsing info during refresh. "On-the-fly" syntax checking information may be incorrect. [C:\Users\aam08331\Documents\GitHub\4280-Group12\SD_Example\External Sources\Verilog\fpga_top.v:]
WARNING: [filemgmt 56-199] Attempt to get parsing info during refresh. "On-the-fly" syntax checking information may be incorrect. [C:\Users\aam08331\Documents\GitHub\4280-Group12\SD_Example\SD_Example.srcs\sources_1\new\sd_example.v:]
WARNING: [filemgmt 56-199] Attempt to get parsing info during refresh. "On-the-fly" syntax checking information may be incorrect. [C:\Users\aam08331\Documents\GitHub\4280-Group12\SD_Example\External Sources\Verilog\sd_reader.v:]
WARNING: [filemgmt 56-199] Attempt to get parsing info during refresh. "On-the-fly" syntax checking information may be incorrect. [C:\Users\aam08331\Documents\GitHub\4280-Group12\SD_Example\External Sources\Verilog\sd_reader.v:]
WARNING: [filemgmt 56-199] Attempt to get parsing info during refresh. "On-the-fly" syntax checking information may be incorrect. [C:\Users\aam08331\Documents\GitHub\4280-Group12\SD_Example\External Sources\Verilog\sd_reader.v:]
WARNING: [filemgmt 56-199] Attempt to get parsing info during refresh. "On-the-fly" syntax checking information may be incorrect. [C:\Users\aam08331\Documents\GitHub\4280-Group12\SD_Example\External Sources\Verilog\sd_file_reader.v:]
WARNING: [filemgmt 56-199] Attempt to get parsing info during refresh. "On-the-fly" syntax checking information may be incorrect. [C:\Users\aam08331\Documents\GitHub\4280-Group12\SD_Example\External Sources\Verilog\fpga_top.v:]
WARNING: [filemgmt 56-199] Attempt to get parsing info during refresh. "On-the-fly" syntax checking information may be incorrect. [C:\Users\aam08331\Documents\GitHub\4280-Group12\SD_Example\SD_Example.srcs\sources_1\new\sd_example.v:]
WARNING: [filemgmt 56-199] Attempt to get parsing info during refresh. "On-the-fly" syntax checking information may be incorrect. [C:\Users\aam08331\Documents\GitHub\4280-Group12\SD_Example\External Sources\Verilog\sd_reader.v:]
WARNING: [filemgmt 56-199] Attempt to get parsing info during refresh. "On-the-fly" syntax checking information may be incorrect. [C:\Users\aam08331\Documents\GitHub\4280-Group12\SD_Example\External Sources\Verilog\fpga_top.v:]
WARNING: [filemgmt 56-199] Attempt to get parsing info during refresh. "On-the-fly" syntax checking information may be incorrect. [C:\Users\aam08331\Documents\GitHub\4280-Group12\SD_Example\External Sources\Verilog\fpga_top.v:]
ERROR: [Common 17-180] Spawn failed: No error
reset_run synth_1
INFO: [Project 1-1161] Replacing file C:/Users/aam08331/Documents/GitHub/4280-Group12/SD_Example/SD_Example.srcs/utils_1/imports/synth_1/fpga_top.dcp with file C:/Users/aam08331/Documents/GitHub/4280-Group12/SD_Example/SD_Example.runs/synth_1/fpga_top.dcp
launch_runs impl_1 -to_step write_bitstream -jobs 24
[Thu May  1 17:44:23 2025] Launched synth_1...
Run output will be captured here: C:/Users/aam08331/Documents/GitHub/4280-Group12/SD_Example/SD_Example.runs/synth_1/runme.log
[Thu May  1 17:44:23 2025] Launched impl_1...
Run output will be captured here: C:/Users/aam08331/Documents/GitHub/4280-Group12/SD_Example/SD_Example.runs/impl_1/runme.log
WARNING: [filemgmt 56-199] Attempt to get parsing info during refresh. "On-the-fly" syntax checking information may be incorrect. [C:\Users\aam08331\Documents\GitHub\4280-Group12\SD_Example\External Sources\Verilog\sd_file_reader.v:]
WARNING: [filemgmt 56-199] Attempt to get parsing info during refresh. "On-the-fly" syntax checking information may be incorrect. [C:\Users\aam08331\Documents\GitHub\4280-Group12\SD_Example\External Sources\Verilog\fpga_top.v:]
WARNING: [filemgmt 56-199] Attempt to get parsing info during refresh. "On-the-fly" syntax checking information may be incorrect. [C:\Users\aam08331\Documents\GitHub\4280-Group12\SD_Example\SD_Example.srcs\sources_1\new\sd_example.v:]
WARNING: [filemgmt 56-199] Attempt to get parsing info during refresh. "On-the-fly" syntax checking information may be incorrect. [C:\Users\aam08331\Documents\GitHub\4280-Group12\SD_Example\External Sources\Verilog\sd_reader.v:]
WARNING: [filemgmt 56-199] Attempt to get parsing info during refresh. "On-the-fly" syntax checking information may be incorrect. [C:\Users\aam08331\Documents\GitHub\4280-Group12\SD_Example\External Sources\Verilog\fpga_top.v:]
WARNING: [filemgmt 56-199] Attempt to get parsing info during refresh. "On-the-fly" syntax checking information may be incorrect. [C:\Users\aam08331\Documents\GitHub\4280-Group12\SD_Example\External Sources\Verilog\fpga_top.v:]
ERROR: [Common 17-180] Spawn failed: No error
set_property PROBES.FILE {} [get_hw_devices xc7a100t_0]
set_property FULL_PROBES.FILE {} [get_hw_devices xc7a100t_0]
set_property PROGRAM.FILE {C:/Users/aam08331/Documents/GitHub/4280-Group12/SD_Example/SD_Example.runs/impl_1/fpga_top.bit} [get_hw_devices xc7a100t_0]
program_hw_devices [get_hw_devices xc7a100t_0]
INFO: [Labtools 27-3164] End of startup status: HIGH
refresh_hw_device [lindex [get_hw_devices xc7a100t_0] 0]
INFO: [Labtools 27-1434] Device xc7a100t (JTAG device index = 0) is programmed with a design that has no supported debug core(s) in it.
WARNING: [filemgmt 56-199] Attempt to get parsing info during refresh. "On-the-fly" syntax checking information may be incorrect. [C:\Users\aam08331\Documents\GitHub\4280-Group12\SD_Example\External Sources\Verilog\sd_file_reader.v:]
WARNING: [filemgmt 56-199] Attempt to get parsing info during refresh. "On-the-fly" syntax checking information may be incorrect. [C:\Users\aam08331\Documents\GitHub\4280-Group12\SD_Example\External Sources\Verilog\fpga_top.v:]
WARNING: [filemgmt 56-199] Attempt to get parsing info during refresh. "On-the-fly" syntax checking information may be incorrect. [C:\Users\aam08331\Documents\GitHub\4280-Group12\SD_Example\SD_Example.srcs\sources_1\new\sd_example.v:]
WARNING: [filemgmt 56-199] Attempt to get parsing info during refresh. "On-the-fly" syntax checking information may be incorrect. [C:\Users\aam08331\Documents\GitHub\4280-Group12\SD_Example\External Sources\Verilog\sd_reader.v:]
WARNING: [filemgmt 56-199] Attempt to get parsing info during refresh. "On-the-fly" syntax checking information may be incorrect. [C:\Users\aam08331\Documents\GitHub\4280-Group12\SD_Example\External Sources\Verilog\sd_file_reader.v:]
WARNING: [filemgmt 56-199] Attempt to get parsing info during refresh. "On-the-fly" syntax checking information may be incorrect. [C:\Users\aam08331\Documents\GitHub\4280-Group12\SD_Example\External Sources\Verilog\sd_file_reader.v:]
WARNING: [filemgmt 56-199] Attempt to get parsing info during refresh. "On-the-fly" syntax checking information may be incorrect. [C:\Users\aam08331\Documents\GitHub\4280-Group12\SD_Example\External Sources\Verilog\sd_file_reader.v:]
WARNING: [filemgmt 56-199] Attempt to get parsing info during refresh. "On-the-fly" syntax checking information may be incorrect. [C:\Users\aam08331\Documents\GitHub\4280-Group12\SD_Example\External Sources\Verilog\fpga_top.v:]
WARNING: [filemgmt 56-199] Attempt to get parsing info during refresh. "On-the-fly" syntax checking information may be incorrect. [C:\Users\aam08331\Documents\GitHub\4280-Group12\SD_Example\SD_Example.srcs\sources_1\new\sd_example.v:]
WARNING: [filemgmt 56-199] Attempt to get parsing info during refresh. "On-the-fly" syntax checking information may be incorrect. [C:\Users\aam08331\Documents\GitHub\4280-Group12\SD_Example\External Sources\Verilog\sd_reader.v:]
WARNING: [filemgmt 56-199] Attempt to get parsing info during refresh. "On-the-fly" syntax checking information may be incorrect. [C:\Users\aam08331\Documents\GitHub\4280-Group12\SD_Example\External Sources\Verilog\fpga_top.v:]
WARNING: [filemgmt 56-199] Attempt to get parsing info during refresh. "On-the-fly" syntax checking information may be incorrect. [C:\Users\aam08331\Documents\GitHub\4280-Group12\SD_Example\External Sources\Verilog\fpga_top.v:]
ERROR: [Common 17-180] Spawn failed: No error
WARNING: [filemgmt 56-199] Attempt to get parsing info during refresh. "On-the-fly" syntax checking information may be incorrect. [C:\Users\aam08331\Documents\GitHub\4280-Group12\SD_Example\External Sources\Verilog\sd_file_reader.v:]
WARNING: [filemgmt 56-199] Attempt to get parsing info during refresh. "On-the-fly" syntax checking information may be incorrect. [C:\Users\aam08331\Documents\GitHub\4280-Group12\SD_Example\External Sources\Verilog\fpga_top.v:]
WARNING: [filemgmt 56-199] Attempt to get parsing info during refresh. "On-the-fly" syntax checking information may be incorrect. [C:\Users\aam08331\Documents\GitHub\4280-Group12\SD_Example\SD_Example.srcs\sources_1\new\sd_example.v:]
WARNING: [filemgmt 56-199] Attempt to get parsing info during refresh. "On-the-fly" syntax checking information may be incorrect. [C:\Users\aam08331\Documents\GitHub\4280-Group12\SD_Example\External Sources\Verilog\sd_reader.v:]
WARNING: [filemgmt 56-199] Attempt to get parsing info during refresh. "On-the-fly" syntax checking information may be incorrect. [C:\Users\aam08331\Documents\GitHub\4280-Group12\SD_Example\SD_Example.srcs\sources_1\new\sd_example.v:]
WARNING: [filemgmt 56-199] Attempt to get parsing info during refresh. "On-the-fly" syntax checking information may be incorrect. [C:\Users\aam08331\Documents\GitHub\4280-Group12\SD_Example\SD_Example.srcs\sources_1\new\sd_example.v:]
ERROR: [Common 17-180] Spawn failed: No error
