Copyright 1986-2022 Xilinx, Inc. All Rights Reserved. Copyright 2022-2024 Advanced Micro Devices, Inc. All Rights Reserved.
---------------------------------------------------------------------------------------------------------------------------------------------
| Tool Version : Vivado v.2024.2.1 (win64) Build 5266912 Sun Dec 15 09:03:24 MST 2024
| Date         : Thu May  1 17:45:45 2025
| Host         : engr-d1409-010 running 64-bit major release  (build 9200)
| Command      : report_control_sets -verbose -file fpga_top_control_sets_placed.rpt
| Design       : fpga_top
| Device       : xc7a100t
---------------------------------------------------------------------------------------------------------------------------------------------

Control Set Information

Table of Contents
-----------------
1. Summary
2. Histogram
3. Flip-Flop Distribution
4. Detailed Control Set Information

1. Summary
----------

+----------------------------------------------------------+-------+
|                          Status                          | Count |
+----------------------------------------------------------+-------+
| Total control sets                                       |    74 |
|    Minimum number of control sets                        |    74 |
|    Addition due to synthesis replication                 |     0 |
|    Addition due to physical synthesis replication        |     0 |
| Unused register locations in slices containing registers |    55 |
+----------------------------------------------------------+-------+
* Control sets can be merged at opt_design using control_set_merge or merge_equivalent_drivers
** Run report_qor_suggestions for automated merging and remapping suggestions


2. Histogram
------------

+--------------------+-------+
|       Fanout       | Count |
+--------------------+-------+
| Total control sets |    74 |
| >= 0 to < 4        |     1 |
| >= 4 to < 6        |     5 |
| >= 6 to < 8        |     9 |
| >= 8 to < 10       |    44 |
| >= 10 to < 12      |     0 |
| >= 12 to < 14      |     0 |
| >= 14 to < 16      |     0 |
| >= 16              |    15 |
+--------------------+-------+
* Control sets can be remapped at either synth_design or opt_design


3. Flip-Flop Distribution
-------------------------

+--------------+-----------------------+------------------------+-----------------+--------------+
| Clock Enable | Synchronous Set/Reset | Asynchronous Set/Reset | Total Registers | Total Slices |
+--------------+-----------------------+------------------------+-----------------+--------------+
| No           | No                    | No                     |               1 |            1 |
| No           | No                    | Yes                    |             247 |           86 |
| No           | Yes                   | No                     |               0 |            0 |
| Yes          | No                    | No                     |             195 |           74 |
| Yes          | No                    | Yes                    |             766 |          299 |
| Yes          | Yes                   | No                     |               0 |            0 |
+--------------+-----------------------+------------------------+-----------------+--------------+


4. Detailed Control Set Information
-----------------------------------

+-------------------------------+---------------------------------------------------------------------------+--------------------------------------------------+------------------+----------------+--------------+
|          Clock Signal         |                               Enable Signal                               |                 Set/Reset Signal                 | Slice Load Count | Bel Load Count | Bels / Slice |
+-------------------------------+---------------------------------------------------------------------------+--------------------------------------------------+------------------+----------------+--------------+
| ~u_sd_example/rgb_led_OBUF[1] |                                                                           |                                                  |                1 |              1 |         1.00 |
|  clk100mhz_IBUF_BUFG          | u_sd_file_reader/u_sd_reader/outaddr_reg[0]_1[0]                          |                                                  |                1 |              4 |         4.00 |
|  clk100mhz_IBUF_BUFG          | u_sd_file_reader/u_sd_reader/u_sdcmd_ctrl/FSM_onehot_sddat_stat_reg[4][0] | u_sd_file_reader/u_sd_reader/u_sdcmd_ctrl/resetn |                2 |              4 |         2.00 |
|  clk100mhz_IBUF_BUFG          | u_sd_file_reader/u_sd_reader/u_sdcmd_ctrl/FSM_onehot_sddat_stat_reg[0][0] | u_sd_file_reader/u_sd_reader/u_sdcmd_ctrl/resetn |                2 |              5 |         2.50 |
|  clk100mhz_IBUF_BUFG          | u_sd_file_reader/u_sd_reader/u_sdcmd_ctrl/ridx_reg[2][6]                  | u_sd_file_reader/u_sd_reader/u_sdcmd_ctrl/resetn |                5 |              5 |         1.00 |
|  clk100mhz_IBUF_BUFG          | u_sd_file_reader/u_sd_reader/u_sdcmd_ctrl/ridx_reg[2][3]                  | u_sd_file_reader/u_sd_reader/u_sdcmd_ctrl/resetn |                4 |              5 |         1.25 |
|  clk100mhz_IBUF_BUFG          | u_sd_file_reader/u_sd_reader/u_sdcmd_ctrl/cnt2[5]_i_1_n_0                 | u_sd_file_reader/u_sd_reader/u_sdcmd_ctrl/resetn |                2 |              6 |         3.00 |
|  clk100mhz_IBUF_BUFG          | u_sd_file_reader/u_sd_reader/u_sdcmd_ctrl/ridx_reg[2][4]                  | u_sd_file_reader/u_sd_reader/u_sdcmd_ctrl/resetn |                6 |              6 |         1.00 |
|  clk100mhz_IBUF_BUFG          | u_sd_file_reader/u_sd_reader/u_sdcmd_ctrl/ridx_reg[2][5]                  | u_sd_file_reader/u_sd_reader/u_sdcmd_ctrl/resetn |                6 |              6 |         1.00 |
|  clk100mhz_IBUF_BUFG          | u_sd_file_reader/u_sd_reader/u_sdcmd_ctrl/ridx_reg[2][7]                  | u_sd_file_reader/u_sd_reader/u_sdcmd_ctrl/resetn |                5 |              6 |         1.20 |
|  clk100mhz_IBUF_BUFG          | u_sd_file_reader/u_sd_reader/u_sdcmd_ctrl/ridx_reg[2][2]                  | u_sd_file_reader/u_sd_reader/u_sdcmd_ctrl/resetn |                6 |              6 |         1.00 |
|  clk100mhz_IBUF_BUFG          | u_sd_file_reader/u_sd_reader/outaddr_reg[4]_8[0]                          |                                                  |                2 |              7 |         3.50 |
|  clk100mhz_IBUF_BUFG          | u_sd_file_reader/u_sd_reader/u_sdcmd_ctrl/req_crc[6]_i_1_n_0              | u_sd_file_reader/u_sd_reader/u_sdcmd_ctrl/resetn |                1 |              7 |         7.00 |
|  clk100mhz_IBUF_BUFG          | u_sd_file_reader/u_sd_reader/u_sdcmd_ctrl/ridx_reg[2][1]                  | u_sd_file_reader/u_sd_reader/u_sdcmd_ctrl/resetn |                5 |              7 |         1.40 |
|  clk100mhz_IBUF_BUFG          | u_sd_file_reader/u_sd_reader/u_sdcmd_ctrl/ridx_reg[2][0]                  | u_sd_file_reader/u_sd_reader/u_sdcmd_ctrl/resetn |                7 |              7 |         1.00 |
|  clk100mhz_IBUF_BUFG          | u_sd_file_reader/u_sd_reader/filesystem_state_reg[1]_6[0]                 | u_sd_file_reader/u_sd_reader/u_sdcmd_ctrl/resetn |                3 |              8 |         2.67 |
|  clk100mhz_IBUF_BUFG          | u_sd_file_reader/u_sd_reader/filesystem_state_reg[1]_8[0]                 | u_sd_file_reader/u_sd_reader/u_sdcmd_ctrl/resetn |                4 |              8 |         2.00 |
|  clk100mhz_IBUF_BUFG          | u_sd_file_reader/u_sd_reader/filesystem_state_reg[1]_7[0]                 | u_sd_file_reader/u_sd_reader/u_sdcmd_ctrl/resetn |                2 |              8 |         4.00 |
|  clk100mhz_IBUF_BUFG          | u_sd_file_reader/u_sd_reader/outaddr_reg[6]_0[0]                          |                                                  |                2 |              8 |         4.00 |
|  clk100mhz_IBUF_BUFG          | u_sd_file_reader/u_sd_reader/outaddr_reg[4]_2[0]                          |                                                  |                2 |              8 |         4.00 |
|  clk100mhz_IBUF_BUFG          | u_sd_file_reader/u_sd_reader/outaddr_reg[4]_11[0]                         |                                                  |                4 |              8 |         2.00 |
|  clk100mhz_IBUF_BUFG          | u_sd_file_reader/u_sd_reader/outaddr_reg[4]_0[0]                          |                                                  |                7 |              8 |         1.14 |
|  clk100mhz_IBUF_BUFG          | u_sd_file_reader/u_sd_reader/outaddr_reg[4]_1[0]                          |                                                  |                2 |              8 |         4.00 |
|  clk100mhz_IBUF_BUFG          | u_sd_file_reader/u_sd_reader/outaddr_reg[2]_1[0]                          |                                                  |                2 |              8 |         4.00 |
|  clk100mhz_IBUF_BUFG          | u_sd_file_reader/u_sd_reader/outaddr_reg[3]_1[0]                          |                                                  |                2 |              8 |         4.00 |
|  clk100mhz_IBUF_BUFG          | u_sd_file_reader/u_sd_reader/outaddr_reg[4]_10[0]                         |                                                  |                2 |              8 |         4.00 |
|  clk100mhz_IBUF_BUFG          | u_sd_file_reader/u_sd_reader/outaddr_reg[4]_3[0]                          |                                                  |                5 |              8 |         1.60 |
|  clk100mhz_IBUF_BUFG          | u_sd_file_reader/u_sd_reader/outaddr_reg[4]_5[0]                          |                                                  |                4 |              8 |         2.00 |
|  clk100mhz_IBUF_BUFG          | u_sd_file_reader/u_sd_reader/outaddr_reg[0]_2[0]                          |                                                  |                4 |              8 |         2.00 |
|  clk100mhz_IBUF_BUFG          | u_sd_file_reader/u_sd_reader/outaddr_reg[0]_0[0]                          |                                                  |                2 |              8 |         4.00 |
|  clk100mhz_IBUF_BUFG          | u_sd_file_reader/u_sd_reader/outaddr_reg[3]_2[0]                          |                                                  |                3 |              8 |         2.67 |
|  clk100mhz_IBUF_BUFG          | u_sd_file_reader/u_sd_reader/outaddr_reg[4]_4[0]                          |                                                  |                4 |              8 |         2.00 |
|  clk100mhz_IBUF_BUFG          | u_sd_file_reader/u_sd_reader/outaddr_reg[4]_6[0]                          |                                                  |                4 |              8 |         2.00 |
|  clk100mhz_IBUF_BUFG          | u_sd_file_reader/u_sd_reader/outaddr_reg[4]_9[0]                          |                                                  |                3 |              8 |         2.67 |
|  clk100mhz_IBUF_BUFG          | u_sd_file_reader/u_sd_reader/outaddr_reg[6]_2[0]                          |                                                  |                1 |              8 |         8.00 |
|  clk100mhz_IBUF_BUFG          | u_sd_file_reader/u_sd_reader/outaddr_reg[6]_1[0]                          |                                                  |                2 |              8 |         4.00 |
|  clk100mhz_IBUF_BUFG          | u_sd_file_reader/u_sd_reader/outaddr_reg[6]_3[0]                          |                                                  |                3 |              8 |         2.67 |
|  clk100mhz_IBUF_BUFG          | u_sd_file_reader/u_sd_reader/outaddr_reg[2]_0[0]                          |                                                  |                1 |              8 |         8.00 |
|  clk100mhz_IBUF_BUFG          | u_sd_file_reader/u_sd_reader/u_sdcmd_ctrl/cnt3[7]_i_1_n_0                 | u_sd_file_reader/u_sd_reader/u_sdcmd_ctrl/resetn |                4 |              8 |         2.00 |
|  clk100mhz_IBUF_BUFG          | u_sd_file_reader/u_sd_reader/filesystem_state_reg[0]_0[0]                 | u_sd_file_reader/u_sd_reader/u_sdcmd_ctrl/resetn |                4 |              8 |         2.00 |
|  clk100mhz_IBUF_BUFG          | u_sd_file_reader/u_sd_reader/u_sdcmd_ctrl/cnt4[7]_i_1_n_0                 | u_sd_file_reader/u_sd_reader/u_sdcmd_ctrl/resetn |                3 |              8 |         2.67 |
|  clk100mhz_IBUF_BUFG          | u_sd_file_reader/u_sd_reader/outaddr_reg[6]_4[0]                          |                                                  |                5 |              8 |         1.60 |
|  clk100mhz_IBUF_BUFG          | u_sd_file_reader/u_sd_reader/filesystem_state_reg[1]_9[0]                 | u_sd_file_reader/u_sd_reader/u_sdcmd_ctrl/resetn |                2 |              8 |         4.00 |
|  clk100mhz_IBUF_BUFG          | u_sd_file_reader/u_sd_reader/filesystem_state_reg[1]_0[0]                 | u_sd_file_reader/u_sd_reader/u_sdcmd_ctrl/resetn |                3 |              8 |         2.67 |
|  clk100mhz_IBUF_BUFG          | u_sd_file_reader/u_sd_reader/filesystem_state_reg[1]_1[0]                 | u_sd_file_reader/u_sd_reader/u_sdcmd_ctrl/resetn |                2 |              8 |         4.00 |
|  clk100mhz_IBUF_BUFG          | u_sd_file_reader/u_sd_reader/filesystem_state_reg[1]_4[0]                 | u_sd_file_reader/u_sd_reader/u_sdcmd_ctrl/resetn |                3 |              8 |         2.67 |
|  clk100mhz_IBUF_BUFG          | u_sd_file_reader/u_sd_reader/filesystem_state_reg[1][0]                   | u_sd_file_reader/u_sd_reader/u_sdcmd_ctrl/resetn |                2 |              8 |         4.00 |
|  clk100mhz_IBUF_BUFG          | u_sd_file_reader/u_sd_reader/filesystem_state_reg[1]_5[0]                 | u_sd_file_reader/u_sd_reader/u_sdcmd_ctrl/resetn |                2 |              8 |         4.00 |
|  clk100mhz_IBUF_BUFG          | u_sd_file_reader/u_sd_reader/filesystem_state_reg[1]_2[0]                 | u_sd_file_reader/u_sd_reader/u_sdcmd_ctrl/resetn |                2 |              8 |         4.00 |
|  clk100mhz_IBUF_BUFG          | u_sd_file_reader/u_sd_reader/filesystem_state_reg[1]_3[0]                 | u_sd_file_reader/u_sd_reader/u_sdcmd_ctrl/resetn |                3 |              8 |         2.67 |
|  clk100mhz_IBUF_BUFG          | u_sd_file_reader/u_sd_reader/filesystem_state_reg[2]_1[0]                 | u_sd_file_reader/u_sd_reader/u_sdcmd_ctrl/resetn |                3 |              8 |         2.67 |
|  clk100mhz_IBUF_BUFG          | u_sd_file_reader/u_sd_reader/E[0]                                         |                                                  |                3 |              8 |         2.67 |
|  clk100mhz_IBUF_BUFG          | u_sd_file_reader/u_sd_reader/outen_reg_1[1]                               | u_sd_file_reader/u_sd_reader/u_sdcmd_ctrl/resetn |                3 |              8 |         2.67 |
|  clk100mhz_IBUF_BUFG          | u_sd_file_reader/u_sd_reader/filesystem_reg[1]_0[0]                       | u_sd_file_reader/u_sd_reader/u_sdcmd_ctrl/resetn |                4 |              8 |         2.00 |
|  clk100mhz_IBUF_BUFG          | u_sd_file_reader/u_sd_reader/filesystem_reg[1]_0[2]                       | u_sd_file_reader/u_sd_reader/u_sdcmd_ctrl/resetn |                3 |              8 |         2.67 |
|  clk100mhz_IBUF_BUFG          | u_sd_file_reader/u_sd_reader/filesystem_reg[1]_0[3]                       | u_sd_file_reader/u_sd_reader/u_sdcmd_ctrl/resetn |                2 |              8 |         4.00 |
|  clk100mhz_IBUF_BUFG          | u_sd_file_reader/u_sd_reader/filesystem_reg[1]_0[1]                       | u_sd_file_reader/u_sd_reader/u_sdcmd_ctrl/resetn |                6 |              8 |         1.33 |
|  clk100mhz_IBUF_BUFG          | u_sd_file_reader/u_sd_reader/outen_reg_0[0]                               |                                                  |                4 |              8 |         2.00 |
|  clk100mhz_IBUF_BUFG          | u_sd_file_reader/u_sd_reader/outen_reg_1[0]                               | u_sd_file_reader/u_sd_reader/u_sdcmd_ctrl/resetn |                4 |              8 |         2.00 |
|  clk100mhz_IBUF_BUFG          | u_sd_file_reader/u_sd_reader/u_sdcmd_ctrl/cnt1[0]_i_1_n_0                 | u_sd_file_reader/u_sd_reader/u_sdcmd_ctrl/resetn |                4 |             16 |         4.00 |
|  clk100mhz_IBUF_BUFG          | u_sd_file_reader/u_sd_reader/u_sdcmd_ctrl/syntaxe_reg_0[0]                | u_sd_file_reader/u_sd_reader/u_sdcmd_ctrl/resetn |                4 |             16 |         4.00 |
|  clk100mhz_IBUF_BUFG          | u_sd_file_reader/E[0]                                                     | u_sd_file_reader/u_sd_reader/u_sdcmd_ctrl/resetn |                5 |             16 |         3.20 |
|  clk100mhz_IBUF_BUFG          | u_sd_file_reader/u_sd_reader/u_sdcmd_ctrl/sdcmd_stat_reg[3]               | u_sd_file_reader/u_sd_reader/u_sdcmd_ctrl/resetn |               12 |             32 |         2.67 |
|  clk100mhz_IBUF_BUFG          | u_sd_file_reader/u_sd_reader/FSM_onehot_sddat_stat_reg[3]_2[0]            | u_sd_file_reader/u_sd_reader/u_sdcmd_ctrl/resetn |               17 |             32 |         1.88 |
|  clk100mhz_IBUF_BUFG          | u_sd_file_reader/u_sd_reader/u_sdcmd_ctrl/E[0]                            | u_sd_file_reader/u_sd_reader/u_sdcmd_ctrl/resetn |                9 |             32 |         3.56 |
|  clk100mhz_IBUF_BUFG          | u_sd_file_reader/u_sd_reader/fptr0                                        | u_sd_file_reader/u_sd_reader/u_sdcmd_ctrl/resetn |                8 |             32 |         4.00 |
|  clk100mhz_IBUF_BUFG          | u_sd_file_reader/u_sd_reader/FSM_onehot_sddat_stat_reg[3]_3[0]            | u_sd_file_reader/u_sd_reader/u_sdcmd_ctrl/resetn |               30 |             32 |         1.07 |
|  clk100mhz_IBUF_BUFG          | u_sd_file_reader/u_sd_reader/u_sdcmd_ctrl/p_18_in                         | u_sd_file_reader/u_sd_reader/u_sdcmd_ctrl/resetn |                9 |             38 |         4.22 |
|  clk100mhz_IBUF_BUFG          | u_sd_file_reader/u_sd_reader/u_sdcmd_ctrl/resp_arg                        | u_sd_file_reader/u_sd_reader/u_sdcmd_ctrl/resetn |               10 |             39 |         3.90 |
|  clk100mhz_IBUF_BUFG          | u_sd_file_reader/u_sd_reader/FSM_onehot_sddat_stat_reg[3]_0[0]            | u_sd_file_reader/u_sd_reader/u_sdcmd_ctrl/resetn |               12 |             44 |         3.67 |
|  clk100mhz_IBUF_BUFG          | u_sd_file_reader/file_found0                                              | u_sd_file_reader/u_sd_reader/u_sdcmd_ctrl/resetn |                9 |             50 |         5.56 |
|  clk100mhz_IBUF_BUFG          | u_sd_file_reader/u_sd_reader/fready154_out                                | u_sd_file_reader/u_sd_reader/u_sdcmd_ctrl/resetn |               30 |             64 |         2.13 |
|  clk100mhz_IBUF_BUFG          | u_sd_file_reader/u_sd_reader/FSM_onehot_sddat_stat_reg[3]_1[0]            | u_sd_file_reader/u_sd_reader/u_sdcmd_ctrl/resetn |               25 |             85 |         3.40 |
|  clk100mhz_IBUF_BUFG          |                                                                           | u_sd_file_reader/u_sd_reader/u_sdcmd_ctrl/resetn |               86 |            247 |         2.87 |
+-------------------------------+---------------------------------------------------------------------------+--------------------------------------------------+------------------+----------------+--------------+


