#-----------------------------------------------------------
# Vivado v2024.2 (64-bit)
# SW Build 5239630 on Fri Nov 08 22:35:27 MST 2024
# IP Build 5239520 on Sun Nov 10 16:12:51 MST 2024
# SharedData Build 5239561 on Fri Nov 08 14:39:27 MST 2024
# Start of session at: Wed Apr  9 18:33:52 2025
# Process ID         : 5076
# Current directory  : C:/Users/Amr/Downloads/mig_example-master/mig_example-master
# Command line       : vivado.exe -gui_launcher_event rodinguilauncherevent15056 C:\Users\Amr\Downloads\mig_example-master\mig_example-master\mig_example.xpr
# Log file           : C:/Users/Amr/Downloads/mig_example-master/mig_example-master/vivado.log
# Journal file       : C:/Users/Amr/Downloads/mig_example-master/mig_example-master\vivado.jou
# Running On         : DESKTOP-O22QL9I
# Platform           : Windows Server 2016 or Windows 10
# Operating System   : 26100
# Processor Detail   : 11th Gen Intel(R) Core(TM) i7-1165G7 @ 2.80GHz
# CPU Frequency      : 2803 MHz
# CPU Physical cores : 4
# CPU Logical cores  : 8
# Host memory        : 34081 MB
# Swap memory        : 2147 MB
# Total Virtual      : 36229 MB
# Available Virtual  : 24462 MB
#-----------------------------------------------------------
start_gui
open_project C:/Users/Amr/Downloads/mig_example-master/mig_example-master/mig_example.xpr
Scanning sources...
Finished scanning sources
INFO: [IP_Flow 19-234] Refreshing IP repositories
INFO: [IP_Flow 19-1704] No user IP repositories specified
INFO: [IP_Flow 19-2313] Loaded Vivado IP repository 'C:/Xilinx/Vivado/2024.2/data/ip'.
open_project: Time (s): cpu = 00:00:21 ; elapsed = 00:00:11 . Memory (MB): peak = 1227.750 ; gain = 151.301
update_compile_order -fileset sources_1
exit
INFO: [Common 17-206] Exiting Vivado at Wed Apr  9 18:34:48 2025...
