Copyright 1986-2022 Xilinx, Inc. All Rights Reserved. Copyright 2022-2024 Advanced Micro Devices, Inc. All Rights Reserved.
---------------------------------------------------------------------------------------------------------------------------------------------
| Tool Version : Vivado v.2024.2 (win64) Build 5239630 Fri Nov 08 22:35:27 MST 2024
| Date         : Fri Mar 21 15:54:55 2025
| Host         : DESKTOP-O22QL9I running 64-bit major release  (build 9200)
| Command      : upgrade_ip
| Device       : xc7a100tcsg324-1
---------------------------------------------------------------------------------------------------------------------------------------------

Upgrade Log for IP 'pll'

1. Summary
----------

SUCCESS in the upgrade of pll (xilinx.com:ip:clk_wiz:6.0) from (Rev. 2) to (Rev. 15)






Copyright 1986-2022 Xilinx, Inc. All Rights Reserved. Copyright 2022-2024 Advanced Micro Devices, Inc. All Rights Reserved.
---------------------------------------------------------------------------------------------------------------------------------------------
| Tool Version : Vivado v.2024.2 (win64) Build 5239630 Fri Nov 08 22:35:27 MST 2024
| Date         : Fri Mar 21 15:54:53 2025
| Host         : DESKTOP-O22QL9I running 64-bit major release  (build 9200)
| Command      : upgrade_ip
| Device       : xc7a100tcsg324-1
---------------------------------------------------------------------------------------------------------------------------------------------

Upgrade Log for IP 'mig'

1. Summary
----------

SUCCESS in the upgrade of mig (xilinx.com:ip:mig_7series:4.2) to (Rev. 1)

