
*** Running vivado
    with args -log fpga_top.vds -m64 -product Vivado -mode batch -messageDb vivado.pb -notrace -source fpga_top.tcl



****** Vivado v2024.2.1 (64-bit)
  **** SW Build 5266912 on Sun Dec 15 09:03:24 MST 2024
  **** IP Build 5264866 on Sun Dec 15 16:27:47 MST 2024
  **** SharedData Build 5264680 on Wed Dec 11 12:48:36 MST 2024
  **** Start of session at: Thu May  1 17:52:19 2025
    ** Copyright 1986-2022 Xilinx, Inc. All Rights Reserved.
    ** Copyright 2022-2024 Advanced Micro Devices, Inc. All Rights Reserved.

Sourcing tcl script 'C:/Users/aam08331/AppData/Roaming/Xilinx/Vivado/Vivado_init.tcl'
source fpga_top.tcl -notrace
WARNING: [Board 49-91] Board repository path 'C:ivado-boards-master
ewoard_files' does not exist, it will not be used to search board files.
Command: read_checkpoint -auto_incremental -incremental C:/Users/aam08331/Documents/GitHub/4280-Group12/SD_Example/SD_Example.srcs/utils_1/imports/synth_1/fpga_top.dcp
INFO: [Vivado 12-5825] Read reference checkpoint from C:/Users/aam08331/Documents/GitHub/4280-Group12/SD_Example/SD_Example.srcs/utils_1/imports/synth_1/fpga_top.dcp for incremental synthesis
INFO: [Vivado 12-7989] Please ensure there are no constraint changes
Command: synth_design -top fpga_top -part xc7a100tcsg324-1
Starting synth_design
Attempting to get a license for feature 'Synthesis' and/or device 'xc7a100t'
INFO: [Common 17-349] Got license for feature 'Synthesis' and/or device 'xc7a100t'
INFO: [Device 21-403] Loading part xc7a100tcsg324-1
INFO: [Designutils 20-5440] No compile time benefit to using incremental synthesis; A full resynthesis will be run
INFO: [Designutils 20-4379] Flow is switching to default flow due to incremental criteria not met. If you would like to alter this behaviour and have the flow terminate instead, please set the following parameter config_implementation {autoIncr.Synth.RejectBehavior Terminate}
INFO: [Synth 8-7079] Multithreading enabled for synth_design using a maximum of 2 processes.
INFO: [Synth 8-7078] Launching helper process for spawning children vivado processes
INFO: [Synth 8-7075] Helper process launched with PID 24212
---------------------------------------------------------------------------------
Starting RTL Elaboration : Time (s): cpu = 00:00:04 ; elapsed = 00:00:04 . Memory (MB): peak = 1083.555 ; gain = 470.508
---------------------------------------------------------------------------------
INFO: [Synth 8-6157] synthesizing module 'fpga_top' [C:/Users/aam08331/Documents/GitHub/4280-Group12/SD_Example/External Sources/Verilog/fpga_top.v:11]
INFO: [Synth 8-6157] synthesizing module 'sd_file_reader' [C:/Users/aam08331/Documents/GitHub/4280-Group12/SD_Example/External Sources/Verilog/sd_file_reader.v:12]
	Parameter FILE_NAME_LEN bound to: 10 - type: integer 
	Parameter FILE_NAME bound to: wxwxwx.txt - type: string 
	Parameter CLK_DIV bound to: 3'b011 
INFO: [Synth 8-155] case statement is not full and has no default [C:/Users/aam08331/Documents/GitHub/4280-Group12/SD_Example/External Sources/Verilog/sd_file_reader.v:204]
INFO: [Synth 8-155] case statement is not full and has no default [C:/Users/aam08331/Documents/GitHub/4280-Group12/SD_Example/External Sources/Verilog/sd_file_reader.v:308]
INFO: [Synth 8-6157] synthesizing module 'sd_reader' [C:/Users/aam08331/Documents/GitHub/4280-Group12/SD_Example/External Sources/Verilog/sd_reader.v:10]
	Parameter CLK_DIV bound to: 3'b011 
	Parameter SIMULATE bound to: 0 - type: integer 
INFO: [Synth 8-6157] synthesizing module 'sdcmd_ctrl' [C:/Users/aam08331/Documents/GitHub/4280-Group12/SD_Example/External Sources/Verilog/sdcmd_ctrl.v:10]
INFO: [Synth 8-6155] done synthesizing module 'sdcmd_ctrl' (0#1) [C:/Users/aam08331/Documents/GitHub/4280-Group12/SD_Example/External Sources/Verilog/sdcmd_ctrl.v:10]
INFO: [Synth 8-155] case statement is not full and has no default [C:/Users/aam08331/Documents/GitHub/4280-Group12/SD_Example/External Sources/Verilog/sd_reader.v:154]
INFO: [Synth 8-155] case statement is not full and has no default [C:/Users/aam08331/Documents/GitHub/4280-Group12/SD_Example/External Sources/Verilog/sd_reader.v:227]
INFO: [Synth 8-6155] done synthesizing module 'sd_reader' (0#1) [C:/Users/aam08331/Documents/GitHub/4280-Group12/SD_Example/External Sources/Verilog/sd_reader.v:10]
INFO: [Synth 8-155] case statement is not full and has no default [C:/Users/aam08331/Documents/GitHub/4280-Group12/SD_Example/External Sources/Verilog/sd_file_reader.v:431]
INFO: [Synth 8-6155] done synthesizing module 'sd_file_reader' (0#1) [C:/Users/aam08331/Documents/GitHub/4280-Group12/SD_Example/External Sources/Verilog/sd_file_reader.v:12]
WARNING: [Synth 8-7071] port 'card_stat' of module 'sd_file_reader' is unconnected for instance 'u_sd_file_reader' [C:/Users/aam08331/Documents/GitHub/4280-Group12/SD_Example/External Sources/Verilog/fpga_top.v:61]
WARNING: [Synth 8-7071] port 'card_type' of module 'sd_file_reader' is unconnected for instance 'u_sd_file_reader' [C:/Users/aam08331/Documents/GitHub/4280-Group12/SD_Example/External Sources/Verilog/fpga_top.v:61]
WARNING: [Synth 8-7071] port 'filesystem_type' of module 'sd_file_reader' is unconnected for instance 'u_sd_file_reader' [C:/Users/aam08331/Documents/GitHub/4280-Group12/SD_Example/External Sources/Verilog/fpga_top.v:61]
WARNING: [Synth 8-7023] instance 'u_sd_file_reader' of module 'sd_file_reader' has 12 connections declared, but only 9 given [C:/Users/aam08331/Documents/GitHub/4280-Group12/SD_Example/External Sources/Verilog/fpga_top.v:61]
INFO: [Synth 8-6157] synthesizing module 'sd_example' [C:/Users/aam08331/Documents/GitHub/4280-Group12/SD_Example/SD_Example.srcs/sources_1/new/sd_example.v:23]
INFO: [Synth 8-226] default block is never used [C:/Users/aam08331/Documents/GitHub/4280-Group12/SD_Example/SD_Example.srcs/sources_1/new/sd_example.v:77]
INFO: [Synth 8-6155] done synthesizing module 'sd_example' (0#1) [C:/Users/aam08331/Documents/GitHub/4280-Group12/SD_Example/SD_Example.srcs/sources_1/new/sd_example.v:23]
INFO: [Synth 8-6155] done synthesizing module 'fpga_top' (0#1) [C:/Users/aam08331/Documents/GitHub/4280-Group12/SD_Example/External Sources/Verilog/fpga_top.v:11]
WARNING: [Synth 8-6014] Unused sequential element sector_content_reg[1] was removed.  [C:/Users/aam08331/Documents/GitHub/4280-Group12/SD_Example/External Sources/Verilog/sd_file_reader.v:140]
WARNING: [Synth 8-6014] Unused sequential element sector_content_reg[2] was removed.  [C:/Users/aam08331/Documents/GitHub/4280-Group12/SD_Example/External Sources/Verilog/sd_file_reader.v:140]
WARNING: [Synth 8-6014] Unused sequential element sector_content_reg[3] was removed.  [C:/Users/aam08331/Documents/GitHub/4280-Group12/SD_Example/External Sources/Verilog/sd_file_reader.v:140]
WARNING: [Synth 8-6014] Unused sequential element sector_content_reg[4] was removed.  [C:/Users/aam08331/Documents/GitHub/4280-Group12/SD_Example/External Sources/Verilog/sd_file_reader.v:140]
WARNING: [Synth 8-6014] Unused sequential element sector_content_reg[5] was removed.  [C:/Users/aam08331/Documents/GitHub/4280-Group12/SD_Example/External Sources/Verilog/sd_file_reader.v:140]
WARNING: [Synth 8-6014] Unused sequential element sector_content_reg[6] was removed.  [C:/Users/aam08331/Documents/GitHub/4280-Group12/SD_Example/External Sources/Verilog/sd_file_reader.v:140]
WARNING: [Synth 8-6014] Unused sequential element sector_content_reg[7] was removed.  [C:/Users/aam08331/Documents/GitHub/4280-Group12/SD_Example/External Sources/Verilog/sd_file_reader.v:140]
WARNING: [Synth 8-6014] Unused sequential element sector_content_reg[8] was removed.  [C:/Users/aam08331/Documents/GitHub/4280-Group12/SD_Example/External Sources/Verilog/sd_file_reader.v:140]
WARNING: [Synth 8-6014] Unused sequential element sector_content_reg[9] was removed.  [C:/Users/aam08331/Documents/GitHub/4280-Group12/SD_Example/External Sources/Verilog/sd_file_reader.v:140]
WARNING: [Synth 8-6014] Unused sequential element sector_content_reg[10] was removed.  [C:/Users/aam08331/Documents/GitHub/4280-Group12/SD_Example/External Sources/Verilog/sd_file_reader.v:140]
WARNING: [Synth 8-6014] Unused sequential element sector_content_reg[19] was removed.  [C:/Users/aam08331/Documents/GitHub/4280-Group12/SD_Example/External Sources/Verilog/sd_file_reader.v:140]
WARNING: [Synth 8-6014] Unused sequential element sector_content_reg[20] was removed.  [C:/Users/aam08331/Documents/GitHub/4280-Group12/SD_Example/External Sources/Verilog/sd_file_reader.v:140]
WARNING: [Synth 8-6014] Unused sequential element sector_content_reg[21] was removed.  [C:/Users/aam08331/Documents/GitHub/4280-Group12/SD_Example/External Sources/Verilog/sd_file_reader.v:140]
WARNING: [Synth 8-6014] Unused sequential element sector_content_reg[24] was removed.  [C:/Users/aam08331/Documents/GitHub/4280-Group12/SD_Example/External Sources/Verilog/sd_file_reader.v:140]
WARNING: [Synth 8-6014] Unused sequential element sector_content_reg[25] was removed.  [C:/Users/aam08331/Documents/GitHub/4280-Group12/SD_Example/External Sources/Verilog/sd_file_reader.v:140]
WARNING: [Synth 8-6014] Unused sequential element sector_content_reg[26] was removed.  [C:/Users/aam08331/Documents/GitHub/4280-Group12/SD_Example/External Sources/Verilog/sd_file_reader.v:140]
WARNING: [Synth 8-6014] Unused sequential element sector_content_reg[27] was removed.  [C:/Users/aam08331/Documents/GitHub/4280-Group12/SD_Example/External Sources/Verilog/sd_file_reader.v:140]
WARNING: [Synth 8-6014] Unused sequential element sector_content_reg[28] was removed.  [C:/Users/aam08331/Documents/GitHub/4280-Group12/SD_Example/External Sources/Verilog/sd_file_reader.v:140]
WARNING: [Synth 8-6014] Unused sequential element sector_content_reg[29] was removed.  [C:/Users/aam08331/Documents/GitHub/4280-Group12/SD_Example/External Sources/Verilog/sd_file_reader.v:140]
WARNING: [Synth 8-6014] Unused sequential element sector_content_reg[30] was removed.  [C:/Users/aam08331/Documents/GitHub/4280-Group12/SD_Example/External Sources/Verilog/sd_file_reader.v:140]
WARNING: [Synth 8-6014] Unused sequential element sector_content_reg[31] was removed.  [C:/Users/aam08331/Documents/GitHub/4280-Group12/SD_Example/External Sources/Verilog/sd_file_reader.v:140]
WARNING: [Synth 8-6014] Unused sequential element sector_content_reg[32] was removed.  [C:/Users/aam08331/Documents/GitHub/4280-Group12/SD_Example/External Sources/Verilog/sd_file_reader.v:140]
WARNING: [Synth 8-6014] Unused sequential element sector_content_reg[33] was removed.  [C:/Users/aam08331/Documents/GitHub/4280-Group12/SD_Example/External Sources/Verilog/sd_file_reader.v:140]
WARNING: [Synth 8-6014] Unused sequential element sector_content_reg[34] was removed.  [C:/Users/aam08331/Documents/GitHub/4280-Group12/SD_Example/External Sources/Verilog/sd_file_reader.v:140]
WARNING: [Synth 8-6014] Unused sequential element sector_content_reg[35] was removed.  [C:/Users/aam08331/Documents/GitHub/4280-Group12/SD_Example/External Sources/Verilog/sd_file_reader.v:140]
WARNING: [Synth 8-6014] Unused sequential element sector_content_reg[40] was removed.  [C:/Users/aam08331/Documents/GitHub/4280-Group12/SD_Example/External Sources/Verilog/sd_file_reader.v:140]
WARNING: [Synth 8-6014] Unused sequential element sector_content_reg[41] was removed.  [C:/Users/aam08331/Documents/GitHub/4280-Group12/SD_Example/External Sources/Verilog/sd_file_reader.v:140]
WARNING: [Synth 8-6014] Unused sequential element sector_content_reg[42] was removed.  [C:/Users/aam08331/Documents/GitHub/4280-Group12/SD_Example/External Sources/Verilog/sd_file_reader.v:140]
WARNING: [Synth 8-6014] Unused sequential element sector_content_reg[43] was removed.  [C:/Users/aam08331/Documents/GitHub/4280-Group12/SD_Example/External Sources/Verilog/sd_file_reader.v:140]
WARNING: [Synth 8-6014] Unused sequential element sector_content_reg[48] was removed.  [C:/Users/aam08331/Documents/GitHub/4280-Group12/SD_Example/External Sources/Verilog/sd_file_reader.v:140]
WARNING: [Synth 8-6014] Unused sequential element sector_content_reg[49] was removed.  [C:/Users/aam08331/Documents/GitHub/4280-Group12/SD_Example/External Sources/Verilog/sd_file_reader.v:140]
WARNING: [Synth 8-6014] Unused sequential element sector_content_reg[50] was removed.  [C:/Users/aam08331/Documents/GitHub/4280-Group12/SD_Example/External Sources/Verilog/sd_file_reader.v:140]
WARNING: [Synth 8-6014] Unused sequential element sector_content_reg[51] was removed.  [C:/Users/aam08331/Documents/GitHub/4280-Group12/SD_Example/External Sources/Verilog/sd_file_reader.v:140]
WARNING: [Synth 8-6014] Unused sequential element sector_content_reg[52] was removed.  [C:/Users/aam08331/Documents/GitHub/4280-Group12/SD_Example/External Sources/Verilog/sd_file_reader.v:140]
WARNING: [Synth 8-6014] Unused sequential element sector_content_reg[53] was removed.  [C:/Users/aam08331/Documents/GitHub/4280-Group12/SD_Example/External Sources/Verilog/sd_file_reader.v:140]
WARNING: [Synth 8-6014] Unused sequential element sector_content_reg[54] was removed.  [C:/Users/aam08331/Documents/GitHub/4280-Group12/SD_Example/External Sources/Verilog/sd_file_reader.v:140]
WARNING: [Synth 8-6014] Unused sequential element sector_content_reg[55] was removed.  [C:/Users/aam08331/Documents/GitHub/4280-Group12/SD_Example/External Sources/Verilog/sd_file_reader.v:140]
WARNING: [Synth 8-6014] Unused sequential element sector_content_reg[56] was removed.  [C:/Users/aam08331/Documents/GitHub/4280-Group12/SD_Example/External Sources/Verilog/sd_file_reader.v:140]
WARNING: [Synth 8-6014] Unused sequential element sector_content_reg[57] was removed.  [C:/Users/aam08331/Documents/GitHub/4280-Group12/SD_Example/External Sources/Verilog/sd_file_reader.v:140]
WARNING: [Synth 8-6014] Unused sequential element sector_content_reg[58] was removed.  [C:/Users/aam08331/Documents/GitHub/4280-Group12/SD_Example/External Sources/Verilog/sd_file_reader.v:140]
WARNING: [Synth 8-6014] Unused sequential element sector_content_reg[59] was removed.  [C:/Users/aam08331/Documents/GitHub/4280-Group12/SD_Example/External Sources/Verilog/sd_file_reader.v:140]
WARNING: [Synth 8-6014] Unused sequential element sector_content_reg[60] was removed.  [C:/Users/aam08331/Documents/GitHub/4280-Group12/SD_Example/External Sources/Verilog/sd_file_reader.v:140]
WARNING: [Synth 8-6014] Unused sequential element sector_content_reg[61] was removed.  [C:/Users/aam08331/Documents/GitHub/4280-Group12/SD_Example/External Sources/Verilog/sd_file_reader.v:140]
WARNING: [Synth 8-6014] Unused sequential element sector_content_reg[62] was removed.  [C:/Users/aam08331/Documents/GitHub/4280-Group12/SD_Example/External Sources/Verilog/sd_file_reader.v:140]
WARNING: [Synth 8-6014] Unused sequential element sector_content_reg[63] was removed.  [C:/Users/aam08331/Documents/GitHub/4280-Group12/SD_Example/External Sources/Verilog/sd_file_reader.v:140]
WARNING: [Synth 8-6014] Unused sequential element sector_content_reg[64] was removed.  [C:/Users/aam08331/Documents/GitHub/4280-Group12/SD_Example/External Sources/Verilog/sd_file_reader.v:140]
WARNING: [Synth 8-6014] Unused sequential element sector_content_reg[65] was removed.  [C:/Users/aam08331/Documents/GitHub/4280-Group12/SD_Example/External Sources/Verilog/sd_file_reader.v:140]
WARNING: [Synth 8-6014] Unused sequential element sector_content_reg[66] was removed.  [C:/Users/aam08331/Documents/GitHub/4280-Group12/SD_Example/External Sources/Verilog/sd_file_reader.v:140]
WARNING: [Synth 8-6014] Unused sequential element sector_content_reg[67] was removed.  [C:/Users/aam08331/Documents/GitHub/4280-Group12/SD_Example/External Sources/Verilog/sd_file_reader.v:140]
WARNING: [Synth 8-6014] Unused sequential element sector_content_reg[68] was removed.  [C:/Users/aam08331/Documents/GitHub/4280-Group12/SD_Example/External Sources/Verilog/sd_file_reader.v:140]
WARNING: [Synth 8-6014] Unused sequential element sector_content_reg[69] was removed.  [C:/Users/aam08331/Documents/GitHub/4280-Group12/SD_Example/External Sources/Verilog/sd_file_reader.v:140]
WARNING: [Synth 8-6014] Unused sequential element sector_content_reg[70] was removed.  [C:/Users/aam08331/Documents/GitHub/4280-Group12/SD_Example/External Sources/Verilog/sd_file_reader.v:140]
WARNING: [Synth 8-6014] Unused sequential element sector_content_reg[71] was removed.  [C:/Users/aam08331/Documents/GitHub/4280-Group12/SD_Example/External Sources/Verilog/sd_file_reader.v:140]
WARNING: [Synth 8-6014] Unused sequential element sector_content_reg[72] was removed.  [C:/Users/aam08331/Documents/GitHub/4280-Group12/SD_Example/External Sources/Verilog/sd_file_reader.v:140]
WARNING: [Synth 8-6014] Unused sequential element sector_content_reg[73] was removed.  [C:/Users/aam08331/Documents/GitHub/4280-Group12/SD_Example/External Sources/Verilog/sd_file_reader.v:140]
WARNING: [Synth 8-6014] Unused sequential element sector_content_reg[74] was removed.  [C:/Users/aam08331/Documents/GitHub/4280-Group12/SD_Example/External Sources/Verilog/sd_file_reader.v:140]
WARNING: [Synth 8-6014] Unused sequential element sector_content_reg[75] was removed.  [C:/Users/aam08331/Documents/GitHub/4280-Group12/SD_Example/External Sources/Verilog/sd_file_reader.v:140]
WARNING: [Synth 8-6014] Unused sequential element sector_content_reg[76] was removed.  [C:/Users/aam08331/Documents/GitHub/4280-Group12/SD_Example/External Sources/Verilog/sd_file_reader.v:140]
WARNING: [Synth 8-6014] Unused sequential element sector_content_reg[77] was removed.  [C:/Users/aam08331/Documents/GitHub/4280-Group12/SD_Example/External Sources/Verilog/sd_file_reader.v:140]
WARNING: [Synth 8-6014] Unused sequential element sector_content_reg[78] was removed.  [C:/Users/aam08331/Documents/GitHub/4280-Group12/SD_Example/External Sources/Verilog/sd_file_reader.v:140]
WARNING: [Synth 8-6014] Unused sequential element sector_content_reg[79] was removed.  [C:/Users/aam08331/Documents/GitHub/4280-Group12/SD_Example/External Sources/Verilog/sd_file_reader.v:140]
WARNING: [Synth 8-6014] Unused sequential element sector_content_reg[80] was removed.  [C:/Users/aam08331/Documents/GitHub/4280-Group12/SD_Example/External Sources/Verilog/sd_file_reader.v:140]
WARNING: [Synth 8-6014] Unused sequential element sector_content_reg[81] was removed.  [C:/Users/aam08331/Documents/GitHub/4280-Group12/SD_Example/External Sources/Verilog/sd_file_reader.v:140]
WARNING: [Synth 8-6014] Unused sequential element sector_content_reg[82] was removed.  [C:/Users/aam08331/Documents/GitHub/4280-Group12/SD_Example/External Sources/Verilog/sd_file_reader.v:140]
WARNING: [Synth 8-6014] Unused sequential element sector_content_reg[83] was removed.  [C:/Users/aam08331/Documents/GitHub/4280-Group12/SD_Example/External Sources/Verilog/sd_file_reader.v:140]
WARNING: [Synth 8-6014] Unused sequential element sector_content_reg[84] was removed.  [C:/Users/aam08331/Documents/GitHub/4280-Group12/SD_Example/External Sources/Verilog/sd_file_reader.v:140]
WARNING: [Synth 8-6014] Unused sequential element sector_content_reg[85] was removed.  [C:/Users/aam08331/Documents/GitHub/4280-Group12/SD_Example/External Sources/Verilog/sd_file_reader.v:140]
WARNING: [Synth 8-6014] Unused sequential element sector_content_reg[87] was removed.  [C:/Users/aam08331/Documents/GitHub/4280-Group12/SD_Example/External Sources/Verilog/sd_file_reader.v:140]
WARNING: [Synth 8-6014] Unused sequential element sector_content_reg[88] was removed.  [C:/Users/aam08331/Documents/GitHub/4280-Group12/SD_Example/External Sources/Verilog/sd_file_reader.v:140]
WARNING: [Synth 8-6014] Unused sequential element sector_content_reg[89] was removed.  [C:/Users/aam08331/Documents/GitHub/4280-Group12/SD_Example/External Sources/Verilog/sd_file_reader.v:140]
WARNING: [Synth 8-6014] Unused sequential element sector_content_reg[90] was removed.  [C:/Users/aam08331/Documents/GitHub/4280-Group12/SD_Example/External Sources/Verilog/sd_file_reader.v:140]
WARNING: [Synth 8-6014] Unused sequential element sector_content_reg[91] was removed.  [C:/Users/aam08331/Documents/GitHub/4280-Group12/SD_Example/External Sources/Verilog/sd_file_reader.v:140]
WARNING: [Synth 8-6014] Unused sequential element sector_content_reg[92] was removed.  [C:/Users/aam08331/Documents/GitHub/4280-Group12/SD_Example/External Sources/Verilog/sd_file_reader.v:140]
WARNING: [Synth 8-6014] Unused sequential element sector_content_reg[93] was removed.  [C:/Users/aam08331/Documents/GitHub/4280-Group12/SD_Example/External Sources/Verilog/sd_file_reader.v:140]
WARNING: [Synth 8-6014] Unused sequential element sector_content_reg[94] was removed.  [C:/Users/aam08331/Documents/GitHub/4280-Group12/SD_Example/External Sources/Verilog/sd_file_reader.v:140]
WARNING: [Synth 8-6014] Unused sequential element sector_content_reg[95] was removed.  [C:/Users/aam08331/Documents/GitHub/4280-Group12/SD_Example/External Sources/Verilog/sd_file_reader.v:140]
WARNING: [Synth 8-6014] Unused sequential element sector_content_reg[96] was removed.  [C:/Users/aam08331/Documents/GitHub/4280-Group12/SD_Example/External Sources/Verilog/sd_file_reader.v:140]
WARNING: [Synth 8-6014] Unused sequential element sector_content_reg[97] was removed.  [C:/Users/aam08331/Documents/GitHub/4280-Group12/SD_Example/External Sources/Verilog/sd_file_reader.v:140]
WARNING: [Synth 8-6014] Unused sequential element sector_content_reg[98] was removed.  [C:/Users/aam08331/Documents/GitHub/4280-Group12/SD_Example/External Sources/Verilog/sd_file_reader.v:140]
WARNING: [Synth 8-6014] Unused sequential element sector_content_reg[99] was removed.  [C:/Users/aam08331/Documents/GitHub/4280-Group12/SD_Example/External Sources/Verilog/sd_file_reader.v:140]
WARNING: [Synth 8-6014] Unused sequential element sector_content_reg[100] was removed.  [C:/Users/aam08331/Documents/GitHub/4280-Group12/SD_Example/External Sources/Verilog/sd_file_reader.v:140]
WARNING: [Synth 8-6014] Unused sequential element sector_content_reg[101] was removed.  [C:/Users/aam08331/Documents/GitHub/4280-Group12/SD_Example/External Sources/Verilog/sd_file_reader.v:140]
WARNING: [Synth 8-6014] Unused sequential element sector_content_reg[102] was removed.  [C:/Users/aam08331/Documents/GitHub/4280-Group12/SD_Example/External Sources/Verilog/sd_file_reader.v:140]
WARNING: [Synth 8-6014] Unused sequential element sector_content_reg[103] was removed.  [C:/Users/aam08331/Documents/GitHub/4280-Group12/SD_Example/External Sources/Verilog/sd_file_reader.v:140]
WARNING: [Synth 8-6014] Unused sequential element sector_content_reg[104] was removed.  [C:/Users/aam08331/Documents/GitHub/4280-Group12/SD_Example/External Sources/Verilog/sd_file_reader.v:140]
WARNING: [Synth 8-6014] Unused sequential element sector_content_reg[105] was removed.  [C:/Users/aam08331/Documents/GitHub/4280-Group12/SD_Example/External Sources/Verilog/sd_file_reader.v:140]
WARNING: [Synth 8-6014] Unused sequential element sector_content_reg[106] was removed.  [C:/Users/aam08331/Documents/GitHub/4280-Group12/SD_Example/External Sources/Verilog/sd_file_reader.v:140]
WARNING: [Synth 8-6014] Unused sequential element sector_content_reg[107] was removed.  [C:/Users/aam08331/Documents/GitHub/4280-Group12/SD_Example/External Sources/Verilog/sd_file_reader.v:140]
WARNING: [Synth 8-6014] Unused sequential element sector_content_reg[108] was removed.  [C:/Users/aam08331/Documents/GitHub/4280-Group12/SD_Example/External Sources/Verilog/sd_file_reader.v:140]
WARNING: [Synth 8-6014] Unused sequential element sector_content_reg[109] was removed.  [C:/Users/aam08331/Documents/GitHub/4280-Group12/SD_Example/External Sources/Verilog/sd_file_reader.v:140]
WARNING: [Synth 8-6014] Unused sequential element sector_content_reg[110] was removed.  [C:/Users/aam08331/Documents/GitHub/4280-Group12/SD_Example/External Sources/Verilog/sd_file_reader.v:140]
WARNING: [Synth 8-6014] Unused sequential element sector_content_reg[111] was removed.  [C:/Users/aam08331/Documents/GitHub/4280-Group12/SD_Example/External Sources/Verilog/sd_file_reader.v:140]
WARNING: [Synth 8-6014] Unused sequential element sector_content_reg[112] was removed.  [C:/Users/aam08331/Documents/GitHub/4280-Group12/SD_Example/External Sources/Verilog/sd_file_reader.v:140]
WARNING: [Synth 8-6014] Unused sequential element sector_content_reg[113] was removed.  [C:/Users/aam08331/Documents/GitHub/4280-Group12/SD_Example/External Sources/Verilog/sd_file_reader.v:140]
WARNING: [Synth 8-6014] Unused sequential element sector_content_reg[114] was removed.  [C:/Users/aam08331/Documents/GitHub/4280-Group12/SD_Example/External Sources/Verilog/sd_file_reader.v:140]
WARNING: [Synth 8-6014] Unused sequential element sector_content_reg[115] was removed.  [C:/Users/aam08331/Documents/GitHub/4280-Group12/SD_Example/External Sources/Verilog/sd_file_reader.v:140]
WARNING: [Synth 8-6014] Unused sequential element sector_content_reg[116] was removed.  [C:/Users/aam08331/Documents/GitHub/4280-Group12/SD_Example/External Sources/Verilog/sd_file_reader.v:140]
WARNING: [Synth 8-6014] Unused sequential element sector_content_reg[117] was removed.  [C:/Users/aam08331/Documents/GitHub/4280-Group12/SD_Example/External Sources/Verilog/sd_file_reader.v:140]
WARNING: [Synth 8-6014] Unused sequential element sector_content_reg[118] was removed.  [C:/Users/aam08331/Documents/GitHub/4280-Group12/SD_Example/External Sources/Verilog/sd_file_reader.v:140]
WARNING: [Synth 8-6014] Unused sequential element sector_content_reg[119] was removed.  [C:/Users/aam08331/Documents/GitHub/4280-Group12/SD_Example/External Sources/Verilog/sd_file_reader.v:140]
INFO: [Common 17-14] Message 'Synth 8-6014' appears 100 times and further instances of the messages will be disabled. Use the Tcl command set_msg_config to change the current settings.
WARNING: [Synth 8-7137] Register numCounter_reg in module sd_example has both Set and reset with same priority. This may cause simulation mismatches. Consider rewriting code  [C:/Users/aam08331/Documents/GitHub/4280-Group12/SD_Example/SD_Example.srcs/sources_1/new/sd_example.v:60]
WARNING: [Synth 8-7137] Register current_state_reg in module sd_example has both Set and reset with same priority. This may cause simulation mismatches. Consider rewriting code  [C:/Users/aam08331/Documents/GitHub/4280-Group12/SD_Example/SD_Example.srcs/sources_1/new/sd_example.v:66]
WARNING: [Synth 8-3848] Net uart_tx in module/entity fpga_top does not have driver. [C:/Users/aam08331/Documents/GitHub/4280-Group12/SD_Example/External Sources/Verilog/fpga_top.v:26]
WARNING: [Synth 8-3917] design fpga_top has port sdcard_pwr_n driven by constant 0
WARNING: [Synth 8-3917] design fpga_top has port sddat1 driven by constant 1
WARNING: [Synth 8-3917] design fpga_top has port sddat2 driven by constant 1
WARNING: [Synth 8-3917] design fpga_top has port sddat3 driven by constant 1
WARNING: [Synth 8-7129] Port rgb_led[2] in module sd_example is either unconnected or has no load
WARNING: [Synth 8-7129] Port uart_tx in module fpga_top is either unconnected or has no load
WARNING: [Synth 8-7129] Port rgb_led2[1] in module fpga_top is either unconnected or has no load
WARNING: [Synth 8-7129] Port rgb_led2[0] in module fpga_top is either unconnected or has no load
---------------------------------------------------------------------------------
Finished RTL Elaboration : Time (s): cpu = 00:00:05 ; elapsed = 00:00:05 . Memory (MB): peak = 1235.867 ; gain = 622.820
---------------------------------------------------------------------------------
---------------------------------------------------------------------------------
Start Handling Custom Attributes
---------------------------------------------------------------------------------
---------------------------------------------------------------------------------
Finished Handling Custom Attributes : Time (s): cpu = 00:00:05 ; elapsed = 00:00:05 . Memory (MB): peak = 1235.867 ; gain = 622.820
---------------------------------------------------------------------------------
---------------------------------------------------------------------------------
Finished RTL Optimization Phase 1 : Time (s): cpu = 00:00:05 ; elapsed = 00:00:05 . Memory (MB): peak = 1235.867 ; gain = 622.820
---------------------------------------------------------------------------------
Netlist sorting complete. Time (s): cpu = 00:00:00 ; elapsed = 00:00:00.030 . Memory (MB): peak = 1235.867 ; gain = 0.000
INFO: [Project 1-570] Preparing netlist for logic optimization

Processing XDC Constraints
Initializing timing engine
Parsing XDC File [C:/Users/aam08331/Documents/GitHub/4280-Group12/SD_Example/External Sources/Constraints/Nexys-A7-SD.xdc]
Finished Parsing XDC File [C:/Users/aam08331/Documents/GitHub/4280-Group12/SD_Example/External Sources/Constraints/Nexys-A7-SD.xdc]
INFO: [Project 1-236] Implementation specific constraints were found while reading constraint file [C:/Users/aam08331/Documents/GitHub/4280-Group12/SD_Example/External Sources/Constraints/Nexys-A7-SD.xdc]. These constraints will be ignored for synthesis but will be used in implementation. Impacted constraints are listed in the file [.Xil/fpga_top_propImpl.xdc].
Resolution: To avoid this warning, move constraints listed in [.Xil/fpga_top_propImpl.xdc] to another XDC file and exclude this new file from synthesis with the used_in_synthesis property (File Properties dialog in GUI) and re-run elaboration/synthesis.
Completed Processing XDC Constraints

Netlist sorting complete. Time (s): cpu = 00:00:00 ; elapsed = 00:00:00 . Memory (MB): peak = 1320.547 ; gain = 0.000
INFO: [Project 1-111] Unisim Transformation Summary:
No Unisim elements were transformed.

Constraint Validation Runtime : Time (s): cpu = 00:00:00 ; elapsed = 00:00:00.008 . Memory (MB): peak = 1320.547 ; gain = 0.000
INFO: [Designutils 20-5440] No compile time benefit to using incremental synthesis; A full resynthesis will be run
INFO: [Designutils 20-4379] Flow is switching to default flow due to incremental criteria not met. If you would like to alter this behaviour and have the flow terminate instead, please set the following parameter config_implementation {autoIncr.Synth.RejectBehavior Terminate}
