Copyright 1986-2022 Xilinx, Inc. All Rights Reserved. Copyright 2022-2024 Advanced Micro Devices, Inc. All Rights Reserved.
---------------------------------------------------------------------------------------------------------------------------------------------
| Tool Version : Vivado v.2024.2.1 (win64) Build 5266912 Sun Dec 15 09:03:24 MST 2024
| Date         : Fri Apr 25 06:44:39 2025
| Host         : engr-d1409-009 running 64-bit major release  (build 9200)
| Command      : report_control_sets -verbose -file supertop_control_sets_placed.rpt
| Design       : supertop
| Device       : xc7a100t
---------------------------------------------------------------------------------------------------------------------------------------------

Control Set Information

Table of Contents
-----------------
1. Summary
2. Histogram
3. Flip-Flop Distribution
4. Detailed Control Set Information

1. Summary
----------

+----------------------------------------------------------+-------+
|                          Status                          | Count |
+----------------------------------------------------------+-------+
| Total control sets                                       |    71 |
|    Minimum number of control sets                        |    71 |
|    Addition due to synthesis replication                 |     0 |
|    Addition due to physical synthesis replication        |     0 |
| Unused register locations in slices containing registers |    88 |
+----------------------------------------------------------+-------+
* Control sets can be merged at opt_design using control_set_merge or merge_equivalent_drivers
** Run report_qor_suggestions for automated merging and remapping suggestions


2. Histogram
------------

+--------------------+-------+
|       Fanout       | Count |
+--------------------+-------+
| Total control sets |    71 |
| >= 0 to < 4        |     8 |
| >= 4 to < 6        |     3 |
| >= 6 to < 8        |     3 |
| >= 8 to < 10       |    43 |
| >= 10 to < 12      |     0 |
| >= 12 to < 14      |     0 |
| >= 14 to < 16      |     0 |
| >= 16              |    14 |
+--------------------+-------+
* Control sets can be remapped at either synth_design or opt_design


3. Flip-Flop Distribution
-------------------------

+--------------+-----------------------+------------------------+-----------------+--------------+
| Clock Enable | Synchronous Set/Reset | Asynchronous Set/Reset | Total Registers | Total Slices |
+--------------+-----------------------+------------------------+-----------------+--------------+
| No           | No                    | No                     |               0 |            0 |
| No           | No                    | Yes                    |             229 |           81 |
| No           | Yes                   | No                     |               0 |            0 |
| Yes          | No                    | No                     |             195 |           64 |
| Yes          | No                    | Yes                    |             696 |          259 |
| Yes          | Yes                   | No                     |               0 |            0 |
+--------------+-----------------------+------------------------+-----------------+--------------+


4. Detailed Control Set Information
-----------------------------------

+-------------------+-------------------------------------------------------------------------------------------------------------+-------------------------------------------------------------------------------------------+------------------+----------------+--------------+
|    Clock Signal   |                                                Enable Signal                                                |                                      Set/Reset Signal                                     | Slice Load Count | Bel Load Count | Bels / Slice |
+-------------------+-------------------------------------------------------------------------------------------------------------+-------------------------------------------------------------------------------------------+------------------+----------------+--------------+
|  pll1/inst/clk_sd | u_IO_Management/u_SD_Data_Decoder/u_sd_file_reader/u_sd_reader/u_sdcmd_ctrl/ridx_reg[1][5]                  | u_IO_Management/u_SD_Data_Decoder/u_sd_file_reader/u_sd_reader/u_sdcmd_ctrl/bbstub_locked |                1 |              1 |         1.00 |
|  pll1/inst/clk_sd | u_IO_Management/u_SD_Data_Decoder/u_sd_file_reader/u_sd_reader/u_sdcmd_ctrl/ridx_reg[1][3]                  | u_IO_Management/u_SD_Data_Decoder/u_sd_file_reader/u_sd_reader/u_sdcmd_ctrl/bbstub_locked |                1 |              1 |         1.00 |
|  pll1/inst/clk_sd | u_IO_Management/u_SD_Data_Decoder/u_sd_file_reader/u_sd_reader/u_sdcmd_ctrl/ridx_reg[1][4]                  | u_IO_Management/u_SD_Data_Decoder/u_sd_file_reader/u_sd_reader/u_sdcmd_ctrl/bbstub_locked |                1 |              1 |         1.00 |
|  pll1/inst/clk_sd | u_IO_Management/u_SD_Data_Decoder/u_sd_file_reader/u_sd_reader/u_sdcmd_ctrl/ridx_reg[1][7]                  | u_IO_Management/u_SD_Data_Decoder/u_sd_file_reader/u_sd_reader/u_sdcmd_ctrl/bbstub_locked |                1 |              1 |         1.00 |
|  pll1/inst/clk_sd | u_IO_Management/u_SD_Data_Decoder/u_sd_file_reader/u_sd_reader/u_sdcmd_ctrl/ridx_reg[1][0]                  | u_IO_Management/u_SD_Data_Decoder/u_sd_file_reader/u_sd_reader/u_sdcmd_ctrl/bbstub_locked |                1 |              1 |         1.00 |
|  pll1/inst/clk_sd | u_IO_Management/u_SD_Data_Decoder/u_sd_file_reader/u_sd_reader/u_sdcmd_ctrl/ridx_reg[1][2]                  | u_IO_Management/u_SD_Data_Decoder/u_sd_file_reader/u_sd_reader/u_sdcmd_ctrl/bbstub_locked |                1 |              1 |         1.00 |
|  pll1/inst/clk_sd | u_IO_Management/u_SD_Data_Decoder/u_sd_file_reader/u_sd_reader/u_sdcmd_ctrl/ridx_reg[1][6]                  | u_IO_Management/u_SD_Data_Decoder/u_sd_file_reader/u_sd_reader/u_sdcmd_ctrl/bbstub_locked |                1 |              1 |         1.00 |
|  pll1/inst/clk_sd | u_IO_Management/u_SD_Data_Decoder/u_sd_file_reader/u_sd_reader/u_sdcmd_ctrl/ridx_reg[1][1]                  | u_IO_Management/u_SD_Data_Decoder/u_sd_file_reader/u_sd_reader/u_sdcmd_ctrl/bbstub_locked |                1 |              1 |         1.00 |
|  pll1/inst/clk_sd | u_IO_Management/u_SD_Data_Decoder/u_sd_file_reader/u_sd_reader/u_sdcmd_ctrl/FSM_onehot_sddat_stat_reg[4][0] | u_IO_Management/u_SD_Data_Decoder/u_sd_file_reader/u_sd_reader/u_sdcmd_ctrl/bbstub_locked |                3 |              4 |         1.33 |
|  pll1/inst/clk_sd | u_IO_Management/u_SD_Data_Decoder/u_sd_file_reader/u_sd_reader/outaddr_reg[0]_1[0]                          |                                                                                           |                1 |              4 |         4.00 |
|  pll1/inst/clk_sd | u_IO_Management/u_SD_Data_Decoder/u_sd_file_reader/u_sd_reader/u_sdcmd_ctrl/FSM_onehot_sddat_stat_reg[0][0] | u_IO_Management/u_SD_Data_Decoder/u_sd_file_reader/u_sd_reader/u_sdcmd_ctrl/bbstub_locked |                1 |              5 |         5.00 |
|  pll1/inst/clk_sd | u_IO_Management/u_SD_Data_Decoder/u_sd_file_reader/u_sd_reader/u_sdcmd_ctrl/cnt2[5]_i_1_n_0                 | u_IO_Management/u_SD_Data_Decoder/u_sd_file_reader/u_sd_reader/u_sdcmd_ctrl/bbstub_locked |                2 |              6 |         3.00 |
|  pll1/inst/clk_sd | u_IO_Management/u_SD_Data_Decoder/u_sd_file_reader/u_sd_reader/outaddr_reg[5]_1[0]                          |                                                                                           |                1 |              7 |         7.00 |
|  pll1/inst/clk_sd | u_IO_Management/u_SD_Data_Decoder/u_sd_file_reader/u_sd_reader/u_sdcmd_ctrl/req_crc[6]_i_1_n_0              | u_IO_Management/u_SD_Data_Decoder/u_sd_file_reader/u_sd_reader/u_sdcmd_ctrl/bbstub_locked |                2 |              7 |         3.50 |
|  pll1/inst/clk_sd | u_IO_Management/u_SD_Data_Decoder/u_sd_file_reader/u_sd_reader/outaddr_reg[2]_0[0]                          |                                                                                           |                2 |              8 |         4.00 |
|  pll1/inst/clk_sd | u_IO_Management/u_SD_Data_Decoder/u_sd_file_reader/u_sd_reader/outaddr_reg[1]_0[0]                          |                                                                                           |                2 |              8 |         4.00 |
|  pll1/inst/clk_sd | u_IO_Management/u_SD_Data_Decoder/u_sd_file_reader/u_sd_reader/outaddr_reg[3]_2[0]                          |                                                                                           |                3 |              8 |         2.67 |
|  pll1/inst/clk_sd | u_IO_Management/u_SD_Data_Decoder/u_sd_file_reader/u_sd_reader/outaddr_reg[3]_0[0]                          |                                                                                           |                2 |              8 |         4.00 |
|  pll1/inst/clk_sd | u_IO_Management/u_SD_Data_Decoder/u_sd_file_reader/u_sd_reader/outaddr_reg[4]_1[0]                          |                                                                                           |                2 |              8 |         4.00 |
|  pll1/inst/clk_sd | u_IO_Management/u_SD_Data_Decoder/u_sd_file_reader/u_sd_reader/outaddr_reg[3]_3[0]                          |                                                                                           |                2 |              8 |         4.00 |
|  pll1/inst/clk_sd | u_IO_Management/u_SD_Data_Decoder/u_sd_file_reader/u_sd_reader/outaddr_reg[4]_10[0]                         |                                                                                           |                5 |              8 |         1.60 |
|  pll1/inst/clk_sd | u_IO_Management/u_SD_Data_Decoder/u_sd_file_reader/u_sd_reader/outaddr_reg[4]_0[0]                          |                                                                                           |                2 |              8 |         4.00 |
|  pll1/inst/clk_sd | u_IO_Management/u_SD_Data_Decoder/u_sd_file_reader/u_sd_reader/outaddr_reg[3]_4[0]                          |                                                                                           |                3 |              8 |         2.67 |
|  pll1/inst/clk_sd | u_IO_Management/u_SD_Data_Decoder/u_sd_file_reader/u_sd_reader/outaddr_reg[4]_2[0]                          |                                                                                           |                5 |              8 |         1.60 |
|  pll1/inst/clk_sd | u_IO_Management/u_SD_Data_Decoder/u_sd_file_reader/u_sd_reader/outaddr_reg[4]_3[0]                          |                                                                                           |                3 |              8 |         2.67 |
|  pll1/inst/clk_sd | u_IO_Management/u_SD_Data_Decoder/u_sd_file_reader/u_sd_reader/outaddr_reg[4]_9[0]                          |                                                                                           |                2 |              8 |         4.00 |
|  pll1/inst/clk_sd | u_IO_Management/u_SD_Data_Decoder/u_sd_file_reader/u_sd_reader/outaddr_reg[4]_8[0]                          |                                                                                           |                3 |              8 |         2.67 |
|  pll1/inst/clk_sd | u_IO_Management/u_SD_Data_Decoder/u_sd_file_reader/u_sd_reader/outaddr_reg[4]_4[0]                          |                                                                                           |                3 |              8 |         2.67 |
|  pll1/inst/clk_sd | u_IO_Management/u_SD_Data_Decoder/u_sd_file_reader/u_sd_reader/outaddr_reg[4]_7[0]                          |                                                                                           |                3 |              8 |         2.67 |
|  pll1/inst/clk_sd | u_IO_Management/u_SD_Data_Decoder/u_sd_file_reader/u_sd_reader/outaddr_reg[4]_5[0]                          |                                                                                           |                2 |              8 |         4.00 |
|  pll1/inst/clk_sd | u_IO_Management/u_SD_Data_Decoder/u_sd_file_reader/u_sd_reader/outaddr_reg[4]_6[0]                          |                                                                                           |                4 |              8 |         2.00 |
|  pll1/inst/clk_sd | u_IO_Management/u_SD_Data_Decoder/u_sd_file_reader/u_sd_reader/outaddr_reg[5]_0[0]                          |                                                                                           |                2 |              8 |         4.00 |
|  pll1/inst/clk_sd | u_IO_Management/u_SD_Data_Decoder/u_sd_file_reader/u_sd_reader/outen_reg_0[0]                               |                                                                                           |                3 |              8 |         2.67 |
|  pll1/inst/clk_sd | u_IO_Management/u_SD_Data_Decoder/u_sd_file_reader/u_sd_reader/u_sdcmd_ctrl/cnt4[7]_i_1_n_0                 | u_IO_Management/u_SD_Data_Decoder/u_sd_file_reader/u_sd_reader/u_sdcmd_ctrl/bbstub_locked |                3 |              8 |         2.67 |
|  pll1/inst/clk_sd | u_IO_Management/u_SD_Data_Decoder/u_sd_file_reader/u_sd_reader/u_sdcmd_ctrl/cnt3[7]_i_1_n_0                 | u_IO_Management/u_SD_Data_Decoder/u_sd_file_reader/u_sd_reader/u_sdcmd_ctrl/bbstub_locked |                3 |              8 |         2.67 |
|  pll1/inst/clk_sd | u_IO_Management/u_SD_Data_Decoder/u_sd_file_reader/u_sd_reader/outen_reg_1[0]                               |                                                                                           |                2 |              8 |         4.00 |
|  pll1/inst/clk_sd | u_IO_Management/u_SD_Data_Decoder/u_sd_file_reader/u_sd_reader/outaddr_reg[2]_1[0]                          |                                                                                           |                2 |              8 |         4.00 |
|  pll1/inst/clk_sd | u_IO_Management/u_SD_Data_Decoder/u_sd_file_reader/u_sd_reader/outaddr_reg[0]_0[0]                          |                                                                                           |                2 |              8 |         4.00 |
|  pll1/inst/clk_sd | u_IO_Management/u_SD_Data_Decoder/u_sd_file_reader/u_sd_reader/outaddr_reg[0]_2[0]                          | u_IO_Management/u_SD_Data_Decoder/u_sd_file_reader/u_sd_reader/u_sdcmd_ctrl/bbstub_locked |                2 |              8 |         4.00 |
|  pll1/inst/clk_sd | u_IO_Management/u_SD_Data_Decoder/u_sd_file_reader/u_sd_reader/outaddr_reg[0]_3[0]                          |                                                                                           |                3 |              8 |         2.67 |
|  pll1/inst/clk_sd | u_IO_Management/u_SD_Data_Decoder/u_sd_file_reader/u_sd_reader/outaddr_reg[0]_2[1]                          | u_IO_Management/u_SD_Data_Decoder/u_sd_file_reader/u_sd_reader/u_sdcmd_ctrl/bbstub_locked |                3 |              8 |         2.67 |
|  pll1/inst/clk_sd | u_IO_Management/u_SD_Data_Decoder/u_sd_file_reader/u_sd_reader/filesystem_state_reg[0]_10[0]                | u_IO_Management/u_SD_Data_Decoder/u_sd_file_reader/u_sd_reader/u_sdcmd_ctrl/bbstub_locked |                3 |              8 |         2.67 |
|  pll1/inst/clk_sd | u_IO_Management/u_SD_Data_Decoder/u_sd_file_reader/u_sd_reader/filesystem_state_reg[0]_2[0]                 | u_IO_Management/u_SD_Data_Decoder/u_sd_file_reader/u_sd_reader/u_sdcmd_ctrl/bbstub_locked |                4 |              8 |         2.00 |
|  pll1/inst/clk_sd | u_IO_Management/u_SD_Data_Decoder/u_sd_file_reader/u_sd_reader/filesystem_reg[1]_0[0]                       | u_IO_Management/u_SD_Data_Decoder/u_sd_file_reader/u_sd_reader/u_sdcmd_ctrl/bbstub_locked |                5 |              8 |         1.60 |
|  pll1/inst/clk_sd | u_IO_Management/u_SD_Data_Decoder/u_sd_file_reader/u_sd_reader/filesystem_reg[1]_0[2]                       | u_IO_Management/u_SD_Data_Decoder/u_sd_file_reader/u_sd_reader/u_sdcmd_ctrl/bbstub_locked |                4 |              8 |         2.00 |
|  pll1/inst/clk_sd | u_IO_Management/u_SD_Data_Decoder/u_sd_file_reader/u_sd_reader/filesystem_state_reg[0]_3[0]                 | u_IO_Management/u_SD_Data_Decoder/u_sd_file_reader/u_sd_reader/u_sdcmd_ctrl/bbstub_locked |                3 |              8 |         2.67 |
|  pll1/inst/clk_sd | u_IO_Management/u_SD_Data_Decoder/u_sd_file_reader/u_sd_reader/filesystem_state_reg[0]_5[0]                 | u_IO_Management/u_SD_Data_Decoder/u_sd_file_reader/u_sd_reader/u_sdcmd_ctrl/bbstub_locked |                2 |              8 |         4.00 |
|  pll1/inst/clk_sd | u_IO_Management/u_SD_Data_Decoder/u_sd_file_reader/u_sd_reader/filesystem_reg[1]_0[1]                       | u_IO_Management/u_SD_Data_Decoder/u_sd_file_reader/u_sd_reader/u_sdcmd_ctrl/bbstub_locked |                5 |              8 |         1.60 |
|  pll1/inst/clk_sd | u_IO_Management/u_SD_Data_Decoder/u_sd_file_reader/u_sd_reader/filesystem_state_reg[0]_6[0]                 | u_IO_Management/u_SD_Data_Decoder/u_sd_file_reader/u_sd_reader/u_sdcmd_ctrl/bbstub_locked |                3 |              8 |         2.67 |
|  pll1/inst/clk_sd | u_IO_Management/u_SD_Data_Decoder/u_sd_file_reader/u_sd_reader/filesystem_state_reg[0]_7[0]                 | u_IO_Management/u_SD_Data_Decoder/u_sd_file_reader/u_sd_reader/u_sdcmd_ctrl/bbstub_locked |                2 |              8 |         4.00 |
|  pll1/inst/clk_sd | u_IO_Management/u_SD_Data_Decoder/u_sd_file_reader/u_sd_reader/filesystem_state_reg[0]_8[0]                 | u_IO_Management/u_SD_Data_Decoder/u_sd_file_reader/u_sd_reader/u_sdcmd_ctrl/bbstub_locked |                4 |              8 |         2.00 |
|  pll1/inst/clk_sd | u_IO_Management/u_SD_Data_Decoder/u_sd_file_reader/u_sd_reader/filesystem_reg[1]_0[3]                       | u_IO_Management/u_SD_Data_Decoder/u_sd_file_reader/u_sd_reader/u_sdcmd_ctrl/bbstub_locked |                4 |              8 |         2.00 |
|  pll1/inst/clk_sd | u_IO_Management/u_SD_Data_Decoder/u_sd_file_reader/u_sd_reader/filesystem_state_reg[0]_11[0]                | u_IO_Management/u_SD_Data_Decoder/u_sd_file_reader/u_sd_reader/u_sdcmd_ctrl/bbstub_locked |                3 |              8 |         2.67 |
|  pll1/inst/clk_sd | u_IO_Management/u_SD_Data_Decoder/u_sd_file_reader/u_sd_reader/filesystem_state_reg[0]_4[0]                 | u_IO_Management/u_SD_Data_Decoder/u_sd_file_reader/u_sd_reader/u_sdcmd_ctrl/bbstub_locked |                2 |              8 |         4.00 |
|  pll1/inst/clk_sd | u_IO_Management/u_SD_Data_Decoder/u_sd_file_reader/u_sd_reader/filesystem_state_reg[0]_9[0]                 | u_IO_Management/u_SD_Data_Decoder/u_sd_file_reader/u_sd_reader/u_sdcmd_ctrl/bbstub_locked |                3 |              8 |         2.67 |
|  pll1/inst/clk_sd | u_IO_Management/u_SD_Data_Decoder/u_sd_file_reader/u_sd_reader/filesystem_state_reg[1][0]                   | u_IO_Management/u_SD_Data_Decoder/u_sd_file_reader/u_sd_reader/u_sdcmd_ctrl/bbstub_locked |                3 |              8 |         2.67 |
|  pll1/inst/clk_sd | u_IO_Management/u_SD_Data_Decoder/u_sd_file_reader/u_sd_reader/filesystem_state_reg[2]_3[0]                 | u_IO_Management/u_SD_Data_Decoder/u_sd_file_reader/u_sd_reader/u_sdcmd_ctrl/bbstub_locked |                2 |              8 |         4.00 |
|  pll1/inst/clk_sd | u_IO_Management/u_SD_Data_Decoder/u_sd_file_reader/u_sd_reader/u_sdcmd_ctrl/cnt1[0]_i_1_n_0                 | u_IO_Management/u_SD_Data_Decoder/u_sd_file_reader/u_sd_reader/u_sdcmd_ctrl/bbstub_locked |                4 |             16 |         4.00 |
|  pll1/inst/clk_sd | u_IO_Management/u_SD_Data_Decoder/u_sd_file_reader/u_sd_reader/u_sdcmd_ctrl/syntaxe_reg_0[0]                | u_IO_Management/u_SD_Data_Decoder/u_sd_file_reader/u_sd_reader/u_sdcmd_ctrl/bbstub_locked |                3 |             16 |         5.33 |
|  pll1/inst/clk_sd | u_IO_Management/u_SD_Data_Decoder/u_sd_file_reader/u_sd_reader/u_sdcmd_ctrl/E[0]                            | u_IO_Management/u_SD_Data_Decoder/u_sd_file_reader/u_sd_reader/u_sdcmd_ctrl/bbstub_locked |                6 |             32 |         5.33 |
|  pll1/inst/clk_sd | u_IO_Management/u_SD_Data_Decoder/u_sd_file_reader/u_sd_reader/u_sdcmd_ctrl/busy_reg_0                      | u_IO_Management/u_SD_Data_Decoder/u_sd_file_reader/u_sd_reader/u_sdcmd_ctrl/bbstub_locked |               10 |             32 |         3.20 |
|  pll1/inst/clk_sd | u_IO_Management/u_SD_Data_Decoder/u_sd_file_reader/u_sd_reader/filesystem_state_reg[2]_1[0]                 | u_IO_Management/u_SD_Data_Decoder/u_sd_file_reader/u_sd_reader/u_sdcmd_ctrl/bbstub_locked |               15 |             32 |         2.13 |
|  pll1/inst/clk_sd | u_IO_Management/u_SD_Data_Decoder/u_sd_file_reader/u_sd_reader/filesystem_state_reg[2]_2[0]                 | u_IO_Management/u_SD_Data_Decoder/u_sd_file_reader/u_sd_reader/u_sdcmd_ctrl/bbstub_locked |               30 |             32 |         1.07 |
|  pll1/inst/clk_sd | u_IO_Management/u_SD_Data_Decoder/u_sd_file_reader/u_sd_reader/u_sdcmd_ctrl/p_18_in                         | u_IO_Management/u_SD_Data_Decoder/u_sd_file_reader/u_sd_reader/u_sdcmd_ctrl/bbstub_locked |                9 |             38 |         4.22 |
|  pll1/inst/clk_sd | u_IO_Management/u_SD_Data_Decoder/u_sd_file_reader/u_sd_reader/u_sdcmd_ctrl/resp_arg                        | u_IO_Management/u_SD_Data_Decoder/u_sd_file_reader/u_sd_reader/u_sdcmd_ctrl/bbstub_locked |               11 |             39 |         3.55 |
|  pll1/inst/clk_sd | u_IO_Management/u_SD_Data_Decoder/u_sd_file_reader/u_sd_reader/fptr0                                        | u_IO_Management/u_SD_Data_Decoder/u_sd_file_reader/u_sd_reader/u_sdcmd_ctrl/bbstub_locked |               12 |             40 |         3.33 |
|  pll1/inst/clk_sd | u_IO_Management/u_SD_Data_Decoder/u_sd_file_reader/u_sd_reader/E[0]                                         | u_IO_Management/u_SD_Data_Decoder/u_sd_file_reader/u_sd_reader/u_sdcmd_ctrl/bbstub_locked |               11 |             44 |         4.00 |
|  pll1/inst/clk_sd | u_IO_Management/u_SD_Data_Decoder/u_sd_file_reader/file_found0                                              | u_IO_Management/u_SD_Data_Decoder/u_sd_file_reader/u_sd_reader/u_sdcmd_ctrl/bbstub_locked |               20 |             49 |         2.45 |
|  pll1/inst/clk_sd | u_IO_Management/u_SD_Data_Decoder/u_sd_file_reader/u_sd_reader/fready153_out                                | u_IO_Management/u_SD_Data_Decoder/u_sd_file_reader/u_sd_reader/u_sdcmd_ctrl/bbstub_locked |               31 |             64 |         2.06 |
|  pll1/inst/clk_sd | u_IO_Management/u_SD_Data_Decoder/u_sd_file_reader/u_sd_reader/filesystem_state_reg[0]_1[0]                 | u_IO_Management/u_SD_Data_Decoder/u_sd_file_reader/u_sd_reader/u_sdcmd_ctrl/bbstub_locked |               18 |             72 |         4.00 |
|  pll1/inst/clk_sd |                                                                                                             | u_IO_Management/u_SD_Data_Decoder/u_sd_file_reader/u_sd_reader/u_sdcmd_ctrl/bbstub_locked |               81 |            229 |         2.83 |
+-------------------+-------------------------------------------------------------------------------------------------------------+-------------------------------------------------------------------------------------------+------------------+----------------+--------------+


