#-----------------------------------------------------------
# Vivado v2024.2 (64-bit)
# SW Build 5239630 on Fri Nov 08 22:35:27 MST 2024
# IP Build 5239520 on Sun Nov 10 16:12:51 MST 2024
# SharedData Build 5239561 on Fri Nov 08 14:39:27 MST 2024
# Start of session at: Wed Apr  9 18:56:21 2025
# Process ID         : 18940
# Current directory  : C:/Users/Amr/Documents/GitHub/4280-Group12/LRU/SD Example/sdthing
# Command line       : vivado.exe -gui_launcher_event rodinguilauncherevent20276 C:\Users\Amr\Documents\GitHub\4280-Group12\LRU\SD Example\sdthing\sdthing.xpr
# Log file           : C:/Users/Amr/Documents/GitHub/4280-Group12/LRU/SD Example/sdthing/vivado.log
# Journal file       : C:/Users/Amr/Documents/GitHub/4280-Group12/LRU/SD Example/sdthing\vivado.jou
# Running On         : DESKTOP-O22QL9I
# Platform           : Windows Server 2016 or Windows 10
# Operating System   : 26100
# Processor Detail   : 11th Gen Intel(R) Core(TM) i7-1165G7 @ 2.80GHz
# CPU Frequency      : 2803 MHz
# CPU Physical cores : 4
# CPU Logical cores  : 8
# Host memory        : 34081 MB
# Swap memory        : 2147 MB
# Total Virtual      : 36229 MB
# Available Virtual  : 22476 MB
#-----------------------------------------------------------
start_gui
open_project {C:/Users/Amr/Documents/GitHub/4280-Group12/LRU/SD Example/sdthing/sdthing.xpr}
INFO: [filemgmt 56-3] Default IP Output Path : Could not find the directory 'C:/Users/Amr/Documents/GitHub/4280-Group12/LRU/SD Example/sdthing/sdthing.gen/sources_1'.
Scanning sources...
Finished scanning sources
INFO: [IP_Flow 19-234] Refreshing IP repositories
INFO: [IP_Flow 19-1704] No user IP repositories specified
INFO: [IP_Flow 19-2313] Loaded Vivado IP repository 'C:/Xilinx/Vivado/2024.2/data/ip'.
open_project: Time (s): cpu = 00:00:14 ; elapsed = 00:00:06 . Memory (MB): peak = 1185.844 ; gain = 112.199
update_compile_order -fileset sources_1
