Copyright 1986-2022 Xilinx, Inc. All Rights Reserved. Copyright 2022-2024 Advanced Micro Devices, Inc. All Rights Reserved.
---------------------------------------------------------------------------------------------------------------------------------------------
| Tool Version : Vivado v.2024.2 (win64) Build 5239630 Fri Nov 08 22:35:27 MST 2024
| Date         : Wed Apr  9 19:58:10 2025
| Host         : DESKTOP-O22QL9I running 64-bit major release  (build 9200)
| Command      : report_control_sets -verbose -file fpga_top_control_sets_placed.rpt
| Design       : fpga_top
| Device       : xc7a100t
---------------------------------------------------------------------------------------------------------------------------------------------

Control Set Information

Table of Contents
-----------------
1. Summary
2. Histogram
3. Flip-Flop Distribution
4. Detailed Control Set Information

1. Summary
----------

+----------------------------------------------------------+-------+
|                          Status                          | Count |
+----------------------------------------------------------+-------+
| Total control sets                                       |    75 |
|    Minimum number of control sets                        |    75 |
|    Addition due to synthesis replication                 |     0 |
|    Addition due to physical synthesis replication        |     0 |
| Unused register locations in slices containing registers |   102 |
+----------------------------------------------------------+-------+
* Control sets can be merged at opt_design using control_set_merge or merge_equivalent_drivers
** Run report_qor_suggestions for automated merging and remapping suggestions


2. Histogram
------------

+--------------------+-------+
|       Fanout       | Count |
+--------------------+-------+
| Total control sets |    75 |
| >= 0 to < 4        |     9 |
| >= 4 to < 6        |     3 |
| >= 6 to < 8        |     3 |
| >= 8 to < 10       |    43 |
| >= 10 to < 12      |     0 |
| >= 12 to < 14      |     0 |
| >= 14 to < 16      |     0 |
| >= 16              |    17 |
+--------------------+-------+
* Control sets can be remapped at either synth_design or opt_design


3. Flip-Flop Distribution
-------------------------

+--------------+-----------------------+------------------------+-----------------+--------------+
| Clock Enable | Synchronous Set/Reset | Asynchronous Set/Reset | Total Registers | Total Slices |
+--------------+-----------------------+------------------------+-----------------+--------------+
| No           | No                    | No                     |               3 |            3 |
| No           | No                    | Yes                    |             229 |           77 |
| No           | Yes                   | No                     |               0 |            0 |
| Yes          | No                    | No                     |             298 |           99 |
| Yes          | No                    | Yes                    |             696 |          248 |
| Yes          | Yes                   | No                     |               0 |            0 |
+--------------+-----------------------+------------------------+-----------------+--------------+


4. Detailed Control Set Information
-----------------------------------

+----------------------------+---------------------------------------------------------------------------+---------------------------------------------------------+------------------+----------------+--------------+
|        Clock Signal        |                               Enable Signal                               |                     Set/Reset Signal                    | Slice Load Count | Bel Load Count | Bels / Slice |
+----------------------------+---------------------------------------------------------------------------+---------------------------------------------------------+------------------+----------------+--------------+
|  u_clk_wiz_0/inst/clk_out1 | u_sd_file_reader/u_sd_reader/u_sdcmd_ctrl/ridx_reg[1][0]                  | u_sd_file_reader/u_sd_reader/u_sdcmd_ctrl/bbstub_locked |                1 |              1 |         1.00 |
|  u_clk_wiz_0/inst/clk_out1 | u_sd_file_reader/u_sd_reader/u_sdcmd_ctrl/ridx_reg[1][2]                  | u_sd_file_reader/u_sd_reader/u_sdcmd_ctrl/bbstub_locked |                1 |              1 |         1.00 |
|  u_clk_wiz_0/inst/clk_out1 | u_sd_file_reader/u_sd_reader/u_sdcmd_ctrl/ridx_reg[1][4]                  | u_sd_file_reader/u_sd_reader/u_sdcmd_ctrl/bbstub_locked |                1 |              1 |         1.00 |
|  u_clk_wiz_0/inst/clk_out1 | u_sd_file_reader/u_sd_reader/u_sdcmd_ctrl/ridx_reg[1][7]                  | u_sd_file_reader/u_sd_reader/u_sdcmd_ctrl/bbstub_locked |                1 |              1 |         1.00 |
|  u_clk_wiz_0/inst/clk_out1 | u_sd_file_reader/u_sd_reader/u_sdcmd_ctrl/ridx_reg[1][3]                  | u_sd_file_reader/u_sd_reader/u_sdcmd_ctrl/bbstub_locked |                1 |              1 |         1.00 |
|  u_clk_wiz_0/inst/clk_out1 | u_sd_file_reader/u_sd_reader/u_sdcmd_ctrl/ridx_reg[1][1]                  | u_sd_file_reader/u_sd_reader/u_sdcmd_ctrl/bbstub_locked |                1 |              1 |         1.00 |
|  u_clk_wiz_0/inst/clk_out1 | u_sd_file_reader/u_sd_reader/u_sdcmd_ctrl/ridx_reg[1][5]                  | u_sd_file_reader/u_sd_reader/u_sdcmd_ctrl/bbstub_locked |                1 |              1 |         1.00 |
|  u_clk_wiz_0/inst/clk_out1 | u_sd_file_reader/u_sd_reader/u_sdcmd_ctrl/ridx_reg[1][6]                  | u_sd_file_reader/u_sd_reader/u_sdcmd_ctrl/bbstub_locked |                1 |              1 |         1.00 |
|  u_clk_wiz_0/inst/clk_out1 |                                                                           |                                                         |                3 |              3 |         1.00 |
|  u_clk_wiz_0/inst/clk_out1 | u_sd_file_reader/u_sd_reader/outaddr_reg[4]_3[0]                          |                                                         |                2 |              4 |         2.00 |
|  u_clk_wiz_0/inst/clk_out1 | u_sd_file_reader/u_sd_reader/u_sdcmd_ctrl/FSM_onehot_sddat_stat_reg[4][0] | u_sd_file_reader/u_sd_reader/u_sdcmd_ctrl/bbstub_locked |                2 |              4 |         2.00 |
|  u_clk_wiz_0/inst/clk_out1 | u_sd_file_reader/u_sd_reader/u_sdcmd_ctrl/FSM_onehot_sddat_stat_reg[0][0] | u_sd_file_reader/u_sd_reader/u_sdcmd_ctrl/bbstub_locked |                2 |              5 |         2.50 |
|  u_clk_wiz_0/inst/clk_out1 | u_sd_file_reader/u_sd_reader/u_sdcmd_ctrl/cnt2[5]_i_1_n_0                 | u_sd_file_reader/u_sd_reader/u_sdcmd_ctrl/bbstub_locked |                2 |              6 |         3.00 |
|  u_clk_wiz_0/inst/clk_out1 | u_sd_file_reader/u_sd_reader/outaddr_reg[4]_4[0]                          |                                                         |                2 |              7 |         3.50 |
|  u_clk_wiz_0/inst/clk_out1 | u_sd_file_reader/u_sd_reader/u_sdcmd_ctrl/req_crc[6]_i_1_n_0              | u_sd_file_reader/u_sd_reader/u_sdcmd_ctrl/bbstub_locked |                2 |              7 |         3.50 |
|  u_clk_wiz_0/inst/clk_out1 | u_sd_file_reader/u_sd_reader/filesystem_reg[1]_0[3]                       | u_sd_file_reader/u_sd_reader/u_sdcmd_ctrl/bbstub_locked |                3 |              8 |         2.67 |
|  u_clk_wiz_0/inst/clk_out1 | u_sd_file_reader/u_sd_reader/filesystem_state_reg[0]_11[0]                | u_sd_file_reader/u_sd_reader/u_sdcmd_ctrl/bbstub_locked |                4 |              8 |         2.00 |
|  u_clk_wiz_0/inst/clk_out1 | u_sd_file_reader/u_sd_reader/filesystem_state_reg[0]_12[0]                | u_sd_file_reader/u_sd_reader/u_sdcmd_ctrl/bbstub_locked |                3 |              8 |         2.67 |
|  u_clk_wiz_0/inst/clk_out1 | u_sd_file_reader/u_sd_reader/filesystem_state_reg[0]_13[0]                | u_sd_file_reader/u_sd_reader/u_sdcmd_ctrl/bbstub_locked |                3 |              8 |         2.67 |
|  u_clk_wiz_0/inst/clk_out1 | u_sd_file_reader/u_sd_reader/filesystem_state_reg[0]_7[0]                 | u_sd_file_reader/u_sd_reader/u_sdcmd_ctrl/bbstub_locked |                3 |              8 |         2.67 |
|  u_clk_wiz_0/inst/clk_out1 | u_sd_file_reader/u_sd_reader/filesystem_state_reg[0]_4[0]                 | u_sd_file_reader/u_sd_reader/u_sdcmd_ctrl/bbstub_locked |                4 |              8 |         2.00 |
|  u_clk_wiz_0/inst/clk_out1 | u_sd_file_reader/u_sd_reader/filesystem_state_reg[2]_0[0]                 | u_sd_file_reader/u_sd_reader/u_sdcmd_ctrl/bbstub_locked |                1 |              8 |         8.00 |
|  u_clk_wiz_0/inst/clk_out1 | u_sd_file_reader/u_sd_reader/filesystem_state_reg[0]_6[0]                 | u_sd_file_reader/u_sd_reader/u_sdcmd_ctrl/bbstub_locked |                2 |              8 |         4.00 |
|  u_clk_wiz_0/inst/clk_out1 | u_sd_file_reader/u_sd_reader/filesystem_state_reg[0]_8[0]                 | u_sd_file_reader/u_sd_reader/u_sdcmd_ctrl/bbstub_locked |                3 |              8 |         2.67 |
|  u_clk_wiz_0/inst/clk_out1 | u_sd_file_reader/u_sd_reader/filesystem_state_reg[0]_9[0]                 | u_sd_file_reader/u_sd_reader/u_sdcmd_ctrl/bbstub_locked |                3 |              8 |         2.67 |
|  u_clk_wiz_0/inst/clk_out1 | u_sd_file_reader/u_sd_reader/filesystem_state_reg[2][0]                   | u_sd_file_reader/u_sd_reader/u_sdcmd_ctrl/bbstub_locked |                4 |              8 |         2.00 |
|  u_clk_wiz_0/inst/clk_out1 | u_sd_file_reader/u_sd_reader/filesystem_state_reg[0]_10[0]                | u_sd_file_reader/u_sd_reader/u_sdcmd_ctrl/bbstub_locked |                2 |              8 |         4.00 |
|  u_clk_wiz_0/inst/clk_out1 | u_sd_file_reader/u_sd_reader/filesystem_state_reg[0]_5[0]                 | u_sd_file_reader/u_sd_reader/u_sdcmd_ctrl/bbstub_locked |                4 |              8 |         2.00 |
|  u_clk_wiz_0/inst/clk_out1 | u_sd_file_reader/u_sd_reader/outaddr_reg[0]_0[0]                          |                                                         |                3 |              8 |         2.67 |
|  u_clk_wiz_0/inst/clk_out1 | u_sd_file_reader/u_sd_reader/outaddr_reg[5]_0[0]                          |                                                         |                7 |              8 |         1.14 |
|  u_clk_wiz_0/inst/clk_out1 | u_sd_file_reader/u_sd_reader/outaddr_reg[3]_2[0]                          |                                                         |                2 |              8 |         4.00 |
|  u_clk_wiz_0/inst/clk_out1 | u_sd_file_reader/u_sd_reader/outaddr_reg[6]_0[0]                          |                                                         |                5 |              8 |         1.60 |
|  u_clk_wiz_0/inst/clk_out1 | u_sd_file_reader/u_sd_reader/outaddr_reg[2]_2[0]                          |                                                         |                1 |              8 |         8.00 |
|  u_clk_wiz_0/inst/clk_out1 | u_sd_file_reader/u_sd_reader/outaddr_reg[4]_5[0]                          |                                                         |                2 |              8 |         4.00 |
|  u_clk_wiz_0/inst/clk_out1 | u_sd_file_reader/u_sd_reader/outaddr_reg[6]_1[0]                          |                                                         |                3 |              8 |         2.67 |
|  u_clk_wiz_0/inst/clk_out1 | u_sd_file_reader/u_sd_reader/outaddr_reg[4]_1[0]                          |                                                         |                2 |              8 |         4.00 |
|  u_clk_wiz_0/inst/clk_out1 | u_sd_file_reader/u_sd_reader/outaddr_reg[2]_0[0]                          |                                                         |                2 |              8 |         4.00 |
|  u_clk_wiz_0/inst/clk_out1 | u_sd_file_reader/u_sd_reader/filesystem_reg[1]_0[0]                       | u_sd_file_reader/u_sd_reader/u_sdcmd_ctrl/bbstub_locked |                2 |              8 |         4.00 |
|  u_clk_wiz_0/inst/clk_out1 | u_sd_file_reader/u_sd_reader/outaddr_reg[8]_1[0]                          |                                                         |                7 |              8 |         1.14 |
|  u_clk_wiz_0/inst/clk_out1 | u_sd_file_reader/u_sd_reader/outaddr_reg[1]_2[0]                          |                                                         |                2 |              8 |         4.00 |
|  u_clk_wiz_0/inst/clk_out1 | u_sd_file_reader/u_sd_reader/outaddr_reg[0]_1[0]                          |                                                         |                3 |              8 |         2.67 |
|  u_clk_wiz_0/inst/clk_out1 | u_sd_file_reader/u_sd_reader/outaddr_reg[0]_3[0]                          |                                                         |                3 |              8 |         2.67 |
|  u_clk_wiz_0/inst/clk_out1 | u_sd_file_reader/u_sd_reader/outaddr_reg[1]_0[0]                          |                                                         |                3 |              8 |         2.67 |
|  u_clk_wiz_0/inst/clk_out1 | u_sd_file_reader/u_sd_reader/outaddr_reg[1]_1[0]                          |                                                         |                1 |              8 |         8.00 |
|  u_clk_wiz_0/inst/clk_out1 | u_sd_file_reader/u_sd_reader/outaddr_reg[2]_1[0]                          |                                                         |                3 |              8 |         2.67 |
|  u_clk_wiz_0/inst/clk_out1 | u_sd_file_reader/u_sd_reader/outaddr_reg[3]_3[0]                          |                                                         |                2 |              8 |         4.00 |
|  u_clk_wiz_0/inst/clk_out1 | u_sd_file_reader/u_sd_reader/outaddr_reg[4]_0[0]                          |                                                         |                3 |              8 |         2.67 |
|  u_clk_wiz_0/inst/clk_out1 | u_sd_file_reader/u_sd_reader/outaddr_reg[8]_0[0]                          |                                                         |                2 |              8 |         4.00 |
|  u_clk_wiz_0/inst/clk_out1 | u_sd_file_reader/u_sd_reader/outaddr_reg[3]_1[0]                          |                                                         |                3 |              8 |         2.67 |
|  u_clk_wiz_0/inst/clk_out1 | u_sd_file_reader/u_sd_reader/outen_reg_0[0]                               |                                                         |                3 |              8 |         2.67 |
|  u_clk_wiz_0/inst/clk_out1 | u_sd_file_reader/u_sd_reader/u_sdcmd_ctrl/cnt3[7]_i_1_n_0                 | u_sd_file_reader/u_sd_reader/u_sdcmd_ctrl/bbstub_locked |                3 |              8 |         2.67 |
|  u_clk_wiz_0/inst/clk_out1 | u_sd_file_reader/u_sd_reader/u_sdcmd_ctrl/cnt4[7]_i_1_n_0                 | u_sd_file_reader/u_sd_reader/u_sdcmd_ctrl/bbstub_locked |                3 |              8 |         2.67 |
|  u_clk_wiz_0/inst/clk_out1 | u_sd_file_reader/u_sd_reader/search_fat_reg[0]                            | u_sd_file_reader/u_sd_reader/u_sdcmd_ctrl/bbstub_locked |                2 |              8 |         4.00 |
|  u_clk_wiz_0/inst/clk_out1 | u_sd_file_reader/u_sd_reader/search_fat_reg[1]                            | u_sd_file_reader/u_sd_reader/u_sdcmd_ctrl/bbstub_locked |                2 |              8 |         4.00 |
|  u_clk_wiz_0/inst/clk_out1 | u_sd_file_reader/u_sd_reader/outaddr_reg[0]_2[0]                          |                                                         |                2 |              8 |         4.00 |
|  u_clk_wiz_0/inst/clk_out1 | u_sd_file_reader/u_sd_reader/E[0]                                         |                                                         |                2 |              8 |         4.00 |
|  u_clk_wiz_0/inst/clk_out1 | u_sd_file_reader/u_sd_reader/filesystem_reg[1]_0[1]                       | u_sd_file_reader/u_sd_reader/u_sdcmd_ctrl/bbstub_locked |                4 |              8 |         2.00 |
|  u_clk_wiz_0/inst/clk_out1 | u_sd_file_reader/u_sd_reader/filesystem_reg[1]_0[2]                       | u_sd_file_reader/u_sd_reader/u_sdcmd_ctrl/bbstub_locked |                3 |              8 |         2.67 |
|  u_clk_wiz_0/inst/clk_out1 | u_sd_file_reader/u_sd_reader/u_sdcmd_ctrl/cnt1[0]_i_1_n_0                 | u_sd_file_reader/u_sd_reader/u_sdcmd_ctrl/bbstub_locked |                4 |             16 |         4.00 |
|  u_clk_wiz_0/inst/clk_out1 | u_sd_file_reader/u_sd_reader/u_sdcmd_ctrl/syntaxe_reg_0[0]                | u_sd_file_reader/u_sd_reader/u_sdcmd_ctrl/bbstub_locked |                3 |             16 |         5.33 |
|  u_clk_wiz_0/inst/clk_out1 | u_sd_file_reader/u_sd_reader/u_sdcmd_ctrl/E[0]                            | u_sd_file_reader/u_sd_reader/u_sdcmd_ctrl/bbstub_locked |                7 |             32 |         4.57 |
|  u_clk_wiz_0/inst/clk_out1 | u_sd_file_reader/u_sd_reader/FSM_onehot_sddat_stat_reg[3]_0[0]            | u_sd_file_reader/u_sd_reader/u_sdcmd_ctrl/bbstub_locked |               32 |             32 |         1.00 |
|  u_clk_wiz_0/inst/clk_out1 | u_sd_file_reader/u_sd_reader/filesystem_state_reg[0]_3[0]                 | u_sd_file_reader/u_sd_reader/u_sdcmd_ctrl/bbstub_locked |               15 |             32 |         2.13 |
|  u_clk_wiz_0/inst/clk_out1 | u_sd_file_reader/u_sd_reader/u_sdcmd_ctrl/busy_reg_0                      | u_sd_file_reader/u_sd_reader/u_sdcmd_ctrl/bbstub_locked |               12 |             32 |         2.67 |
|  u_clk_wiz_0/inst/clk_out1 | nolabel_line101/buff_reg_0_0_i_2_n_0                                      |                                                         |                9 |             32 |         3.56 |
|  u_clk_wiz_0/inst/clk_out1 | nolabel_line101/bufco                                                     |                                                         |                9 |             33 |         3.67 |
|  u_clk_wiz_0/inst/clk_out1 | u_sd_file_reader/u_sd_reader/u_sdcmd_ctrl/p_18_in                         | u_sd_file_reader/u_sd_reader/u_sdcmd_ctrl/bbstub_locked |                8 |             38 |         4.75 |
|  u_clk_wiz_0/inst/clk_out1 | nolabel_line101/wai[0]                                                    |                                                         |               11 |             38 |         3.45 |
|  u_clk_wiz_0/inst/clk_out1 | u_sd_file_reader/u_sd_reader/u_sdcmd_ctrl/resp_arg                        | u_sd_file_reader/u_sd_reader/u_sdcmd_ctrl/bbstub_locked |                9 |             39 |         4.33 |
|  u_clk_wiz_0/inst/clk_out1 | u_sd_file_reader/u_sd_reader/fptr0                                        | u_sd_file_reader/u_sd_reader/u_sdcmd_ctrl/bbstub_locked |               12 |             40 |         3.33 |
|  u_clk_wiz_0/inst/clk_out1 | u_sd_file_reader/u_sd_reader/filesystem_state_reg[0]_1[0]                 | u_sd_file_reader/u_sd_reader/u_sdcmd_ctrl/bbstub_locked |               12 |             44 |         3.67 |
|  u_clk_wiz_0/inst/clk_out1 | u_sd_file_reader/file_found0                                              | u_sd_file_reader/u_sd_reader/u_sdcmd_ctrl/bbstub_locked |               15 |             49 |         3.27 |
|  u_clk_wiz_0/inst/clk_out1 | u_sd_file_reader/u_sd_reader/fready152_out                                | u_sd_file_reader/u_sd_reader/u_sdcmd_ctrl/bbstub_locked |               27 |             64 |         2.37 |
|  u_clk_wiz_0/inst/clk_out1 | u_sd_file_reader/u_sd_reader/filesystem_state_reg[0]_2[0]                 | u_sd_file_reader/u_sd_reader/u_sdcmd_ctrl/bbstub_locked |               18 |             72 |         4.00 |
|  u_clk_wiz_0/inst/clk_out1 |                                                                           | u_sd_file_reader/u_sd_reader/u_sdcmd_ctrl/bbstub_locked |               77 |            229 |         2.97 |
+----------------------------+---------------------------------------------------------------------------+---------------------------------------------------------+------------------+----------------+--------------+


