#-----------------------------------------------------------
# Vivado v2024.2 (64-bit)
# SW Build 5239630 on Fri Nov 08 22:35:27 MST 2024
# IP Build 5239520 on Sun Nov 10 16:12:51 MST 2024
# SharedData Build 5239561 on Fri Nov 08 14:39:27 MST 2024
# Start of session at: Wed Apr 16 03:58:27 2025
# Process ID         : 23408
# Current directory  : C:/Users/amr21/Documents/GitHub/4280-Group12/LRU/LRU Project
# Command line       : vivado.exe -gui_launcher_event rodinguilauncherevent12596 C:\Users\amr21\Documents\GitHub\4280-Group12\LRU\LRU Project\LRU Project.xpr
# Log file           : C:/Users/amr21/Documents/GitHub/4280-Group12/LRU/LRU Project/vivado.log
# Journal file       : C:/Users/amr21/Documents/GitHub/4280-Group12/LRU/LRU Project\vivado.jou
# Running On         : DESKTOP-AAIHOTM
# Platform           : Windows Server 2016 or Windows 10
# Operating System   : 26100
# Processor Detail   : 11th Gen Intel(R) Core(TM) i7-11700K @ 3.60GHz
# CPU Frequency      : 3600 MHz
# CPU Physical cores : 8
# CPU Logical cores  : 16
# Host memory        : 68544 MB
# Swap memory        : 55029 MB
# Total Virtual      : 123574 MB
# Available Virtual  : 107409 MB
#-----------------------------------------------------------
start_gui
open_project {C:/Users/amr21/Documents/GitHub/4280-Group12/LRU/LRU Project/LRU Project.xpr}
INFO: [Project 1-313] Project file moved from 'C:/Users/amr21/Documents/GitHub/4280-Group12/LRU/DDR2 Ex/mig_example-master/LRU Project' since last save.
CRITICAL WARNING: [Project 1-311] Could not find the file 'C:/Users/amr21/Documents/GitHub/4280-Group12/LRU/sdCode/fpga_top.v', nor could it be found using path 'C:/Users/amr21/Documents/GitHub/4280-Group12/LRU/DDR2 Ex/mig_example-master/sdCode/fpga_top.v'.
CRITICAL WARNING: [Project 1-311] Could not find the file 'C:/Users/amr21/Documents/GitHub/4280-Group12/LRU/mig_example.srcs/io_def.vh', nor could it be found using path 'C:/Users/amr21/Documents/GitHub/4280-Group12/LRU/DDR2 Ex/mig_example-master/mig_example.srcs/io_def.vh'.
CRITICAL WARNING: [Project 1-311] Could not find the file 'C:/Users/amr21/Documents/GitHub/4280-Group12/LRU/mig_example.srcs/mig_example_top.v', nor could it be found using path 'C:/Users/amr21/Documents/GitHub/4280-Group12/LRU/DDR2 Ex/mig_example-master/mig_example.srcs/mig_example_top.v'.
CRITICAL WARNING: [Project 1-311] Could not find the file 'C:/Users/amr21/Documents/GitHub/4280-Group12/LRU/sdCode/sd_file_reader.v', nor could it be found using path 'C:/Users/amr21/Documents/GitHub/4280-Group12/LRU/DDR2 Ex/mig_example-master/sdCode/sd_file_reader.v'.
CRITICAL WARNING: [Project 1-311] Could not find the file 'C:/Users/amr21/Documents/GitHub/4280-Group12/LRU/sdCode/sd_reader.v', nor could it be found using path 'C:/Users/amr21/Documents/GitHub/4280-Group12/LRU/DDR2 Ex/mig_example-master/sdCode/sd_reader.v'.
CRITICAL WARNING: [Project 1-311] Could not find the file 'C:/Users/amr21/Documents/GitHub/4280-Group12/LRU/sdCode/sdcmd_ctrl.v', nor could it be found using path 'C:/Users/amr21/Documents/GitHub/4280-Group12/LRU/DDR2 Ex/mig_example-master/sdCode/sdcmd_ctrl.v'.
CRITICAL WARNING: [Project 1-311] Could not find the file 'C:/Users/amr21/Documents/GitHub/4280-Group12/LRU/sdCode/sd_test.v', nor could it be found using path 'C:/Users/amr21/Documents/GitHub/4280-Group12/LRU/DDR2 Ex/mig_example-master/sdCode/sd_test.v'.
CRITICAL WARNING: [Project 1-311] Could not find the file 'C:/Users/amr21/Documents/GitHub/4280-Group12/LRU/mig_example.srcs/ddr2_model_parameters.vh', nor could it be found using path 'C:/Users/amr21/Documents/GitHub/4280-Group12/LRU/DDR2 Ex/mig_example-master/mig_example.srcs/ddr2_model_parameters.vh'.
CRITICAL WARNING: [Project 1-311] Could not find the file 'C:/Users/amr21/Documents/GitHub/4280-Group12/LRU/mig_example.srcs/ddr2_model.v', nor could it be found using path 'C:/Users/amr21/Documents/GitHub/4280-Group12/LRU/DDR2 Ex/mig_example-master/mig_example.srcs/ddr2_model.v'.
CRITICAL WARNING: [Project 1-311] Could not find the file 'C:/Users/amr21/Documents/GitHub/4280-Group12/LRU/sdCode/uart_tx.v', nor could it be found using path 'C:/Users/amr21/Documents/GitHub/4280-Group12/LRU/DDR2 Ex/mig_example-master/sdCode/uart_tx.v'.
CRITICAL WARNING: [Project 1-311] Could not find the file 'C:/Users/amr21/Documents/GitHub/4280-Group12/LRU/sdCode/Nexys-4-DDR-pins.xdc', nor could it be found using path 'C:/Users/amr21/Documents/GitHub/4280-Group12/LRU/DDR2 Ex/mig_example-master/sdCode/Nexys-4-DDR-pins.xdc'.
Scanning sources...
Finished scanning sources
INFO: [IP_Flow 19-234] Refreshing IP repositories
INFO: [IP_Flow 19-1704] No user IP repositories specified
INFO: [IP_Flow 19-2313] Loaded Vivado IP repository 'C:/Xilinx/Vivado/2024.2/data/ip'.
open_project: Time (s): cpu = 00:00:13 ; elapsed = 00:00:08 . Memory (MB): peak = 1242.855 ; gain = 172.832
update_compile_order -fileset sources_1
add_files -norecurse {{C:/Users/amr21/Documents/GitHub/4280-Group12/LRU/LRU Project/SD Code/sd_reader.v} {C:/Users/amr21/Documents/GitHub/4280-Group12/LRU/LRU Project/SD Code/fpga_top.v} {C:/Users/amr21/Documents/GitHub/4280-Group12/LRU/LRU Project/SD Code/uart_tx.v} {C:/Users/amr21/Documents/GitHub/4280-Group12/LRU/LRU Project/SD Code/sd_test.v} {C:/Users/amr21/Documents/GitHub/4280-Group12/LRU/LRU Project/SD Code/sdcmd_ctrl.v} {C:/Users/amr21/Documents/GitHub/4280-Group12/LRU/LRU Project/SD Code/sd_file_reader.v}}
update_compile_order -fileset sources_1
add_files -norecurse {{C:/Users/amr21/Documents/GitHub/4280-Group12/LRU/LRU Project/RAM Code/ddr2_model_parameters.vh} {C:/Users/amr21/Documents/GitHub/4280-Group12/LRU/LRU Project/RAM Code/io_def.vh}}
add_files -norecurse {{C:/Users/amr21/Documents/GitHub/4280-Group12/LRU/LRU Project/RAM Code/mig_example_top.v} {C:/Users/amr21/Documents/GitHub/4280-Group12/LRU/LRU Project/RAM Code/flag_sync.v} {C:/Users/amr21/Documents/GitHub/4280-Group12/LRU/LRU Project/RAM Code/checkddr.v} {C:/Users/amr21/Documents/GitHub/4280-Group12/LRU/LRU Project/RAM Code/mem_example.v} {C:/Users/amr21/Documents/GitHub/4280-Group12/LRU/LRU Project/RAM Code/mig_example_tb.v} {C:/Users/amr21/Documents/GitHub/4280-Group12/LRU/LRU Project/RAM Code/ddr2_model.v} {C:/Users/amr21/Documents/GitHub/4280-Group12/LRU/LRU Project/RAM Code/ff_sync.v}}
update_compile_order -fileset sources_1
export_ip_user_files -of_objects  [get_files {{C:/Users/amr21/Documents/GitHub/4280-Group12/LRU/LRU Project/LRU Project.srcs/sources_1/new/checkddr.v}}] -no_script -reset -force -quiet
remove_files  {{C:/Users/amr21/Documents/GitHub/4280-Group12/LRU/LRU Project/LRU Project.srcs/sources_1/new/checkddr.v}}
export_ip_user_files -of_objects  [get_files {{C:/Users/amr21/Documents/GitHub/4280-Group12/LRU/LRU Project/LRU Project.srcs/sources_1/new/ff_sync.v}}] -no_script -reset -force -quiet
remove_files  {{C:/Users/amr21/Documents/GitHub/4280-Group12/LRU/LRU Project/LRU Project.srcs/sources_1/new/ff_sync.v}}
export_ip_user_files -of_objects  [get_files {{C:/Users/amr21/Documents/GitHub/4280-Group12/LRU/LRU Project/LRU Project.srcs/sources_1/new/flag_sync.v}}] -no_script -reset -force -quiet
remove_files  {{C:/Users/amr21/Documents/GitHub/4280-Group12/LRU/LRU Project/LRU Project.srcs/sources_1/new/flag_sync.v}}
export_ip_user_files -of_objects  [get_files {{C:/Users/amr21/Documents/GitHub/4280-Group12/LRU/LRU Project/LRU Project.srcs/sources_1/new/mem_example.v}}] -no_script -reset -force -quiet
remove_files  {{C:/Users/amr21/Documents/GitHub/4280-Group12/LRU/LRU Project/LRU Project.srcs/sources_1/new/mem_example.v}}
file mkdir C:/Users/amr21/Documents/GitHub/4280-Group12/LRU/sdCode
add_files -fileset constrs_1 -norecurse {{C:/Users/amr21/Documents/GitHub/4280-Group12/LRU/LRU Project/SD Code/Nexys-4-DDR-pins.xdc}}
WARNING: [filemgmt 56-199] Attempt to get parsing info during refresh. "On-the-fly" syntax checking information may be incorrect. [C:\Users\amr21\Documents\GitHub\4280-Group12\LRU\LRU Project\SD Code\sd_test.v:]
WARNING: [filemgmt 56-199] Attempt to get parsing info during refresh. "On-the-fly" syntax checking information may be incorrect. [C:\Users\amr21\Documents\GitHub\4280-Group12\LRU\LRU Project\SD Code\fpga_top.v:]
WARNING: [filemgmt 56-199] Attempt to get parsing info during refresh. "On-the-fly" syntax checking information may be incorrect. [C:\Users\amr21\Documents\GitHub\4280-Group12\LRU\LRU Project\SD Code\fpga_top.v:]
WARNING: [filemgmt 56-199] Attempt to get parsing info during refresh. "On-the-fly" syntax checking information may be incorrect. [C:\Users\amr21\Documents\GitHub\4280-Group12\LRU\LRU Project\SD Code\fpga_top.v:]
ERROR: [Common 17-180] Spawn failed: No error
export_ip_user_files -of_objects  [get_files C:/Users/amr21/Documents/GitHub/4280-Group12/LRU/sdCode/Nexys-4-DDR-pins.xdc] -no_script -reset -force -quiet
remove_files  -fileset constrs_1 C:/Users/amr21/Documents/GitHub/4280-Group12/LRU/sdCode/Nexys-4-DDR-pins.xdc
WARNING: [filemgmt 56-199] Attempt to get parsing info during refresh. "On-the-fly" syntax checking information may be incorrect. [C:\Users\amr21\Documents\GitHub\4280-Group12\LRU\LRU Project\SD Code\sd_test.v:]
WARNING: [filemgmt 56-199] Attempt to get parsing info during refresh. "On-the-fly" syntax checking information may be incorrect. [C:\Users\amr21\Documents\GitHub\4280-Group12\LRU\LRU Project\SD Code\fpga_top.v:]
WARNING: [filemgmt 56-199] Attempt to get parsing info during refresh. "On-the-fly" syntax checking information may be incorrect. [C:\Users\amr21\Documents\GitHub\4280-Group12\LRU\LRU Project\SD Code\fpga_top.v:]
WARNING: [filemgmt 56-199] Attempt to get parsing info during refresh. "On-the-fly" syntax checking information may be incorrect. [C:\Users\amr21\Documents\GitHub\4280-Group12\LRU\LRU Project\SD Code\fpga_top.v:]
ERROR: [Common 17-180] Spawn failed: No error
reset_run synth_1
launch_runs impl_1 -to_step write_bitstream -jobs 16
[Wed Apr 16 04:05:33 2025] Launched synth_1...
Run output will be captured here: C:/Users/amr21/Documents/GitHub/4280-Group12/LRU/LRU Project/LRU Project.runs/synth_1/runme.log
[Wed Apr 16 04:05:33 2025] Launched impl_1...
Run output will be captured here: C:/Users/amr21/Documents/GitHub/4280-Group12/LRU/LRU Project/LRU Project.runs/impl_1/runme.log
open_hw_manager
connect_hw_server -allow_non_jtag
INFO: [Labtools 27-2285] Connecting to hw_server url TCP:localhost:3121
INFO: [Labtools 27-2222] Launching hw_server...
INFO: [Labtools 27-2221] Launch Output:

****** Xilinx hw_server v2024.2
  **** Build date : Oct 29 2024 at 10:25:41
    ** Copyright 1986-2022 Xilinx, Inc. All Rights Reserved.


INFO: [Labtools 27-3415] Connecting to cs_server url TCP:localhost:0
INFO: [Labtools 27-3417] Launching cs_server...
INFO: [Labtools 27-2221] Launch Output:


******** Xilinx cs_server v2024.2.0
  ****** Build date   : Oct 30 2024-14:19:07
    **** Build number : 2024.2.1730312347
      ** Copyright 2017-2022 Xilinx, Inc. All Rights Reserved.
      ** Copyright 2022-2025 Advanced Micro Devices, Inc. All Rights Reserved.



connect_hw_server: Time (s): cpu = 00:00:01 ; elapsed = 00:00:06 . Memory (MB): peak = 1310.836 ; gain = 8.227
open_hw_target
INFO: [Labtoolstcl 44-466] Opening hw_target localhost:3121/xilinx_tcf/Digilent/210292BCFA7CA
set_property PROGRAM.FILE {C:/Users/amr21/Documents/GitHub/4280-Group12/LRU/LRU Project/LRU Project.runs/impl_1/supertop.bit} [get_hw_devices xc7a100t_0]
current_hw_device [get_hw_devices xc7a100t_0]
refresh_hw_device -update_hw_probes false [lindex [get_hw_devices xc7a100t_0] 0]
INFO: [Labtools 27-1434] Device xc7a100t (JTAG device index = 0) is programmed with a design that has no supported debug core(s) in it.
set_property PROBES.FILE {} [get_hw_devices xc7a100t_0]
set_property FULL_PROBES.FILE {} [get_hw_devices xc7a100t_0]
set_property PROGRAM.FILE {C:/Users/amr21/Documents/GitHub/4280-Group12/LRU/LRU Project/LRU Project.runs/impl_1/supertop.bit} [get_hw_devices xc7a100t_0]
program_hw_devices [get_hw_devices xc7a100t_0]
INFO: [Labtools 27-3164] End of startup status: HIGH
refresh_hw_device [lindex [get_hw_devices xc7a100t_0] 0]
INFO: [Labtools 27-1434] Device xc7a100t (JTAG device index = 0) is programmed with a design that has no supported debug core(s) in it.
reset_run impl_1 -prev_step 
launch_runs impl_1 -to_step write_bitstream -jobs 16
[Wed Apr 16 04:09:09 2025] Launched impl_1...
Run output will be captured here: C:/Users/amr21/Documents/GitHub/4280-Group12/LRU/LRU Project/LRU Project.runs/impl_1/runme.log
set_property PROBES.FILE {} [get_hw_devices xc7a100t_0]
set_property FULL_PROBES.FILE {} [get_hw_devices xc7a100t_0]
set_property PROGRAM.FILE {C:/Users/amr21/Documents/GitHub/4280-Group12/LRU/LRU Project/LRU Project.runs/impl_1/supertop.bit} [get_hw_devices xc7a100t_0]
program_hw_devices [get_hw_devices xc7a100t_0]
INFO: [Labtools 27-3164] End of startup status: HIGH
refresh_hw_device [lindex [get_hw_devices xc7a100t_0] 0]
INFO: [Labtools 27-1434] Device xc7a100t (JTAG device index = 0) is programmed with a design that has no supported debug core(s) in it.
reset_run synth_1
launch_runs synth_1 -jobs 16
[Wed Apr 16 04:10:56 2025] Launched synth_1...
Run output will be captured here: C:/Users/amr21/Documents/GitHub/4280-Group12/LRU/LRU Project/LRU Project.runs/synth_1/runme.log
launch_runs impl_1 -jobs 16
[Wed Apr 16 04:11:48 2025] Launched impl_1...
Run output will be captured here: C:/Users/amr21/Documents/GitHub/4280-Group12/LRU/LRU Project/LRU Project.runs/impl_1/runme.log
WARNING: [filemgmt 56-199] Attempt to get parsing info during refresh. "On-the-fly" syntax checking information may be incorrect. [C:\Users\amr21\Documents\GitHub\4280-Group12\LRU\LRU Project\LRU Project.srcs\sources_1\new\supertop.v:]
WARNING: [filemgmt 56-199] Attempt to get parsing info during refresh. "On-the-fly" syntax checking information may be incorrect. [C:\Users\amr21\Documents\GitHub\4280-Group12\LRU\LRU Project\RAM Code\mig_example_top.v:]
WARNING: [filemgmt 56-199] Attempt to get parsing info during refresh. "On-the-fly" syntax checking information may be incorrect. [C:\Users\amr21\Documents\GitHub\4280-Group12\LRU\LRU Project\LRU Project.srcs\sources_1\new\supertop.v:]
WARNING: [filemgmt 56-199] Attempt to get parsing info during refresh. "On-the-fly" syntax checking information may be incorrect. [C:\Users\amr21\Documents\GitHub\4280-Group12\LRU\LRU Project\LRU Project.srcs\sources_1\new\supertop.v:]
ERROR: [Common 17-180] Spawn failed: No error
reset_run synth_1
WARNING: [Vivado 12-1017] Problems encountered:
1. Failed to delete one or more files in run directory C:/Users/amr21/Documents/GitHub/4280-Group12/LRU/LRU Project/LRU Project.runs/synth_1

WARNING: [filemgmt 56-199] Attempt to get parsing info during refresh. "On-the-fly" syntax checking information may be incorrect. [C:\Users\amr21\Documents\GitHub\4280-Group12\LRU\LRU Project\LRU Project.srcs\sources_1\new\supertop.v:]
WARNING: [filemgmt 56-199] Attempt to get parsing info during refresh. "On-the-fly" syntax checking information may be incorrect. [C:\Users\amr21\Documents\GitHub\4280-Group12\LRU\LRU Project\RAM Code\mig_example_top.v:]
WARNING: [filemgmt 56-199] Attempt to get parsing info during refresh. "On-the-fly" syntax checking information may be incorrect. [C:\Users\amr21\Documents\GitHub\4280-Group12\LRU\LRU Project\LRU Project.srcs\sources_1\new\supertop.v:]
WARNING: [filemgmt 56-199] Attempt to get parsing info during refresh. "On-the-fly" syntax checking information may be incorrect. [C:\Users\amr21\Documents\GitHub\4280-Group12\LRU\LRU Project\LRU Project.srcs\sources_1\new\supertop.v:]
ERROR: [Common 17-180] Spawn failed: No error
launch_runs impl_1 -to_step write_bitstream -jobs 16
[Wed Apr 16 04:14:17 2025] Launched synth_1...
Run output will be captured here: C:/Users/amr21/Documents/GitHub/4280-Group12/LRU/LRU Project/LRU Project.runs/synth_1/runme.log
[Wed Apr 16 04:14:17 2025] Launched impl_1...
Run output will be captured here: C:/Users/amr21/Documents/GitHub/4280-Group12/LRU/LRU Project/LRU Project.runs/impl_1/runme.log
WARNING: [filemgmt 56-199] Attempt to get parsing info during refresh. "On-the-fly" syntax checking information may be incorrect. [C:\Users\amr21\Documents\GitHub\4280-Group12\LRU\LRU Project\LRU Project.srcs\sources_1\new\supertop.v:]
WARNING: [filemgmt 56-199] Attempt to get parsing info during refresh. "On-the-fly" syntax checking information may be incorrect. [C:\Users\amr21\Documents\GitHub\4280-Group12\LRU\LRU Project\RAM Code\mig_example_top.v:]
WARNING: [filemgmt 56-199] Attempt to get parsing info during refresh. "On-the-fly" syntax checking information may be incorrect. [C:\Users\amr21\Documents\GitHub\4280-Group12\LRU\LRU Project\LRU Project.srcs\sources_1\new\supertop.v:]
WARNING: [filemgmt 56-199] Attempt to get parsing info during refresh. "On-the-fly" syntax checking information may be incorrect. [C:\Users\amr21\Documents\GitHub\4280-Group12\LRU\LRU Project\LRU Project.srcs\sources_1\new\supertop.v:]
ERROR: [Common 17-180] Spawn failed: No error
set_property PROBES.FILE {} [get_hw_devices xc7a100t_0]
set_property FULL_PROBES.FILE {} [get_hw_devices xc7a100t_0]
set_property PROGRAM.FILE {C:/Users/amr21/Documents/GitHub/4280-Group12/LRU/LRU Project/LRU Project.runs/impl_1/supertop.bit} [get_hw_devices xc7a100t_0]
program_hw_devices [get_hw_devices xc7a100t_0]
INFO: [Labtools 27-3164] End of startup status: HIGH
refresh_hw_device [lindex [get_hw_devices xc7a100t_0] 0]
INFO: [Labtools 27-1434] Device xc7a100t (JTAG device index = 0) is programmed with a design that has no supported debug core(s) in it.
WARNING: [filemgmt 56-199] Attempt to get parsing info during refresh. "On-the-fly" syntax checking information may be incorrect. [C:\Users\amr21\Documents\GitHub\4280-Group12\LRU\LRU Project\LRU Project.srcs\sources_1\new\supertop.v:]
WARNING: [filemgmt 56-199] Attempt to get parsing info during refresh. "On-the-fly" syntax checking information may be incorrect. [C:\Users\amr21\Documents\GitHub\4280-Group12\LRU\LRU Project\RAM Code\mig_example_top.v:]
WARNING: [filemgmt 56-199] Attempt to get parsing info during refresh. "On-the-fly" syntax checking information may be incorrect. [C:\Users\amr21\Documents\GitHub\4280-Group12\LRU\LRU Project\LRU Project.srcs\sources_1\new\supertop.v:]
WARNING: [filemgmt 56-199] Attempt to get parsing info during refresh. "On-the-fly" syntax checking information may be incorrect. [C:\Users\amr21\Documents\GitHub\4280-Group12\LRU\LRU Project\LRU Project.srcs\sources_1\new\supertop.v:]
ERROR: [Common 17-180] Spawn failed: No error
WARNING: [filemgmt 56-199] Attempt to get parsing info during refresh. "On-the-fly" syntax checking information may be incorrect. [C:\Users\amr21\Documents\GitHub\4280-Group12\LRU\LRU Project\LRU Project.srcs\sources_1\new\supertop.v:]
WARNING: [filemgmt 56-199] Attempt to get parsing info during refresh. "On-the-fly" syntax checking information may be incorrect. [C:\Users\amr21\Documents\GitHub\4280-Group12\LRU\LRU Project\RAM Code\mig_example_top.v:]
WARNING: [filemgmt 56-199] Attempt to get parsing info during refresh. "On-the-fly" syntax checking information may be incorrect. [C:\Users\amr21\Documents\GitHub\4280-Group12\LRU\LRU Project\LRU Project.srcs\sources_1\new\supertop.v:]
WARNING: [filemgmt 56-199] Attempt to get parsing info during refresh. "On-the-fly" syntax checking information may be incorrect. [C:\Users\amr21\Documents\GitHub\4280-Group12\LRU\LRU Project\LRU Project.srcs\sources_1\new\supertop.v:]
ERROR: [Common 17-180] Spawn failed: No error
reset_run synth_1
launch_runs impl_1 -to_step write_bitstream -jobs 16
[Wed Apr 16 04:19:30 2025] Launched synth_1...
Run output will be captured here: C:/Users/amr21/Documents/GitHub/4280-Group12/LRU/LRU Project/LRU Project.runs/synth_1/runme.log
[Wed Apr 16 04:19:30 2025] Launched impl_1...
Run output will be captured here: C:/Users/amr21/Documents/GitHub/4280-Group12/LRU/LRU Project/LRU Project.runs/impl_1/runme.log
WARNING: [filemgmt 56-199] Attempt to get parsing info during refresh. "On-the-fly" syntax checking information may be incorrect. [C:\Users\amr21\Documents\GitHub\4280-Group12\LRU\LRU Project\LRU Project.srcs\sources_1\new\supertop.v:]
WARNING: [filemgmt 56-199] Attempt to get parsing info during refresh. "On-the-fly" syntax checking information may be incorrect. [C:\Users\amr21\Documents\GitHub\4280-Group12\LRU\LRU Project\RAM Code\mig_example_top.v:]
WARNING: [filemgmt 56-199] Attempt to get parsing info during refresh. "On-the-fly" syntax checking information may be incorrect. [C:\Users\amr21\Documents\GitHub\4280-Group12\LRU\LRU Project\LRU Project.srcs\sources_1\new\supertop.v:]
WARNING: [filemgmt 56-199] Attempt to get parsing info during refresh. "On-the-fly" syntax checking information may be incorrect. [C:\Users\amr21\Documents\GitHub\4280-Group12\LRU\LRU Project\LRU Project.srcs\sources_1\new\supertop.v:]
ERROR: [Common 17-180] Spawn failed: No error
WARNING: [filemgmt 56-199] Attempt to get parsing info during refresh. "On-the-fly" syntax checking information may be incorrect. [C:\Users\amr21\Documents\GitHub\4280-Group12\LRU\LRU Project\LRU Project.srcs\sources_1\new\supertop.v:]
WARNING: [filemgmt 56-199] Attempt to get parsing info during refresh. "On-the-fly" syntax checking information may be incorrect. [C:\Users\amr21\Documents\GitHub\4280-Group12\LRU\LRU Project\RAM Code\mig_example_top.v:]
WARNING: [filemgmt 56-199] Attempt to get parsing info during refresh. "On-the-fly" syntax checking information may be incorrect. [C:\Users\amr21\Documents\GitHub\4280-Group12\LRU\LRU Project\LRU Project.srcs\sources_1\new\supertop.v:]
WARNING: [filemgmt 56-199] Attempt to get parsing info during refresh. "On-the-fly" syntax checking information may be incorrect. [C:\Users\amr21\Documents\GitHub\4280-Group12\LRU\LRU Project\LRU Project.srcs\sources_1\new\supertop.v:]
ERROR: [Common 17-180] Spawn failed: No error
reset_run synth_1
launch_runs impl_1 -to_step write_bitstream -jobs 16
[Wed Apr 16 04:21:15 2025] Launched synth_1...
Run output will be captured here: C:/Users/amr21/Documents/GitHub/4280-Group12/LRU/LRU Project/LRU Project.runs/synth_1/runme.log
[Wed Apr 16 04:21:15 2025] Launched impl_1...
Run output will be captured here: C:/Users/amr21/Documents/GitHub/4280-Group12/LRU/LRU Project/LRU Project.runs/impl_1/runme.log
set_property PROBES.FILE {} [get_hw_devices xc7a100t_0]
set_property FULL_PROBES.FILE {} [get_hw_devices xc7a100t_0]
set_property PROGRAM.FILE {C:/Users/amr21/Documents/GitHub/4280-Group12/LRU/LRU Project/LRU Project.runs/impl_1/supertop.bit} [get_hw_devices xc7a100t_0]
program_hw_devices [get_hw_devices xc7a100t_0]
INFO: [Labtools 27-3164] End of startup status: HIGH
refresh_hw_device [lindex [get_hw_devices xc7a100t_0] 0]
INFO: [Labtools 27-1434] Device xc7a100t (JTAG device index = 0) is programmed with a design that has no supported debug core(s) in it.
WARNING: [filemgmt 56-199] Attempt to get parsing info during refresh. "On-the-fly" syntax checking information may be incorrect. [C:\Users\amr21\Documents\GitHub\4280-Group12\LRU\LRU Project\LRU Project.srcs\sources_1\new\supertop.v:]
WARNING: [filemgmt 56-199] Attempt to get parsing info during refresh. "On-the-fly" syntax checking information may be incorrect. [C:\Users\amr21\Documents\GitHub\4280-Group12\LRU\LRU Project\RAM Code\mig_example_top.v:]
WARNING: [filemgmt 56-199] Attempt to get parsing info during refresh. "On-the-fly" syntax checking information may be incorrect. [C:\Users\amr21\Documents\GitHub\4280-Group12\LRU\LRU Project\LRU Project.srcs\sources_1\new\supertop.v:]
WARNING: [filemgmt 56-199] Attempt to get parsing info during refresh. "On-the-fly" syntax checking information may be incorrect. [C:\Users\amr21\Documents\GitHub\4280-Group12\LRU\LRU Project\LRU Project.srcs\sources_1\new\supertop.v:]
ERROR: [Common 17-180] Spawn failed: No error
reset_run synth_1
launch_runs synth_1 -jobs 16
[Wed Apr 16 04:24:19 2025] Launched synth_1...
Run output will be captured here: C:/Users/amr21/Documents/GitHub/4280-Group12/LRU/LRU Project/LRU Project.runs/synth_1/runme.log
WARNING: [filemgmt 56-199] Attempt to get parsing info during refresh. "On-the-fly" syntax checking information may be incorrect. [C:\Users\amr21\Documents\GitHub\4280-Group12\LRU\LRU Project\LRU Project.srcs\sources_1\new\supertop.v:]
WARNING: [filemgmt 56-199] Attempt to get parsing info during refresh. "On-the-fly" syntax checking information may be incorrect. [C:\Users\amr21\Documents\GitHub\4280-Group12\LRU\LRU Project\RAM Code\mig_example_top.v:]
WARNING: [filemgmt 56-199] Attempt to get parsing info during refresh. "On-the-fly" syntax checking information may be incorrect. [C:\Users\amr21\Documents\GitHub\4280-Group12\LRU\LRU Project\LRU Project.srcs\sources_1\new\supertop.v:]
WARNING: [filemgmt 56-199] Attempt to get parsing info during refresh. "On-the-fly" syntax checking information may be incorrect. [C:\Users\amr21\Documents\GitHub\4280-Group12\LRU\LRU Project\LRU Project.srcs\sources_1\new\supertop.v:]
launch_runs impl_1 -jobs 16
ERROR: [Common 17-180] Spawn failed: No error
[Wed Apr 16 04:25:10 2025] Launched impl_1...
Run output will be captured here: C:/Users/amr21/Documents/GitHub/4280-Group12/LRU/LRU Project/LRU Project.runs/impl_1/runme.log
ERROR: [Common 17-39] 'launch_runs' failed due to earlier errors.
WARNING: [filemgmt 56-199] Attempt to get parsing info during refresh. "On-the-fly" syntax checking information may be incorrect. [C:\Users\amr21\Documents\GitHub\4280-Group12\LRU\LRU Project\LRU Project.srcs\sources_1\new\supertop.v:]
WARNING: [filemgmt 56-199] Attempt to get parsing info during refresh. "On-the-fly" syntax checking information may be incorrect. [C:\Users\amr21\Documents\GitHub\4280-Group12\LRU\LRU Project\RAM Code\mig_example_top.v:]
WARNING: [filemgmt 56-199] Attempt to get parsing info during refresh. "On-the-fly" syntax checking information may be incorrect. [C:\Users\amr21\Documents\GitHub\4280-Group12\LRU\LRU Project\LRU Project.srcs\sources_1\new\supertop.v:]
WARNING: [filemgmt 56-199] Attempt to get parsing info during refresh. "On-the-fly" syntax checking information may be incorrect. [C:\Users\amr21\Documents\GitHub\4280-Group12\LRU\LRU Project\LRU Project.srcs\sources_1\new\supertop.v:]
ERROR: [Common 17-180] Spawn failed: No error
reset_run impl_1
launch_runs impl_1 -jobs 16
[Wed Apr 16 04:25:25 2025] Launched impl_1...
Run output will be captured here: C:/Users/amr21/Documents/GitHub/4280-Group12/LRU/LRU Project/LRU Project.runs/impl_1/runme.log
launch_runs impl_1 -to_step write_bitstream -jobs 16
[Wed Apr 16 04:27:06 2025] Launched impl_1...
Run output will be captured here: C:/Users/amr21/Documents/GitHub/4280-Group12/LRU/LRU Project/LRU Project.runs/impl_1/runme.log
set_property PROBES.FILE {} [get_hw_devices xc7a100t_0]
set_property FULL_PROBES.FILE {} [get_hw_devices xc7a100t_0]
set_property PROGRAM.FILE {C:/Users/amr21/Documents/GitHub/4280-Group12/LRU/LRU Project/LRU Project.runs/impl_1/supertop.bit} [get_hw_devices xc7a100t_0]
program_hw_devices [get_hw_devices xc7a100t_0]
INFO: [Labtools 27-3164] End of startup status: HIGH
refresh_hw_device [lindex [get_hw_devices xc7a100t_0] 0]
INFO: [Labtools 27-1434] Device xc7a100t (JTAG device index = 0) is programmed with a design that has no supported debug core(s) in it.
reset_run synth_1
launch_runs impl_1 -to_step write_bitstream -jobs 16
[Wed Apr 16 04:28:03 2025] Launched synth_1...
Run output will be captured here: C:/Users/amr21/Documents/GitHub/4280-Group12/LRU/LRU Project/LRU Project.runs/synth_1/runme.log
[Wed Apr 16 04:28:03 2025] Launched impl_1...
Run output will be captured here: C:/Users/amr21/Documents/GitHub/4280-Group12/LRU/LRU Project/LRU Project.runs/impl_1/runme.log
WARNING: [filemgmt 56-199] Attempt to get parsing info during refresh. "On-the-fly" syntax checking information may be incorrect. [C:\Users\amr21\Documents\GitHub\4280-Group12\LRU\LRU Project\LRU Project.srcs\sources_1\new\supertop.v:]
WARNING: [filemgmt 56-199] Attempt to get parsing info during refresh. "On-the-fly" syntax checking information may be incorrect. [C:\Users\amr21\Documents\GitHub\4280-Group12\LRU\LRU Project\RAM Code\mig_example_top.v:]
WARNING: [filemgmt 56-199] Attempt to get parsing info during refresh. "On-the-fly" syntax checking information may be incorrect. [C:\Users\amr21\Documents\GitHub\4280-Group12\LRU\LRU Project\LRU Project.srcs\sources_1\new\supertop.v:]
WARNING: [filemgmt 56-199] Attempt to get parsing info during refresh. "On-the-fly" syntax checking information may be incorrect. [C:\Users\amr21\Documents\GitHub\4280-Group12\LRU\LRU Project\LRU Project.srcs\sources_1\new\supertop.v:]
ERROR: [Common 17-180] Spawn failed: No error
WARNING: [filemgmt 56-199] Attempt to get parsing info during refresh. "On-the-fly" syntax checking information may be incorrect. [C:\Users\amr21\Documents\GitHub\4280-Group12\LRU\LRU Project\LRU Project.srcs\sources_1\new\supertop.v:]
WARNING: [filemgmt 56-199] Attempt to get parsing info during refresh. "On-the-fly" syntax checking information may be incorrect. [C:\Users\amr21\Documents\GitHub\4280-Group12\LRU\LRU Project\RAM Code\mig_example_top.v:]
WARNING: [filemgmt 56-199] Attempt to get parsing info during refresh. "On-the-fly" syntax checking information may be incorrect. [C:\Users\amr21\Documents\GitHub\4280-Group12\LRU\LRU Project\LRU Project.srcs\sources_1\new\supertop.v:]
WARNING: [filemgmt 56-199] Attempt to get parsing info during refresh. "On-the-fly" syntax checking information may be incorrect. [C:\Users\amr21\Documents\GitHub\4280-Group12\LRU\LRU Project\LRU Project.srcs\sources_1\new\supertop.v:]
ERROR: [Common 17-180] Spawn failed: No error
set_property PROBES.FILE {} [get_hw_devices xc7a100t_0]
set_property FULL_PROBES.FILE {} [get_hw_devices xc7a100t_0]
set_property PROGRAM.FILE {C:/Users/amr21/Documents/GitHub/4280-Group12/LRU/LRU Project/LRU Project.runs/impl_1/supertop.bit} [get_hw_devices xc7a100t_0]
program_hw_devices [get_hw_devices xc7a100t_0]
INFO: [Labtools 27-3164] End of startup status: HIGH
refresh_hw_device [lindex [get_hw_devices xc7a100t_0] 0]
INFO: [Labtools 27-1434] Device xc7a100t (JTAG device index = 0) is programmed with a design that has no supported debug core(s) in it.
WARNING: [filemgmt 56-199] Attempt to get parsing info during refresh. "On-the-fly" syntax checking information may be incorrect. [C:\Users\amr21\Documents\GitHub\4280-Group12\LRU\LRU Project\LRU Project.srcs\sources_1\new\supertop.v:]
WARNING: [filemgmt 56-199] Attempt to get parsing info during refresh. "On-the-fly" syntax checking information may be incorrect. [C:\Users\amr21\Documents\GitHub\4280-Group12\LRU\LRU Project\RAM Code\mig_example_top.v:]
WARNING: [filemgmt 56-199] Attempt to get parsing info during refresh. "On-the-fly" syntax checking information may be incorrect. [C:\Users\amr21\Documents\GitHub\4280-Group12\LRU\LRU Project\LRU Project.srcs\sources_1\new\supertop.v:]
WARNING: [filemgmt 56-199] Attempt to get parsing info during refresh. "On-the-fly" syntax checking information may be incorrect. [C:\Users\amr21\Documents\GitHub\4280-Group12\LRU\LRU Project\LRU Project.srcs\sources_1\new\supertop.v:]
ERROR: [Common 17-180] Spawn failed: No error
reset_run synth_1
launch_runs impl_1 -to_step write_bitstream -jobs 16
[Wed Apr 16 04:31:29 2025] Launched synth_1...
Run output will be captured here: C:/Users/amr21/Documents/GitHub/4280-Group12/LRU/LRU Project/LRU Project.runs/synth_1/runme.log
[Wed Apr 16 04:31:29 2025] Launched impl_1...
Run output will be captured here: C:/Users/amr21/Documents/GitHub/4280-Group12/LRU/LRU Project/LRU Project.runs/impl_1/runme.log
set_property PROBES.FILE {} [get_hw_devices xc7a100t_0]
set_property FULL_PROBES.FILE {} [get_hw_devices xc7a100t_0]
set_property PROGRAM.FILE {C:/Users/amr21/Documents/GitHub/4280-Group12/LRU/LRU Project/LRU Project.runs/impl_1/supertop.bit} [get_hw_devices xc7a100t_0]
program_hw_devices [get_hw_devices xc7a100t_0]
INFO: [Labtools 27-3164] End of startup status: HIGH
refresh_hw_device [lindex [get_hw_devices xc7a100t_0] 0]
INFO: [Labtools 27-1434] Device xc7a100t (JTAG device index = 0) is programmed with a design that has no supported debug core(s) in it.
WARNING: [filemgmt 56-199] Attempt to get parsing info during refresh. "On-the-fly" syntax checking information may be incorrect. [C:\Users\amr21\Documents\GitHub\4280-Group12\LRU\LRU Project\LRU Project.srcs\sources_1\new\supertop.v:]
WARNING: [filemgmt 56-199] Attempt to get parsing info during refresh. "On-the-fly" syntax checking information may be incorrect. [C:\Users\amr21\Documents\GitHub\4280-Group12\LRU\LRU Project\RAM Code\mig_example_top.v:]
WARNING: [filemgmt 56-199] Attempt to get parsing info during refresh. "On-the-fly" syntax checking information may be incorrect. [C:\Users\amr21\Documents\GitHub\4280-Group12\LRU\LRU Project\RAM Code\mig_example_top.v:]
WARNING: [filemgmt 56-199] Attempt to get parsing info during refresh. "On-the-fly" syntax checking information may be incorrect. [C:\Users\amr21\Documents\GitHub\4280-Group12\LRU\LRU Project\RAM Code\mig_example_top.v:]
ERROR: [Common 17-180] Spawn failed: No error
reset_run synth_1
launch_runs synth_1 -jobs 16
[Wed Apr 16 04:34:44 2025] Launched synth_1...
Run output will be captured here: C:/Users/amr21/Documents/GitHub/4280-Group12/LRU/LRU Project/LRU Project.runs/synth_1/runme.log
launch_runs impl_1 -jobs 16
[Wed Apr 16 04:35:36 2025] Launched impl_1...
Run output will be captured here: C:/Users/amr21/Documents/GitHub/4280-Group12/LRU/LRU Project/LRU Project.runs/impl_1/runme.log
export_ip_user_files -of_objects  [get_files {{C:/Users/amr21/Documents/GitHub/4280-Group12/LRU/LRU Project/SD Code/sd_test.v}}] -no_script -reset -force -quiet
remove_files  {{C:/Users/amr21/Documents/GitHub/4280-Group12/LRU/LRU Project/SD Code/sd_test.v}}
launch_runs impl_1 -to_step write_bitstream -jobs 16
[Wed Apr 16 04:37:10 2025] Launched impl_1...
Run output will be captured here: C:/Users/amr21/Documents/GitHub/4280-Group12/LRU/LRU Project/LRU Project.runs/impl_1/runme.log
set_property PROBES.FILE {} [get_hw_devices xc7a100t_0]
set_property FULL_PROBES.FILE {} [get_hw_devices xc7a100t_0]
set_property PROGRAM.FILE {C:/Users/amr21/Documents/GitHub/4280-Group12/LRU/LRU Project/LRU Project.runs/impl_1/supertop.bit} [get_hw_devices xc7a100t_0]
program_hw_devices [get_hw_devices xc7a100t_0]
INFO: [Labtools 27-3164] End of startup status: HIGH
refresh_hw_device [lindex [get_hw_devices xc7a100t_0] 0]
INFO: [Labtools 27-1434] Device xc7a100t (JTAG device index = 0) is programmed with a design that has no supported debug core(s) in it.
WARNING: [filemgmt 56-199] Attempt to get parsing info during refresh. "On-the-fly" syntax checking information may be incorrect. [C:\Users\amr21\Documents\GitHub\4280-Group12\LRU\LRU Project\SD Code\sd_test.v:]
WARNING: [filemgmt 56-199] Attempt to get parsing info during refresh. "On-the-fly" syntax checking information may be incorrect. [C:\Users\amr21\Documents\GitHub\4280-Group12\LRU\LRU Project\LRU Project.srcs\sources_1\new\supertop.v:]
WARNING: [filemgmt 56-199] Attempt to get parsing info during refresh. "On-the-fly" syntax checking information may be incorrect. [C:\Users\amr21\Documents\GitHub\4280-Group12\LRU\LRU Project\RAM Code\mig_example_top.v:]
WARNING: [filemgmt 56-199] Attempt to get parsing info during refresh. "On-the-fly" syntax checking information may be incorrect. [C:\Users\amr21\Documents\GitHub\4280-Group12\LRU\LRU Project\LRU Project.srcs\sources_1\new\supertop.v:]
WARNING: [filemgmt 56-199] Attempt to get parsing info during refresh. "On-the-fly" syntax checking information may be incorrect. [C:\Users\amr21\Documents\GitHub\4280-Group12\LRU\LRU Project\LRU Project.srcs\sources_1\new\supertop.v:]
ERROR: [Common 17-180] Spawn failed: No such file or directory
reset_run synth_1
launch_runs synth_1 -jobs 16
[Wed Apr 16 04:39:45 2025] Launched synth_1...
Run output will be captured here: C:/Users/amr21/Documents/GitHub/4280-Group12/LRU/LRU Project/LRU Project.runs/synth_1/runme.log
launch_runs impl_1 -jobs 16
[Wed Apr 16 04:41:18 2025] Launched impl_1...
Run output will be captured here: C:/Users/amr21/Documents/GitHub/4280-Group12/LRU/LRU Project/LRU Project.runs/impl_1/runme.log
launch_runs impl_1 -to_step write_bitstream -jobs 16
[Wed Apr 16 04:42:55 2025] Launched impl_1...
Run output will be captured here: C:/Users/amr21/Documents/GitHub/4280-Group12/LRU/LRU Project/LRU Project.runs/impl_1/runme.log
set_property PROBES.FILE {} [get_hw_devices xc7a100t_0]
set_property FULL_PROBES.FILE {} [get_hw_devices xc7a100t_0]
set_property PROGRAM.FILE {C:/Users/amr21/Documents/GitHub/4280-Group12/LRU/LRU Project/LRU Project.runs/impl_1/supertop.bit} [get_hw_devices xc7a100t_0]
program_hw_devices [get_hw_devices xc7a100t_0]
INFO: [Labtools 27-3164] End of startup status: HIGH
refresh_hw_device [lindex [get_hw_devices xc7a100t_0] 0]
INFO: [Labtools 27-1434] Device xc7a100t (JTAG device index = 0) is programmed with a design that has no supported debug core(s) in it.
WARNING: [filemgmt 56-199] Attempt to get parsing info during refresh. "On-the-fly" syntax checking information may be incorrect. [C:\Users\amr21\Documents\GitHub\4280-Group12\LRU\LRU Project\SD Code\sd_test.v:]
WARNING: [filemgmt 56-199] Attempt to get parsing info during refresh. "On-the-fly" syntax checking information may be incorrect. [C:\Users\amr21\Documents\GitHub\4280-Group12\LRU\LRU Project\LRU Project.srcs\sources_1\new\supertop.v:]
WARNING: [filemgmt 56-199] Attempt to get parsing info during refresh. "On-the-fly" syntax checking information may be incorrect. [C:\Users\amr21\Documents\GitHub\4280-Group12\LRU\LRU Project\RAM Code\mig_example_top.v:]
WARNING: [filemgmt 56-199] Attempt to get parsing info during refresh. "On-the-fly" syntax checking information may be incorrect. [C:\Users\amr21\Documents\GitHub\4280-Group12\LRU\LRU Project\RAM Code\mig_example_top.v:]
WARNING: [filemgmt 56-199] Attempt to get parsing info during refresh. "On-the-fly" syntax checking information may be incorrect. [C:\Users\amr21\Documents\GitHub\4280-Group12\LRU\LRU Project\RAM Code\mig_example_top.v:]
reset_run synth_1
launch_runs synth_1 -jobs 16
[Wed Apr 16 04:44:30 2025] Launched synth_1...
Run output will be captured here: C:/Users/amr21/Documents/GitHub/4280-Group12/LRU/LRU Project/LRU Project.runs/synth_1/runme.log
launch_runs impl_1 -jobs 16
[Wed Apr 16 04:45:26 2025] Launched impl_1...
Run output will be captured here: C:/Users/amr21/Documents/GitHub/4280-Group12/LRU/LRU Project/LRU Project.runs/impl_1/runme.log
launch_runs impl_1 -to_step write_bitstream -jobs 16
[Wed Apr 16 04:47:19 2025] Launched impl_1...
Run output will be captured here: C:/Users/amr21/Documents/GitHub/4280-Group12/LRU/LRU Project/LRU Project.runs/impl_1/runme.log
set_property PROBES.FILE {} [get_hw_devices xc7a100t_0]
set_property FULL_PROBES.FILE {} [get_hw_devices xc7a100t_0]
set_property PROGRAM.FILE {C:/Users/amr21/Documents/GitHub/4280-Group12/LRU/LRU Project/LRU Project.runs/impl_1/supertop.bit} [get_hw_devices xc7a100t_0]
program_hw_devices [get_hw_devices xc7a100t_0]
INFO: [Labtools 27-3164] End of startup status: HIGH
refresh_hw_device [lindex [get_hw_devices xc7a100t_0] 0]
INFO: [Labtools 27-1434] Device xc7a100t (JTAG device index = 0) is programmed with a design that has no supported debug core(s) in it.
WARNING: [filemgmt 56-199] Attempt to get parsing info during refresh. "On-the-fly" syntax checking information may be incorrect. [C:\Users\amr21\Documents\GitHub\4280-Group12\LRU\LRU Project\SD Code\sd_test.v:]
WARNING: [filemgmt 56-199] Attempt to get parsing info during refresh. "On-the-fly" syntax checking information may be incorrect. [C:\Users\amr21\Documents\GitHub\4280-Group12\LRU\LRU Project\LRU Project.srcs\sources_1\new\supertop.v:]
WARNING: [filemgmt 56-199] Attempt to get parsing info during refresh. "On-the-fly" syntax checking information may be incorrect. [C:\Users\amr21\Documents\GitHub\4280-Group12\LRU\LRU Project\RAM Code\mig_example_top.v:]
WARNING: [filemgmt 56-199] Attempt to get parsing info during refresh. "On-the-fly" syntax checking information may be incorrect. [C:\Users\amr21\Documents\GitHub\4280-Group12\LRU\LRU Project\RAM Code\mig_example_top.v:]
WARNING: [filemgmt 56-199] Attempt to get parsing info during refresh. "On-the-fly" syntax checking information may be incorrect. [C:\Users\amr21\Documents\GitHub\4280-Group12\LRU\LRU Project\RAM Code\mig_example_top.v:]
WARNING: [filemgmt 56-199] Attempt to get parsing info during refresh. "On-the-fly" syntax checking information may be incorrect. [C:\Users\amr21\Documents\GitHub\4280-Group12\LRU\LRU Project\SD Code\sd_test.v:]
WARNING: [filemgmt 56-199] Attempt to get parsing info during refresh. "On-the-fly" syntax checking information may be incorrect. [C:\Users\amr21\Documents\GitHub\4280-Group12\LRU\LRU Project\LRU Project.srcs\sources_1\new\supertop.v:]
WARNING: [filemgmt 56-199] Attempt to get parsing info during refresh. "On-the-fly" syntax checking information may be incorrect. [C:\Users\amr21\Documents\GitHub\4280-Group12\LRU\LRU Project\RAM Code\mig_example_top.v:]
WARNING: [filemgmt 56-199] Attempt to get parsing info during refresh. "On-the-fly" syntax checking information may be incorrect. [C:\Users\amr21\Documents\GitHub\4280-Group12\LRU\LRU Project\LRU Project.srcs\sources_1\new\supertop.v:]
WARNING: [filemgmt 56-199] Attempt to get parsing info during refresh. "On-the-fly" syntax checking information may be incorrect. [C:\Users\amr21\Documents\GitHub\4280-Group12\LRU\LRU Project\LRU Project.srcs\sources_1\new\supertop.v:]
ERROR: [Common 17-180] Spawn failed: No such file or directory
WARNING: [filemgmt 56-199] Attempt to get parsing info during refresh. "On-the-fly" syntax checking information may be incorrect. [C:\Users\amr21\Documents\GitHub\4280-Group12\LRU\LRU Project\SD Code\sd_test.v:]
WARNING: [filemgmt 56-199] Attempt to get parsing info during refresh. "On-the-fly" syntax checking information may be incorrect. [C:\Users\amr21\Documents\GitHub\4280-Group12\LRU\LRU Project\LRU Project.srcs\sources_1\new\supertop.v:]
WARNING: [filemgmt 56-199] Attempt to get parsing info during refresh. "On-the-fly" syntax checking information may be incorrect. [C:\Users\amr21\Documents\GitHub\4280-Group12\LRU\LRU Project\RAM Code\mig_example_top.v:]
WARNING: [filemgmt 56-199] Attempt to get parsing info during refresh. "On-the-fly" syntax checking information may be incorrect. [C:\Users\amr21\Documents\GitHub\4280-Group12\LRU\LRU Project\RAM Code\mig_example_top.v:]
WARNING: [filemgmt 56-199] Attempt to get parsing info during refresh. "On-the-fly" syntax checking information may be incorrect. [C:\Users\amr21\Documents\GitHub\4280-Group12\LRU\LRU Project\RAM Code\mig_example_top.v:]
WARNING: [filemgmt 56-199] Attempt to get parsing info during refresh. "On-the-fly" syntax checking information may be incorrect. [C:\Users\amr21\Documents\GitHub\4280-Group12\LRU\LRU Project\SD Code\sd_test.v:]
WARNING: [filemgmt 56-199] Attempt to get parsing info during refresh. "On-the-fly" syntax checking information may be incorrect. [C:\Users\amr21\Documents\GitHub\4280-Group12\LRU\LRU Project\SD Code\fpga_top.v:]
WARNING: [filemgmt 56-199] Attempt to get parsing info during refresh. "On-the-fly" syntax checking information may be incorrect. [C:\Users\amr21\Documents\GitHub\4280-Group12\LRU\LRU Project\LRU Project.srcs\sources_1\new\supertop.v:]
WARNING: [filemgmt 56-199] Attempt to get parsing info during refresh. "On-the-fly" syntax checking information may be incorrect. [C:\Users\amr21\Documents\GitHub\4280-Group12\LRU\LRU Project\RAM Code\mig_example_top.v:]
WARNING: [filemgmt 56-199] Attempt to get parsing info during refresh. "On-the-fly" syntax checking information may be incorrect. [C:\Users\amr21\Documents\GitHub\4280-Group12\LRU\LRU Project\RAM Code\mig_example_top.v:]
WARNING: [filemgmt 56-199] Attempt to get parsing info during refresh. "On-the-fly" syntax checking information may be incorrect. [C:\Users\amr21\Documents\GitHub\4280-Group12\LRU\LRU Project\RAM Code\mig_example_top.v:]
WARNING: [filemgmt 56-199] Attempt to get parsing info during refresh. "On-the-fly" syntax checking information may be incorrect. [C:\Users\amr21\Documents\GitHub\4280-Group12\LRU\LRU Project\SD Code\sd_test.v:]
WARNING: [filemgmt 56-199] Attempt to get parsing info during refresh. "On-the-fly" syntax checking information may be incorrect. [C:\Users\amr21\Documents\GitHub\4280-Group12\LRU\LRU Project\SD Code\fpga_top.v:]
WARNING: [filemgmt 56-199] Attempt to get parsing info during refresh. "On-the-fly" syntax checking information may be incorrect. [C:\Users\amr21\Documents\GitHub\4280-Group12\LRU\LRU Project\LRU Project.srcs\sources_1\new\supertop.v:]
WARNING: [filemgmt 56-199] Attempt to get parsing info during refresh. "On-the-fly" syntax checking information may be incorrect. [C:\Users\amr21\Documents\GitHub\4280-Group12\LRU\LRU Project\RAM Code\mig_example_top.v:]
WARNING: [filemgmt 56-199] Attempt to get parsing info during refresh. "On-the-fly" syntax checking information may be incorrect. [C:\Users\amr21\Documents\GitHub\4280-Group12\LRU\LRU Project\SD Code\fpga_top.v:]
WARNING: [filemgmt 56-199] Attempt to get parsing info during refresh. "On-the-fly" syntax checking information may be incorrect. [C:\Users\amr21\Documents\GitHub\4280-Group12\LRU\LRU Project\SD Code\fpga_top.v:]
ERROR: [Common 17-180] Spawn failed: No such file or directory
WARNING: [filemgmt 56-199] Attempt to get parsing info during refresh. "On-the-fly" syntax checking information may be incorrect. [C:\Users\amr21\Documents\GitHub\4280-Group12\LRU\LRU Project\SD Code\sd_test.v:]
WARNING: [filemgmt 56-199] Attempt to get parsing info during refresh. "On-the-fly" syntax checking information may be incorrect. [C:\Users\amr21\Documents\GitHub\4280-Group12\LRU\LRU Project\SD Code\fpga_top.v:]
WARNING: [filemgmt 56-199] Attempt to get parsing info during refresh. "On-the-fly" syntax checking information may be incorrect. [C:\Users\amr21\Documents\GitHub\4280-Group12\LRU\LRU Project\SD Code\sd_file_reader.v:]
WARNING: [filemgmt 56-199] Attempt to get parsing info during refresh. "On-the-fly" syntax checking information may be incorrect. [C:\Users\amr21\Documents\GitHub\4280-Group12\LRU\LRU Project\LRU Project.srcs\sources_1\new\supertop.v:]
WARNING: [filemgmt 56-199] Attempt to get parsing info during refresh. "On-the-fly" syntax checking information may be incorrect. [C:\Users\amr21\Documents\GitHub\4280-Group12\LRU\LRU Project\RAM Code\mig_example_top.v:]
WARNING: [filemgmt 56-199] Attempt to get parsing info during refresh. "On-the-fly" syntax checking information may be incorrect. [C:\Users\amr21\Documents\GitHub\4280-Group12\LRU\LRU Project\RAM Code\mig_example_top.v:]
WARNING: [filemgmt 56-199] Attempt to get parsing info during refresh. "On-the-fly" syntax checking information may be incorrect. [C:\Users\amr21\Documents\GitHub\4280-Group12\LRU\LRU Project\RAM Code\mig_example_top.v:]
WARNING: [filemgmt 56-199] Attempt to get parsing info during refresh. "On-the-fly" syntax checking information may be incorrect. [C:\Users\amr21\Documents\GitHub\4280-Group12\LRU\LRU Project\SD Code\sd_test.v:]
WARNING: [filemgmt 56-199] Attempt to get parsing info during refresh. "On-the-fly" syntax checking information may be incorrect. [C:\Users\amr21\Documents\GitHub\4280-Group12\LRU\LRU Project\SD Code\fpga_top.v:]
WARNING: [filemgmt 56-199] Attempt to get parsing info during refresh. "On-the-fly" syntax checking information may be incorrect. [C:\Users\amr21\Documents\GitHub\4280-Group12\LRU\LRU Project\SD Code\sd_file_reader.v:]
WARNING: [filemgmt 56-199] Attempt to get parsing info during refresh. "On-the-fly" syntax checking information may be incorrect. [C:\Users\amr21\Documents\GitHub\4280-Group12\LRU\LRU Project\LRU Project.srcs\sources_1\new\supertop.v:]
WARNING: [filemgmt 56-199] Attempt to get parsing info during refresh. "On-the-fly" syntax checking information may be incorrect. [C:\Users\amr21\Documents\GitHub\4280-Group12\LRU\LRU Project\RAM Code\mig_example_top.v:]
WARNING: [filemgmt 56-199] Attempt to get parsing info during refresh. "On-the-fly" syntax checking information may be incorrect. [C:\Users\amr21\Documents\GitHub\4280-Group12\LRU\LRU Project\LRU Project.srcs\sources_1\new\supertop.v:]
WARNING: [filemgmt 56-199] Attempt to get parsing info during refresh. "On-the-fly" syntax checking information may be incorrect. [C:\Users\amr21\Documents\GitHub\4280-Group12\LRU\LRU Project\LRU Project.srcs\sources_1\new\supertop.v:]
WARNING: [filemgmt 56-199] Attempt to get parsing info during refresh. "On-the-fly" syntax checking information may be incorrect. [C:\Users\amr21\Documents\GitHub\4280-Group12\LRU\LRU Project\SD Code\sd_test.v:]
WARNING: [filemgmt 56-199] Attempt to get parsing info during refresh. "On-the-fly" syntax checking information may be incorrect. [C:\Users\amr21\Documents\GitHub\4280-Group12\LRU\LRU Project\SD Code\fpga_top.v:]
WARNING: [filemgmt 56-199] Attempt to get parsing info during refresh. "On-the-fly" syntax checking information may be incorrect. [C:\Users\amr21\Documents\GitHub\4280-Group12\LRU\LRU Project\SD Code\sd_file_reader.v:]
WARNING: [filemgmt 56-199] Attempt to get parsing info during refresh. "On-the-fly" syntax checking information may be incorrect. [C:\Users\amr21\Documents\GitHub\4280-Group12\LRU\LRU Project\LRU Project.srcs\sources_1\new\supertop.v:]
WARNING: [filemgmt 56-199] Attempt to get parsing info during refresh. "On-the-fly" syntax checking information may be incorrect. [C:\Users\amr21\Documents\GitHub\4280-Group12\LRU\LRU Project\RAM Code\mig_example_top.v:]
WARNING: [filemgmt 56-199] Attempt to get parsing info during refresh. "On-the-fly" syntax checking information may be incorrect. [C:\Users\amr21\Documents\GitHub\4280-Group12\LRU\LRU Project\SD Code\fpga_top.v:]
WARNING: [filemgmt 56-199] Attempt to get parsing info during refresh. "On-the-fly" syntax checking information may be incorrect. [C:\Users\amr21\Documents\GitHub\4280-Group12\LRU\LRU Project\SD Code\fpga_top.v:]
WARNING: [filemgmt 56-199] Attempt to get parsing info during refresh. "On-the-fly" syntax checking information may be incorrect. [C:\Users\amr21\Documents\GitHub\4280-Group12\LRU\LRU Project\SD Code\sd_test.v:]
WARNING: [filemgmt 56-199] Attempt to get parsing info during refresh. "On-the-fly" syntax checking information may be incorrect. [C:\Users\amr21\Documents\GitHub\4280-Group12\LRU\LRU Project\SD Code\fpga_top.v:]
WARNING: [filemgmt 56-199] Attempt to get parsing info during refresh. "On-the-fly" syntax checking information may be incorrect. [C:\Users\amr21\Documents\GitHub\4280-Group12\LRU\LRU Project\SD Code\sd_file_reader.v:]
WARNING: [filemgmt 56-199] Attempt to get parsing info during refresh. "On-the-fly" syntax checking information may be incorrect. [C:\Users\amr21\Documents\GitHub\4280-Group12\LRU\LRU Project\LRU Project.srcs\sources_1\new\supertop.v:]
WARNING: [filemgmt 56-199] Attempt to get parsing info during refresh. "On-the-fly" syntax checking information may be incorrect. [C:\Users\amr21\Documents\GitHub\4280-Group12\LRU\LRU Project\RAM Code\mig_example_top.v:]
WARNING: [filemgmt 56-199] Attempt to get parsing info during refresh. "On-the-fly" syntax checking information may be incorrect. [C:\Users\amr21\Documents\GitHub\4280-Group12\LRU\LRU Project\RAM Code\mig_example_top.v:]
WARNING: [filemgmt 56-199] Attempt to get parsing info during refresh. "On-the-fly" syntax checking information may be incorrect. [C:\Users\amr21\Documents\GitHub\4280-Group12\LRU\LRU Project\RAM Code\mig_example_top.v:]
WARNING: [filemgmt 56-199] Attempt to get parsing info during refresh. "On-the-fly" syntax checking information may be incorrect. [C:\Users\amr21\Documents\GitHub\4280-Group12\LRU\LRU Project\SD Code\sd_test.v:]
WARNING: [filemgmt 56-199] Attempt to get parsing info during refresh. "On-the-fly" syntax checking information may be incorrect. [C:\Users\amr21\Documents\GitHub\4280-Group12\LRU\LRU Project\SD Code\fpga_top.v:]
WARNING: [filemgmt 56-199] Attempt to get parsing info during refresh. "On-the-fly" syntax checking information may be incorrect. [C:\Users\amr21\Documents\GitHub\4280-Group12\LRU\LRU Project\SD Code\sd_file_reader.v:]
WARNING: [filemgmt 56-199] Attempt to get parsing info during refresh. "On-the-fly" syntax checking information may be incorrect. [C:\Users\amr21\Documents\GitHub\4280-Group12\LRU\LRU Project\LRU Project.srcs\sources_1\new\supertop.v:]
WARNING: [filemgmt 56-199] Attempt to get parsing info during refresh. "On-the-fly" syntax checking information may be incorrect. [C:\Users\amr21\Documents\GitHub\4280-Group12\LRU\LRU Project\RAM Code\mig_example_top.v:]
WARNING: [filemgmt 56-199] Attempt to get parsing info during refresh. "On-the-fly" syntax checking information may be incorrect. [C:\Users\amr21\Documents\GitHub\4280-Group12\LRU\LRU Project\LRU Project.srcs\sources_1\new\supertop.v:]
WARNING: [filemgmt 56-199] Attempt to get parsing info during refresh. "On-the-fly" syntax checking information may be incorrect. [C:\Users\amr21\Documents\GitHub\4280-Group12\LRU\LRU Project\LRU Project.srcs\sources_1\new\supertop.v:]
WARNING: [filemgmt 56-199] Attempt to get parsing info during refresh. "On-the-fly" syntax checking information may be incorrect. [C:\Users\amr21\Documents\GitHub\4280-Group12\LRU\LRU Project\SD Code\sd_test.v:]
WARNING: [filemgmt 56-199] Attempt to get parsing info during refresh. "On-the-fly" syntax checking information may be incorrect. [C:\Users\amr21\Documents\GitHub\4280-Group12\LRU\LRU Project\SD Code\fpga_top.v:]
WARNING: [filemgmt 56-199] Attempt to get parsing info during refresh. "On-the-fly" syntax checking information may be incorrect. [C:\Users\amr21\Documents\GitHub\4280-Group12\LRU\LRU Project\SD Code\sd_file_reader.v:]
WARNING: [filemgmt 56-199] Attempt to get parsing info during refresh. "On-the-fly" syntax checking information may be incorrect. [C:\Users\amr21\Documents\GitHub\4280-Group12\LRU\LRU Project\LRU Project.srcs\sources_1\new\supertop.v:]
WARNING: [filemgmt 56-199] Attempt to get parsing info during refresh. "On-the-fly" syntax checking information may be incorrect. [C:\Users\amr21\Documents\GitHub\4280-Group12\LRU\LRU Project\RAM Code\mig_example_top.v:]
WARNING: [filemgmt 56-199] Attempt to get parsing info during refresh. "On-the-fly" syntax checking information may be incorrect. [C:\Users\amr21\Documents\GitHub\4280-Group12\LRU\LRU Project\SD Code\sd_file_reader.v:]
WARNING: [filemgmt 56-199] Attempt to get parsing info during refresh. "On-the-fly" syntax checking information may be incorrect. [C:\Users\amr21\Documents\GitHub\4280-Group12\LRU\LRU Project\SD Code\sd_file_reader.v:]
ERROR: [Common 17-180] Spawn failed: No such file or directory
WARNING: [filemgmt 56-199] Attempt to get parsing info during refresh. "On-the-fly" syntax checking information may be incorrect. [C:\Users\amr21\Documents\GitHub\4280-Group12\LRU\LRU Project\SD Code\sd_test.v:]
WARNING: [filemgmt 56-199] Attempt to get parsing info during refresh. "On-the-fly" syntax checking information may be incorrect. [C:\Users\amr21\Documents\GitHub\4280-Group12\LRU\LRU Project\SD Code\fpga_top.v:]
WARNING: [filemgmt 56-199] Attempt to get parsing info during refresh. "On-the-fly" syntax checking information may be incorrect. [C:\Users\amr21\Documents\GitHub\4280-Group12\LRU\LRU Project\SD Code\sd_file_reader.v:]
WARNING: [filemgmt 56-199] Attempt to get parsing info during refresh. "On-the-fly" syntax checking information may be incorrect. [C:\Users\amr21\Documents\GitHub\4280-Group12\LRU\LRU Project\LRU Project.srcs\sources_1\new\supertop.v:]
WARNING: [filemgmt 56-199] Attempt to get parsing info during refresh. "On-the-fly" syntax checking information may be incorrect. [C:\Users\amr21\Documents\GitHub\4280-Group12\LRU\LRU Project\RAM Code\mig_example_top.v:]
WARNING: [filemgmt 56-199] Attempt to get parsing info during refresh. "On-the-fly" syntax checking information may be incorrect. [C:\Users\amr21\Documents\GitHub\4280-Group12\LRU\LRU Project\RAM Code\mig_example_top.v:]
WARNING: [filemgmt 56-199] Attempt to get parsing info during refresh. "On-the-fly" syntax checking information may be incorrect. [C:\Users\amr21\Documents\GitHub\4280-Group12\LRU\LRU Project\RAM Code\mig_example_top.v:]
WARNING: [filemgmt 56-199] Attempt to get parsing info during refresh. "On-the-fly" syntax checking information may be incorrect. [C:\Users\amr21\Documents\GitHub\4280-Group12\LRU\LRU Project\SD Code\sd_test.v:]
WARNING: [filemgmt 56-199] Attempt to get parsing info during refresh. "On-the-fly" syntax checking information may be incorrect. [C:\Users\amr21\Documents\GitHub\4280-Group12\LRU\LRU Project\SD Code\fpga_top.v:]
WARNING: [filemgmt 56-199] Attempt to get parsing info during refresh. "On-the-fly" syntax checking information may be incorrect. [C:\Users\amr21\Documents\GitHub\4280-Group12\LRU\LRU Project\SD Code\sd_file_reader.v:]
WARNING: [filemgmt 56-199] Attempt to get parsing info during refresh. "On-the-fly" syntax checking information may be incorrect. [C:\Users\amr21\Documents\GitHub\4280-Group12\LRU\LRU Project\LRU Project.srcs\sources_1\new\supertop.v:]
WARNING: [filemgmt 56-199] Attempt to get parsing info during refresh. "On-the-fly" syntax checking information may be incorrect. [C:\Users\amr21\Documents\GitHub\4280-Group12\LRU\LRU Project\RAM Code\mig_example_top.v:]
WARNING: [filemgmt 56-199] Attempt to get parsing info during refresh. "On-the-fly" syntax checking information may be incorrect. [C:\Users\amr21\Documents\GitHub\4280-Group12\LRU\LRU Project\LRU Project.srcs\sources_1\new\supertop.v:]
WARNING: [filemgmt 56-199] Attempt to get parsing info during refresh. "On-the-fly" syntax checking information may be incorrect. [C:\Users\amr21\Documents\GitHub\4280-Group12\LRU\LRU Project\LRU Project.srcs\sources_1\new\supertop.v:]
WARNING: [filemgmt 56-199] Attempt to get parsing info during refresh. "On-the-fly" syntax checking information may be incorrect. [C:\Users\amr21\Documents\GitHub\4280-Group12\LRU\LRU Project\SD Code\sd_test.v:]
WARNING: [filemgmt 56-199] Attempt to get parsing info during refresh. "On-the-fly" syntax checking information may be incorrect. [C:\Users\amr21\Documents\GitHub\4280-Group12\LRU\LRU Project\SD Code\fpga_top.v:]
WARNING: [filemgmt 56-199] Attempt to get parsing info during refresh. "On-the-fly" syntax checking information may be incorrect. [C:\Users\amr21\Documents\GitHub\4280-Group12\LRU\LRU Project\SD Code\sd_file_reader.v:]
WARNING: [filemgmt 56-199] Attempt to get parsing info during refresh. "On-the-fly" syntax checking information may be incorrect. [C:\Users\amr21\Documents\GitHub\4280-Group12\LRU\LRU Project\LRU Project.srcs\sources_1\new\supertop.v:]
WARNING: [filemgmt 56-199] Attempt to get parsing info during refresh. "On-the-fly" syntax checking information may be incorrect. [C:\Users\amr21\Documents\GitHub\4280-Group12\LRU\LRU Project\RAM Code\mig_example_top.v:]
WARNING: [filemgmt 56-199] Attempt to get parsing info during refresh. "On-the-fly" syntax checking information may be incorrect. [C:\Users\amr21\Documents\GitHub\4280-Group12\LRU\LRU Project\SD Code\sd_file_reader.v:]
WARNING: [filemgmt 56-199] Attempt to get parsing info during refresh. "On-the-fly" syntax checking information may be incorrect. [C:\Users\amr21\Documents\GitHub\4280-Group12\LRU\LRU Project\SD Code\sd_file_reader.v:]
ERROR: [Common 17-180] Spawn failed: No such file or directory
WARNING: [filemgmt 56-199] Attempt to get parsing info during refresh. "On-the-fly" syntax checking information may be incorrect. [C:\Users\amr21\Documents\GitHub\4280-Group12\LRU\LRU Project\SD Code\sd_test.v:]
WARNING: [filemgmt 56-199] Attempt to get parsing info during refresh. "On-the-fly" syntax checking information may be incorrect. [C:\Users\amr21\Documents\GitHub\4280-Group12\LRU\LRU Project\SD Code\fpga_top.v:]
WARNING: [filemgmt 56-199] Attempt to get parsing info during refresh. "On-the-fly" syntax checking information may be incorrect. [C:\Users\amr21\Documents\GitHub\4280-Group12\LRU\LRU Project\SD Code\sd_file_reader.v:]
WARNING: [filemgmt 56-199] Attempt to get parsing info during refresh. "On-the-fly" syntax checking information may be incorrect. [C:\Users\amr21\Documents\GitHub\4280-Group12\LRU\LRU Project\LRU Project.srcs\sources_1\new\supertop.v:]
WARNING: [filemgmt 56-199] Attempt to get parsing info during refresh. "On-the-fly" syntax checking information may be incorrect. [C:\Users\amr21\Documents\GitHub\4280-Group12\LRU\LRU Project\RAM Code\mig_example_top.v:]
WARNING: [filemgmt 56-199] Attempt to get parsing info during refresh. "On-the-fly" syntax checking information may be incorrect. [C:\Users\amr21\Documents\GitHub\4280-Group12\LRU\LRU Project\RAM Code\mig_example_top.v:]
WARNING: [filemgmt 56-199] Attempt to get parsing info during refresh. "On-the-fly" syntax checking information may be incorrect. [C:\Users\amr21\Documents\GitHub\4280-Group12\LRU\LRU Project\RAM Code\mig_example_top.v:]
WARNING: [filemgmt 56-199] Attempt to get parsing info during refresh. "On-the-fly" syntax checking information may be incorrect. [C:\Users\amr21\Documents\GitHub\4280-Group12\LRU\LRU Project\SD Code\sd_test.v:]
WARNING: [filemgmt 56-199] Attempt to get parsing info during refresh. "On-the-fly" syntax checking information may be incorrect. [C:\Users\amr21\Documents\GitHub\4280-Group12\LRU\LRU Project\SD Code\fpga_top.v:]
WARNING: [filemgmt 56-199] Attempt to get parsing info during refresh. "On-the-fly" syntax checking information may be incorrect. [C:\Users\amr21\Documents\GitHub\4280-Group12\LRU\LRU Project\SD Code\sd_file_reader.v:]
WARNING: [filemgmt 56-199] Attempt to get parsing info during refresh. "On-the-fly" syntax checking information may be incorrect. [C:\Users\amr21\Documents\GitHub\4280-Group12\LRU\LRU Project\LRU Project.srcs\sources_1\new\supertop.v:]
WARNING: [filemgmt 56-199] Attempt to get parsing info during refresh. "On-the-fly" syntax checking information may be incorrect. [C:\Users\amr21\Documents\GitHub\4280-Group12\LRU\LRU Project\RAM Code\mig_example_top.v:]
WARNING: [filemgmt 56-199] Attempt to get parsing info during refresh. "On-the-fly" syntax checking information may be incorrect. [C:\Users\amr21\Documents\GitHub\4280-Group12\LRU\LRU Project\SD Code\fpga_top.v:]
WARNING: [filemgmt 56-199] Attempt to get parsing info during refresh. "On-the-fly" syntax checking information may be incorrect. [C:\Users\amr21\Documents\GitHub\4280-Group12\LRU\LRU Project\SD Code\fpga_top.v:]
WARNING: [filemgmt 56-199] Attempt to get parsing info during refresh. "On-the-fly" syntax checking information may be incorrect. [C:\Users\amr21\Documents\GitHub\4280-Group12\LRU\LRU Project\SD Code\sd_test.v:]
WARNING: [filemgmt 56-199] Attempt to get parsing info during refresh. "On-the-fly" syntax checking information may be incorrect. [C:\Users\amr21\Documents\GitHub\4280-Group12\LRU\LRU Project\SD Code\fpga_top.v:]
WARNING: [filemgmt 56-199] Attempt to get parsing info during refresh. "On-the-fly" syntax checking information may be incorrect. [C:\Users\amr21\Documents\GitHub\4280-Group12\LRU\LRU Project\SD Code\sd_file_reader.v:]
WARNING: [filemgmt 56-199] Attempt to get parsing info during refresh. "On-the-fly" syntax checking information may be incorrect. [C:\Users\amr21\Documents\GitHub\4280-Group12\LRU\LRU Project\LRU Project.srcs\sources_1\new\supertop.v:]
WARNING: [filemgmt 56-199] Attempt to get parsing info during refresh. "On-the-fly" syntax checking information may be incorrect. [C:\Users\amr21\Documents\GitHub\4280-Group12\LRU\LRU Project\RAM Code\mig_example_top.v:]
WARNING: [filemgmt 56-199] Attempt to get parsing info during refresh. "On-the-fly" syntax checking information may be incorrect. [C:\Users\amr21\Documents\GitHub\4280-Group12\LRU\LRU Project\LRU Project.srcs\sources_1\new\supertop.v:]
WARNING: [filemgmt 56-199] Attempt to get parsing info during refresh. "On-the-fly" syntax checking information may be incorrect. [C:\Users\amr21\Documents\GitHub\4280-Group12\LRU\LRU Project\LRU Project.srcs\sources_1\new\supertop.v:]
ERROR: [Common 17-180] Spawn failed: No such file or directory
WARNING: [filemgmt 56-199] Attempt to get parsing info during refresh. "On-the-fly" syntax checking information may be incorrect. [C:\Users\amr21\Documents\GitHub\4280-Group12\LRU\LRU Project\SD Code\sd_test.v:]
WARNING: [filemgmt 56-199] Attempt to get parsing info during refresh. "On-the-fly" syntax checking information may be incorrect. [C:\Users\amr21\Documents\GitHub\4280-Group12\LRU\LRU Project\SD Code\fpga_top.v:]
WARNING: [filemgmt 56-199] Attempt to get parsing info during refresh. "On-the-fly" syntax checking information may be incorrect. [C:\Users\amr21\Documents\GitHub\4280-Group12\LRU\LRU Project\SD Code\sd_file_reader.v:]
WARNING: [filemgmt 56-199] Attempt to get parsing info during refresh. "On-the-fly" syntax checking information may be incorrect. [C:\Users\amr21\Documents\GitHub\4280-Group12\LRU\LRU Project\LRU Project.srcs\sources_1\new\supertop.v:]
WARNING: [filemgmt 56-199] Attempt to get parsing info during refresh. "On-the-fly" syntax checking information may be incorrect. [C:\Users\amr21\Documents\GitHub\4280-Group12\LRU\LRU Project\RAM Code\mig_example_top.v:]
WARNING: [filemgmt 56-199] Attempt to get parsing info during refresh. "On-the-fly" syntax checking information may be incorrect. [C:\Users\amr21\Documents\GitHub\4280-Group12\LRU\LRU Project\RAM Code\mig_example_top.v:]
WARNING: [filemgmt 56-199] Attempt to get parsing info during refresh. "On-the-fly" syntax checking information may be incorrect. [C:\Users\amr21\Documents\GitHub\4280-Group12\LRU\LRU Project\RAM Code\mig_example_top.v:]
WARNING: [filemgmt 56-199] Attempt to get parsing info during refresh. "On-the-fly" syntax checking information may be incorrect. [C:\Users\amr21\Documents\GitHub\4280-Group12\LRU\LRU Project\SD Code\sd_test.v:]
WARNING: [filemgmt 56-199] Attempt to get parsing info during refresh. "On-the-fly" syntax checking information may be incorrect. [C:\Users\amr21\Documents\GitHub\4280-Group12\LRU\LRU Project\SD Code\fpga_top.v:]
WARNING: [filemgmt 56-199] Attempt to get parsing info during refresh. "On-the-fly" syntax checking information may be incorrect. [C:\Users\amr21\Documents\GitHub\4280-Group12\LRU\LRU Project\SD Code\sd_file_reader.v:]
WARNING: [filemgmt 56-199] Attempt to get parsing info during refresh. "On-the-fly" syntax checking information may be incorrect. [C:\Users\amr21\Documents\GitHub\4280-Group12\LRU\LRU Project\LRU Project.srcs\sources_1\new\supertop.v:]
WARNING: [filemgmt 56-199] Attempt to get parsing info during refresh. "On-the-fly" syntax checking information may be incorrect. [C:\Users\amr21\Documents\GitHub\4280-Group12\LRU\LRU Project\RAM Code\mig_example_top.v:]
WARNING: [filemgmt 56-199] Attempt to get parsing info during refresh. "On-the-fly" syntax checking information may be incorrect. [C:\Users\amr21\Documents\GitHub\4280-Group12\LRU\LRU Project\LRU Project.srcs\sources_1\new\supertop.v:]
WARNING: [filemgmt 56-199] Attempt to get parsing info during refresh. "On-the-fly" syntax checking information may be incorrect. [C:\Users\amr21\Documents\GitHub\4280-Group12\LRU\LRU Project\LRU Project.srcs\sources_1\new\supertop.v:]
reset_run synth_1
WARNING: [filemgmt 56-199] Attempt to get parsing info during refresh. "On-the-fly" syntax checking information may be incorrect. [C:\Users\amr21\Documents\GitHub\4280-Group12\LRU\LRU Project\SD Code\sd_test.v:]
WARNING: [filemgmt 56-199] Attempt to get parsing info during refresh. "On-the-fly" syntax checking information may be incorrect. [C:\Users\amr21\Documents\GitHub\4280-Group12\LRU\LRU Project\SD Code\fpga_top.v:]
WARNING: [filemgmt 56-199] Attempt to get parsing info during refresh. "On-the-fly" syntax checking information may be incorrect. [C:\Users\amr21\Documents\GitHub\4280-Group12\LRU\LRU Project\SD Code\sd_file_reader.v:]
WARNING: [filemgmt 56-199] Attempt to get parsing info during refresh. "On-the-fly" syntax checking information may be incorrect. [C:\Users\amr21\Documents\GitHub\4280-Group12\LRU\LRU Project\LRU Project.srcs\sources_1\new\supertop.v:]
WARNING: [filemgmt 56-199] Attempt to get parsing info during refresh. "On-the-fly" syntax checking information may be incorrect. [C:\Users\amr21\Documents\GitHub\4280-Group12\LRU\LRU Project\RAM Code\mig_example_top.v:]
WARNING: [filemgmt 56-199] Attempt to get parsing info during refresh. "On-the-fly" syntax checking information may be incorrect. [C:\Users\amr21\Documents\GitHub\4280-Group12\LRU\LRU Project\SD Code\sd_file_reader.v:]
WARNING: [filemgmt 56-199] Attempt to get parsing info during refresh. "On-the-fly" syntax checking information may be incorrect. [C:\Users\amr21\Documents\GitHub\4280-Group12\LRU\LRU Project\SD Code\sd_file_reader.v:]
ERROR: [Common 17-180] Spawn failed: No such file or directory
ERROR: [Common 17-39] 'reset_runs' failed due to earlier errors.
launch_runs impl_1 -to_step write_bitstream -jobs 16
[Wed Apr 16 05:06:21 2025] Launched synth_1...
Run output will be captured here: C:/Users/amr21/Documents/GitHub/4280-Group12/LRU/LRU Project/LRU Project.runs/synth_1/runme.log
[Wed Apr 16 05:06:21 2025] Launched impl_1...
Run output will be captured here: C:/Users/amr21/Documents/GitHub/4280-Group12/LRU/LRU Project/LRU Project.runs/impl_1/runme.log
set_property PROBES.FILE {} [get_hw_devices xc7a100t_0]
set_property FULL_PROBES.FILE {} [get_hw_devices xc7a100t_0]
set_property PROGRAM.FILE {C:/Users/amr21/Documents/GitHub/4280-Group12/LRU/LRU Project/LRU Project.runs/impl_1/supertop.bit} [get_hw_devices xc7a100t_0]
program_hw_devices [get_hw_devices xc7a100t_0]
INFO: [Labtools 27-3164] End of startup status: HIGH
refresh_hw_device [lindex [get_hw_devices xc7a100t_0] 0]
INFO: [Labtools 27-1434] Device xc7a100t (JTAG device index = 0) is programmed with a design that has no supported debug core(s) in it.
WARNING: [filemgmt 56-199] Attempt to get parsing info during refresh. "On-the-fly" syntax checking information may be incorrect. [C:\Users\amr21\Documents\GitHub\4280-Group12\LRU\LRU Project\SD Code\sd_test.v:]
WARNING: [filemgmt 56-199] Attempt to get parsing info during refresh. "On-the-fly" syntax checking information may be incorrect. [C:\Users\amr21\Documents\GitHub\4280-Group12\LRU\LRU Project\SD Code\fpga_top.v:]
WARNING: [filemgmt 56-199] Attempt to get parsing info during refresh. "On-the-fly" syntax checking information may be incorrect. [C:\Users\amr21\Documents\GitHub\4280-Group12\LRU\LRU Project\SD Code\sd_file_reader.v:]
WARNING: [filemgmt 56-199] Attempt to get parsing info during refresh. "On-the-fly" syntax checking information may be incorrect. [C:\Users\amr21\Documents\GitHub\4280-Group12\LRU\LRU Project\LRU Project.srcs\sources_1\new\supertop.v:]
WARNING: [filemgmt 56-199] Attempt to get parsing info during refresh. "On-the-fly" syntax checking information may be incorrect. [C:\Users\amr21\Documents\GitHub\4280-Group12\LRU\LRU Project\RAM Code\mig_example_top.v:]
WARNING: [filemgmt 56-199] Attempt to get parsing info during refresh. "On-the-fly" syntax checking information may be incorrect. [C:\Users\amr21\Documents\GitHub\4280-Group12\LRU\LRU Project\RAM Code\mig_example_top.v:]
WARNING: [filemgmt 56-199] Attempt to get parsing info during refresh. "On-the-fly" syntax checking information may be incorrect. [C:\Users\amr21\Documents\GitHub\4280-Group12\LRU\LRU Project\RAM Code\mig_example_top.v:]
WARNING: [filemgmt 56-199] Attempt to get parsing info during refresh. "On-the-fly" syntax checking information may be incorrect. [C:\Users\amr21\Documents\GitHub\4280-Group12\LRU\LRU Project\SD Code\sd_test.v:]
WARNING: [filemgmt 56-199] Attempt to get parsing info during refresh. "On-the-fly" syntax checking information may be incorrect. [C:\Users\amr21\Documents\GitHub\4280-Group12\LRU\LRU Project\SD Code\fpga_top.v:]
WARNING: [filemgmt 56-199] Attempt to get parsing info during refresh. "On-the-fly" syntax checking information may be incorrect. [C:\Users\amr21\Documents\GitHub\4280-Group12\LRU\LRU Project\SD Code\sd_file_reader.v:]
WARNING: [filemgmt 56-199] Attempt to get parsing info during refresh. "On-the-fly" syntax checking information may be incorrect. [C:\Users\amr21\Documents\GitHub\4280-Group12\LRU\LRU Project\LRU Project.srcs\sources_1\new\supertop.v:]
WARNING: [filemgmt 56-199] Attempt to get parsing info during refresh. "On-the-fly" syntax checking information may be incorrect. [C:\Users\amr21\Documents\GitHub\4280-Group12\LRU\LRU Project\RAM Code\mig_example_top.v:]
WARNING: [filemgmt 56-199] Attempt to get parsing info during refresh. "On-the-fly" syntax checking information may be incorrect. [C:\Users\amr21\Documents\GitHub\4280-Group12\LRU\LRU Project\LRU Project.srcs\sources_1\new\supertop.v:]
WARNING: [filemgmt 56-199] Attempt to get parsing info during refresh. "On-the-fly" syntax checking information may be incorrect. [C:\Users\amr21\Documents\GitHub\4280-Group12\LRU\LRU Project\LRU Project.srcs\sources_1\new\supertop.v:]
WARNING: [filemgmt 56-199] Attempt to get parsing info during refresh. "On-the-fly" syntax checking information may be incorrect. [C:\Users\amr21\Documents\GitHub\4280-Group12\LRU\LRU Project\SD Code\sd_test.v:]
WARNING: [filemgmt 56-199] Attempt to get parsing info during refresh. "On-the-fly" syntax checking information may be incorrect. [C:\Users\amr21\Documents\GitHub\4280-Group12\LRU\LRU Project\SD Code\fpga_top.v:]
WARNING: [filemgmt 56-199] Attempt to get parsing info during refresh. "On-the-fly" syntax checking information may be incorrect. [C:\Users\amr21\Documents\GitHub\4280-Group12\LRU\LRU Project\SD Code\sd_file_reader.v:]
WARNING: [filemgmt 56-199] Attempt to get parsing info during refresh. "On-the-fly" syntax checking information may be incorrect. [C:\Users\amr21\Documents\GitHub\4280-Group12\LRU\LRU Project\LRU Project.srcs\sources_1\new\supertop.v:]
WARNING: [filemgmt 56-199] Attempt to get parsing info during refresh. "On-the-fly" syntax checking information may be incorrect. [C:\Users\amr21\Documents\GitHub\4280-Group12\LRU\LRU Project\RAM Code\mig_example_top.v:]
WARNING: [filemgmt 56-199] Attempt to get parsing info during refresh. "On-the-fly" syntax checking information may be incorrect. [C:\Users\amr21\Documents\GitHub\4280-Group12\LRU\LRU Project\SD Code\sd_file_reader.v:]
WARNING: [filemgmt 56-199] Attempt to get parsing info during refresh. "On-the-fly" syntax checking information may be incorrect. [C:\Users\amr21\Documents\GitHub\4280-Group12\LRU\LRU Project\SD Code\sd_file_reader.v:]
ERROR: [Common 17-180] Spawn failed: No such file or directory
reset_run synth_1
launch_runs synth_1 -jobs 16
[Wed Apr 16 05:10:18 2025] Launched synth_1...
Run output will be captured here: C:/Users/amr21/Documents/GitHub/4280-Group12/LRU/LRU Project/LRU Project.runs/synth_1/runme.log
launch_runs impl_1 -jobs 16
[Wed Apr 16 05:12:02 2025] Launched impl_1...
Run output will be captured here: C:/Users/amr21/Documents/GitHub/4280-Group12/LRU/LRU Project/LRU Project.runs/impl_1/runme.log
launch_runs impl_1 -to_step write_bitstream -jobs 16
[Wed Apr 16 05:15:35 2025] Launched impl_1...
Run output will be captured here: C:/Users/amr21/Documents/GitHub/4280-Group12/LRU/LRU Project/LRU Project.runs/impl_1/runme.log
set_property PROBES.FILE {} [get_hw_devices xc7a100t_0]
set_property FULL_PROBES.FILE {} [get_hw_devices xc7a100t_0]
set_property PROGRAM.FILE {C:/Users/amr21/Documents/GitHub/4280-Group12/LRU/LRU Project/LRU Project.runs/impl_1/supertop.bit} [get_hw_devices xc7a100t_0]
program_hw_devices [get_hw_devices xc7a100t_0]
INFO: [Labtools 27-3164] End of startup status: HIGH
refresh_hw_device [lindex [get_hw_devices xc7a100t_0] 0]
INFO: [Labtools 27-1434] Device xc7a100t (JTAG device index = 0) is programmed with a design that has no supported debug core(s) in it.
WARNING: [filemgmt 56-199] Attempt to get parsing info during refresh. "On-the-fly" syntax checking information may be incorrect. [C:\Users\amr21\Documents\GitHub\4280-Group12\LRU\LRU Project\SD Code\sd_test.v:]
WARNING: [filemgmt 56-199] Attempt to get parsing info during refresh. "On-the-fly" syntax checking information may be incorrect. [C:\Users\amr21\Documents\GitHub\4280-Group12\LRU\LRU Project\SD Code\fpga_top.v:]
WARNING: [filemgmt 56-199] Attempt to get parsing info during refresh. "On-the-fly" syntax checking information may be incorrect. [C:\Users\amr21\Documents\GitHub\4280-Group12\LRU\LRU Project\SD Code\sd_file_reader.v:]
WARNING: [filemgmt 56-199] Attempt to get parsing info during refresh. "On-the-fly" syntax checking information may be incorrect. [C:\Users\amr21\Documents\GitHub\4280-Group12\LRU\LRU Project\LRU Project.srcs\sources_1\new\supertop.v:]
WARNING: [filemgmt 56-199] Attempt to get parsing info during refresh. "On-the-fly" syntax checking information may be incorrect. [C:\Users\amr21\Documents\GitHub\4280-Group12\LRU\LRU Project\RAM Code\mig_example_top.v:]
WARNING: [filemgmt 56-199] Attempt to get parsing info during refresh. "On-the-fly" syntax checking information may be incorrect. [C:\Users\amr21\Documents\GitHub\4280-Group12\LRU\LRU Project\LRU Project.srcs\sources_1\new\supertop.v:]
WARNING: [filemgmt 56-199] Attempt to get parsing info during refresh. "On-the-fly" syntax checking information may be incorrect. [C:\Users\amr21\Documents\GitHub\4280-Group12\LRU\LRU Project\LRU Project.srcs\sources_1\new\supertop.v:]
WARNING: [filemgmt 56-199] Attempt to get parsing info during refresh. "On-the-fly" syntax checking information may be incorrect. [C:\Users\amr21\Documents\GitHub\4280-Group12\LRU\LRU Project\SD Code\sd_test.v:]
WARNING: [filemgmt 56-199] Attempt to get parsing info during refresh. "On-the-fly" syntax checking information may be incorrect. [C:\Users\amr21\Documents\GitHub\4280-Group12\LRU\LRU Project\SD Code\fpga_top.v:]
WARNING: [filemgmt 56-199] Attempt to get parsing info during refresh. "On-the-fly" syntax checking information may be incorrect. [C:\Users\amr21\Documents\GitHub\4280-Group12\LRU\LRU Project\SD Code\sd_file_reader.v:]
WARNING: [filemgmt 56-199] Attempt to get parsing info during refresh. "On-the-fly" syntax checking information may be incorrect. [C:\Users\amr21\Documents\GitHub\4280-Group12\LRU\LRU Project\LRU Project.srcs\sources_1\new\supertop.v:]
WARNING: [filemgmt 56-199] Attempt to get parsing info during refresh. "On-the-fly" syntax checking information may be incorrect. [C:\Users\amr21\Documents\GitHub\4280-Group12\LRU\LRU Project\RAM Code\mig_example_top.v:]
WARNING: [filemgmt 56-199] Attempt to get parsing info during refresh. "On-the-fly" syntax checking information may be incorrect. [C:\Users\amr21\Documents\GitHub\4280-Group12\LRU\LRU Project\SD Code\sd_file_reader.v:]
WARNING: [filemgmt 56-199] Attempt to get parsing info during refresh. "On-the-fly" syntax checking information may be incorrect. [C:\Users\amr21\Documents\GitHub\4280-Group12\LRU\LRU Project\SD Code\sd_file_reader.v:]
ERROR: [Common 17-180] Spawn failed: No such file or directory
WARNING: [filemgmt 56-199] Attempt to get parsing info during refresh. "On-the-fly" syntax checking information may be incorrect. [C:\Users\amr21\Documents\GitHub\4280-Group12\LRU\LRU Project\SD Code\sd_test.v:]
WARNING: [filemgmt 56-199] Attempt to get parsing info during refresh. "On-the-fly" syntax checking information may be incorrect. [C:\Users\amr21\Documents\GitHub\4280-Group12\LRU\LRU Project\SD Code\fpga_top.v:]
WARNING: [filemgmt 56-199] Attempt to get parsing info during refresh. "On-the-fly" syntax checking information may be incorrect. [C:\Users\amr21\Documents\GitHub\4280-Group12\LRU\LRU Project\SD Code\sd_file_reader.v:]
WARNING: [filemgmt 56-199] Attempt to get parsing info during refresh. "On-the-fly" syntax checking information may be incorrect. [C:\Users\amr21\Documents\GitHub\4280-Group12\LRU\LRU Project\LRU Project.srcs\sources_1\new\supertop.v:]
WARNING: [filemgmt 56-199] Attempt to get parsing info during refresh. "On-the-fly" syntax checking information may be incorrect. [C:\Users\amr21\Documents\GitHub\4280-Group12\LRU\LRU Project\RAM Code\mig_example_top.v:]
WARNING: [filemgmt 56-199] Attempt to get parsing info during refresh. "On-the-fly" syntax checking information may be incorrect. [C:\Users\amr21\Documents\GitHub\4280-Group12\LRU\LRU Project\RAM Code\mig_example_top.v:]
WARNING: [filemgmt 56-199] Attempt to get parsing info during refresh. "On-the-fly" syntax checking information may be incorrect. [C:\Users\amr21\Documents\GitHub\4280-Group12\LRU\LRU Project\RAM Code\mig_example_top.v:]
WARNING: [filemgmt 56-199] Attempt to get parsing info during refresh. "On-the-fly" syntax checking information may be incorrect. [C:\Users\amr21\Documents\GitHub\4280-Group12\LRU\LRU Project\SD Code\sd_test.v:]
WARNING: [filemgmt 56-199] Attempt to get parsing info during refresh. "On-the-fly" syntax checking information may be incorrect. [C:\Users\amr21\Documents\GitHub\4280-Group12\LRU\LRU Project\SD Code\fpga_top.v:]
WARNING: [filemgmt 56-199] Attempt to get parsing info during refresh. "On-the-fly" syntax checking information may be incorrect. [C:\Users\amr21\Documents\GitHub\4280-Group12\LRU\LRU Project\SD Code\sd_file_reader.v:]
WARNING: [filemgmt 56-199] Attempt to get parsing info during refresh. "On-the-fly" syntax checking information may be incorrect. [C:\Users\amr21\Documents\GitHub\4280-Group12\LRU\LRU Project\LRU Project.srcs\sources_1\new\supertop.v:]
WARNING: [filemgmt 56-199] Attempt to get parsing info during refresh. "On-the-fly" syntax checking information may be incorrect. [C:\Users\amr21\Documents\GitHub\4280-Group12\LRU\LRU Project\RAM Code\mig_example_top.v:]
WARNING: [filemgmt 56-199] Attempt to get parsing info during refresh. "On-the-fly" syntax checking information may be incorrect. [C:\Users\amr21\Documents\GitHub\4280-Group12\LRU\LRU Project\LRU Project.srcs\sources_1\new\supertop.v:]
WARNING: [filemgmt 56-199] Attempt to get parsing info during refresh. "On-the-fly" syntax checking information may be incorrect. [C:\Users\amr21\Documents\GitHub\4280-Group12\LRU\LRU Project\LRU Project.srcs\sources_1\new\supertop.v:]
WARNING: [filemgmt 56-199] Attempt to get parsing info during refresh. "On-the-fly" syntax checking information may be incorrect. [C:\Users\amr21\Documents\GitHub\4280-Group12\LRU\LRU Project\SD Code\sd_test.v:]
WARNING: [filemgmt 56-199] Attempt to get parsing info during refresh. "On-the-fly" syntax checking information may be incorrect. [C:\Users\amr21\Documents\GitHub\4280-Group12\LRU\LRU Project\SD Code\fpga_top.v:]
WARNING: [filemgmt 56-199] Attempt to get parsing info during refresh. "On-the-fly" syntax checking information may be incorrect. [C:\Users\amr21\Documents\GitHub\4280-Group12\LRU\LRU Project\SD Code\sd_file_reader.v:]
WARNING: [filemgmt 56-199] Attempt to get parsing info during refresh. "On-the-fly" syntax checking information may be incorrect. [C:\Users\amr21\Documents\GitHub\4280-Group12\LRU\LRU Project\LRU Project.srcs\sources_1\new\supertop.v:]
WARNING: [filemgmt 56-199] Attempt to get parsing info during refresh. "On-the-fly" syntax checking information may be incorrect. [C:\Users\amr21\Documents\GitHub\4280-Group12\LRU\LRU Project\RAM Code\mig_example_top.v:]
WARNING: [filemgmt 56-199] Attempt to get parsing info during refresh. "On-the-fly" syntax checking information may be incorrect. [C:\Users\amr21\Documents\GitHub\4280-Group12\LRU\LRU Project\SD Code\sd_file_reader.v:]
WARNING: [filemgmt 56-199] Attempt to get parsing info during refresh. "On-the-fly" syntax checking information may be incorrect. [C:\Users\amr21\Documents\GitHub\4280-Group12\LRU\LRU Project\SD Code\sd_file_reader.v:]
ERROR: [Common 17-180] Spawn failed: No such file or directory
reset_run synth_1
WARNING: [filemgmt 56-199] Attempt to get parsing info during refresh. "On-the-fly" syntax checking information may be incorrect. [C:\Users\amr21\Documents\GitHub\4280-Group12\LRU\LRU Project\SD Code\sd_test.v:]
WARNING: [filemgmt 56-199] Attempt to get parsing info during refresh. "On-the-fly" syntax checking information may be incorrect. [C:\Users\amr21\Documents\GitHub\4280-Group12\LRU\LRU Project\SD Code\fpga_top.v:]
WARNING: [filemgmt 56-199] Attempt to get parsing info during refresh. "On-the-fly" syntax checking information may be incorrect. [C:\Users\amr21\Documents\GitHub\4280-Group12\LRU\LRU Project\SD Code\sd_file_reader.v:]
WARNING: [filemgmt 56-199] Attempt to get parsing info during refresh. "On-the-fly" syntax checking information may be incorrect. [C:\Users\amr21\Documents\GitHub\4280-Group12\LRU\LRU Project\LRU Project.srcs\sources_1\new\supertop.v:]
WARNING: [filemgmt 56-199] Attempt to get parsing info during refresh. "On-the-fly" syntax checking information may be incorrect. [C:\Users\amr21\Documents\GitHub\4280-Group12\LRU\LRU Project\RAM Code\mig_example_top.v:]
WARNING: [filemgmt 56-199] Attempt to get parsing info during refresh. "On-the-fly" syntax checking information may be incorrect. [C:\Users\amr21\Documents\GitHub\4280-Group12\LRU\LRU Project\LRU Project.srcs\sources_1\new\supertop.v:]
WARNING: [filemgmt 56-199] Attempt to get parsing info during refresh. "On-the-fly" syntax checking information may be incorrect. [C:\Users\amr21\Documents\GitHub\4280-Group12\LRU\LRU Project\LRU Project.srcs\sources_1\new\supertop.v:]
WARNING: [filemgmt 56-199] Attempt to get parsing info during refresh. "On-the-fly" syntax checking information may be incorrect. [C:\Users\amr21\Documents\GitHub\4280-Group12\LRU\LRU Project\SD Code\sd_test.v:]
WARNING: [filemgmt 56-199] Attempt to get parsing info during refresh. "On-the-fly" syntax checking information may be incorrect. [C:\Users\amr21\Documents\GitHub\4280-Group12\LRU\LRU Project\SD Code\fpga_top.v:]
WARNING: [filemgmt 56-199] Attempt to get parsing info during refresh. "On-the-fly" syntax checking information may be incorrect. [C:\Users\amr21\Documents\GitHub\4280-Group12\LRU\LRU Project\SD Code\sd_file_reader.v:]
WARNING: [filemgmt 56-199] Attempt to get parsing info during refresh. "On-the-fly" syntax checking information may be incorrect. [C:\Users\amr21\Documents\GitHub\4280-Group12\LRU\LRU Project\LRU Project.srcs\sources_1\new\supertop.v:]
WARNING: [filemgmt 56-199] Attempt to get parsing info during refresh. "On-the-fly" syntax checking information may be incorrect. [C:\Users\amr21\Documents\GitHub\4280-Group12\LRU\LRU Project\RAM Code\mig_example_top.v:]
WARNING: [filemgmt 56-199] Attempt to get parsing info during refresh. "On-the-fly" syntax checking information may be incorrect. [C:\Users\amr21\Documents\GitHub\4280-Group12\LRU\LRU Project\SD Code\fpga_top.v:]
WARNING: [filemgmt 56-199] Attempt to get parsing info during refresh. "On-the-fly" syntax checking information may be incorrect. [C:\Users\amr21\Documents\GitHub\4280-Group12\LRU\LRU Project\SD Code\fpga_top.v:]
WARNING: [filemgmt 56-199] Attempt to get parsing info during refresh. "On-the-fly" syntax checking information may be incorrect. [C:\Users\amr21\Documents\GitHub\4280-Group12\LRU\LRU Project\SD Code\sd_test.v:]
WARNING: [filemgmt 56-199] Attempt to get parsing info during refresh. "On-the-fly" syntax checking information may be incorrect. [C:\Users\amr21\Documents\GitHub\4280-Group12\LRU\LRU Project\SD Code\fpga_top.v:]
WARNING: [filemgmt 56-199] Attempt to get parsing info during refresh. "On-the-fly" syntax checking information may be incorrect. [C:\Users\amr21\Documents\GitHub\4280-Group12\LRU\LRU Project\SD Code\sd_file_reader.v:]
WARNING: [filemgmt 56-199] Attempt to get parsing info during refresh. "On-the-fly" syntax checking information may be incorrect. [C:\Users\amr21\Documents\GitHub\4280-Group12\LRU\LRU Project\LRU Project.srcs\sources_1\new\supertop.v:]
WARNING: [filemgmt 56-199] Attempt to get parsing info during refresh. "On-the-fly" syntax checking information may be incorrect. [C:\Users\amr21\Documents\GitHub\4280-Group12\LRU\LRU Project\RAM Code\mig_example_top.v:]
WARNING: [filemgmt 56-199] Attempt to get parsing info during refresh. "On-the-fly" syntax checking information may be incorrect. [C:\Users\amr21\Documents\GitHub\4280-Group12\LRU\LRU Project\SD Code\sd_file_reader.v:]
WARNING: [filemgmt 56-199] Attempt to get parsing info during refresh. "On-the-fly" syntax checking information may be incorrect. [C:\Users\amr21\Documents\GitHub\4280-Group12\LRU\LRU Project\SD Code\sd_file_reader.v:]
ERROR: [Common 17-180] Spawn failed: No such file or directory
launch_runs synth_1 -jobs 16
[Wed Apr 16 05:20:00 2025] Launched synth_1...
Run output will be captured here: C:/Users/amr21/Documents/GitHub/4280-Group12/LRU/LRU Project/LRU Project.runs/synth_1/runme.log
launch_runs impl_1 -jobs 16
[Wed Apr 16 05:21:02 2025] Launched impl_1...
Run output will be captured here: C:/Users/amr21/Documents/GitHub/4280-Group12/LRU/LRU Project/LRU Project.runs/impl_1/runme.log
launch_runs impl_1 -to_step write_bitstream -jobs 16
[Wed Apr 16 05:22:47 2025] Launched impl_1...
Run output will be captured here: C:/Users/amr21/Documents/GitHub/4280-Group12/LRU/LRU Project/LRU Project.runs/impl_1/runme.log
set_property PROBES.FILE {} [get_hw_devices xc7a100t_0]
set_property FULL_PROBES.FILE {} [get_hw_devices xc7a100t_0]
set_property PROGRAM.FILE {C:/Users/amr21/Documents/GitHub/4280-Group12/LRU/LRU Project/LRU Project.runs/impl_1/supertop.bit} [get_hw_devices xc7a100t_0]
program_hw_devices [get_hw_devices xc7a100t_0]
INFO: [Labtools 27-3164] End of startup status: HIGH
refresh_hw_device [lindex [get_hw_devices xc7a100t_0] 0]
INFO: [Labtools 27-1434] Device xc7a100t (JTAG device index = 0) is programmed with a design that has no supported debug core(s) in it.
WARNING: [filemgmt 56-199] Attempt to get parsing info during refresh. "On-the-fly" syntax checking information may be incorrect. [C:\Users\amr21\Documents\GitHub\4280-Group12\LRU\LRU Project\SD Code\sd_test.v:]
WARNING: [filemgmt 56-199] Attempt to get parsing info during refresh. "On-the-fly" syntax checking information may be incorrect. [C:\Users\amr21\Documents\GitHub\4280-Group12\LRU\LRU Project\SD Code\fpga_top.v:]
WARNING: [filemgmt 56-199] Attempt to get parsing info during refresh. "On-the-fly" syntax checking information may be incorrect. [C:\Users\amr21\Documents\GitHub\4280-Group12\LRU\LRU Project\SD Code\sd_file_reader.v:]
WARNING: [filemgmt 56-199] Attempt to get parsing info during refresh. "On-the-fly" syntax checking information may be incorrect. [C:\Users\amr21\Documents\GitHub\4280-Group12\LRU\LRU Project\LRU Project.srcs\sources_1\new\supertop.v:]
WARNING: [filemgmt 56-199] Attempt to get parsing info during refresh. "On-the-fly" syntax checking information may be incorrect. [C:\Users\amr21\Documents\GitHub\4280-Group12\LRU\LRU Project\RAM Code\mig_example_top.v:]
WARNING: [filemgmt 56-199] Attempt to get parsing info during refresh. "On-the-fly" syntax checking information may be incorrect. [C:\Users\amr21\Documents\GitHub\4280-Group12\LRU\LRU Project\RAM Code\mig_example_top.v:]
WARNING: [filemgmt 56-199] Attempt to get parsing info during refresh. "On-the-fly" syntax checking information may be incorrect. [C:\Users\amr21\Documents\GitHub\4280-Group12\LRU\LRU Project\RAM Code\mig_example_top.v:]
WARNING: [filemgmt 56-199] Attempt to get parsing info during refresh. "On-the-fly" syntax checking information may be incorrect. [C:\Users\amr21\Documents\GitHub\4280-Group12\LRU\LRU Project\SD Code\sd_test.v:]
WARNING: [filemgmt 56-199] Attempt to get parsing info during refresh. "On-the-fly" syntax checking information may be incorrect. [C:\Users\amr21\Documents\GitHub\4280-Group12\LRU\LRU Project\SD Code\fpga_top.v:]
WARNING: [filemgmt 56-199] Attempt to get parsing info during refresh. "On-the-fly" syntax checking information may be incorrect. [C:\Users\amr21\Documents\GitHub\4280-Group12\LRU\LRU Project\SD Code\sd_file_reader.v:]
WARNING: [filemgmt 56-199] Attempt to get parsing info during refresh. "On-the-fly" syntax checking information may be incorrect. [C:\Users\amr21\Documents\GitHub\4280-Group12\LRU\LRU Project\LRU Project.srcs\sources_1\new\supertop.v:]
WARNING: [filemgmt 56-199] Attempt to get parsing info during refresh. "On-the-fly" syntax checking information may be incorrect. [C:\Users\amr21\Documents\GitHub\4280-Group12\LRU\LRU Project\RAM Code\mig_example_top.v:]
WARNING: [filemgmt 56-199] Attempt to get parsing info during refresh. "On-the-fly" syntax checking information may be incorrect. [C:\Users\amr21\Documents\GitHub\4280-Group12\LRU\LRU Project\LRU Project.srcs\sources_1\new\supertop.v:]
WARNING: [filemgmt 56-199] Attempt to get parsing info during refresh. "On-the-fly" syntax checking information may be incorrect. [C:\Users\amr21\Documents\GitHub\4280-Group12\LRU\LRU Project\LRU Project.srcs\sources_1\new\supertop.v:]
WARNING: [filemgmt 56-199] Attempt to get parsing info during refresh. "On-the-fly" syntax checking information may be incorrect. [C:\Users\amr21\Documents\GitHub\4280-Group12\LRU\LRU Project\SD Code\sd_test.v:]
WARNING: [filemgmt 56-199] Attempt to get parsing info during refresh. "On-the-fly" syntax checking information may be incorrect. [C:\Users\amr21\Documents\GitHub\4280-Group12\LRU\LRU Project\SD Code\fpga_top.v:]
WARNING: [filemgmt 56-199] Attempt to get parsing info during refresh. "On-the-fly" syntax checking information may be incorrect. [C:\Users\amr21\Documents\GitHub\4280-Group12\LRU\LRU Project\SD Code\sd_file_reader.v:]
WARNING: [filemgmt 56-199] Attempt to get parsing info during refresh. "On-the-fly" syntax checking information may be incorrect. [C:\Users\amr21\Documents\GitHub\4280-Group12\LRU\LRU Project\LRU Project.srcs\sources_1\new\supertop.v:]
WARNING: [filemgmt 56-199] Attempt to get parsing info during refresh. "On-the-fly" syntax checking information may be incorrect. [C:\Users\amr21\Documents\GitHub\4280-Group12\LRU\LRU Project\RAM Code\mig_example_top.v:]
WARNING: [filemgmt 56-199] Attempt to get parsing info during refresh. "On-the-fly" syntax checking information may be incorrect. [C:\Users\amr21\Documents\GitHub\4280-Group12\LRU\LRU Project\SD Code\fpga_top.v:]
WARNING: [filemgmt 56-199] Attempt to get parsing info during refresh. "On-the-fly" syntax checking information may be incorrect. [C:\Users\amr21\Documents\GitHub\4280-Group12\LRU\LRU Project\SD Code\fpga_top.v:]
exit
INFO: [Common 17-206] Exiting Vivado at Wed Apr 16 05:25:44 2025...
