#-----------------------------------------------------------
# Vivado v2024.2.1 (64-bit)
# SW Build 5266912 on Sun Dec 15 09:03:24 MST 2024
# IP Build 5264866 on Sun Dec 15 16:27:47 MST 2024
# SharedData Build 5264680 on Wed Dec 11 12:48:36 MST 2024
# Start of session at: Sat Apr 19 19:58:22 2025
# Process ID         : 7024
# Current directory  : C:/Users/aam08331/Documents/GitHub/4280-Group12/LRU/LRU Project
# Command line       : vivado.exe -gui_launcher_event rodinguilauncherevent2040 C:\Users\aam08331\Documents\GitHub\4280-Group12\LRU\LRU Project\LRU Project.xpr
# Log file           : C:/Users/aam08331/Documents/GitHub/4280-Group12/LRU/LRU Project/vivado.log
# Journal file       : C:/Users/aam08331/Documents/GitHub/4280-Group12/LRU/LRU Project\vivado.jou
# Running On         : engr-d1409-010
# Platform           : Windows Server 2016 or Windows 10
# Operating System   : 19045
# Processor Detail   : 13th Gen Intel(R) Core(TM) i7-13700
# CPU Frequency      : 2112 MHz
# CPU Physical cores : 16
# CPU Logical cores  : 24
# Host memory        : 34033 MB
# Swap memory        : 2147 MB
# Total Virtual      : 36180 MB
# Available Virtual  : 23512 MB
#-----------------------------------------------------------
start_gui
Sourcing tcl script 'C:/Users/aam08331/AppData/Roaming/Xilinx/Vivado/Vivado_init.tcl'
open_project {C:/Users/aam08331/Documents/GitHub/4280-Group12/LRU/LRU Project/LRU Project.xpr}
WARNING: [Board 49-91] Board repository path 'C:ivado-boards-master
ewoard_files' does not exist, it will not be used to search board files.
WARNING: [Board 49-26] cannot add Board Part digilentinc.com:genesys2:part0:1.1 available at C:/Xilinx/Vivado/2024.2/data/boards/board_files/genesys2/H/board.xml as part xc7k325tffg900-2 specified in board_part file is either invalid or not available
WARNING: [Board 49-26] cannot add Board Part digilentinc.com:sword:part0:1.0 available at C:/Xilinx/Vivado/2024.2/data/boards/board_files/sword/C.0/board.xml as part xc7k325tffg900-2 specified in board_part file is either invalid or not available
WARNING: [Board 49-91] Board repository path 'C:ivado-boards-master
ewoard_files' does not exist, it will not be used to search board files.
CRITICAL WARNING: [Project 1-19] Could not find the file 'C:/Users/aam08331/Documents/GitHub/4280-Group12/LRU/LRU Project/RAM Code/mig_example_top.v'.
Scanning sources...
Finished scanning sources
INFO: [IP_Flow 19-234] Refreshing IP repositories
INFO: [IP_Flow 19-1704] No user IP repositories specified
INFO: [IP_Flow 19-2313] Loaded Vivado IP repository 'C:/Xilinx/Vivado/2024.2/data/ip'.
open_project: Time (s): cpu = 00:00:10 ; elapsed = 00:00:05 . Memory (MB): peak = 1375.668 ; gain = 271.418
add_files -norecurse {{C:/Users/aam08331/Documents/GitHub/4280-Group12/LRU/LRU Project/RAM Code/ddr2_model_parameters.vh}}
WARNING: [filemgmt 56-12] File 'C:/Users/aam08331/Documents/GitHub/4280-Group12/LRU/LRU Project/RAM Code/ddr2_model_parameters.vh' cannot be added to the project because it already exists in the project, skipping this file
set_property top {} [get_filesets sim_1]
WARNING: [filemgmt 56-199] Attempt to get parsing info during refresh. "On-the-fly" syntax checking information may be incorrect. [C:\Users\aam08331\Documents\GitHub\4280-Group12\LRU\LRU Project\RAM Code\MemController.v:]
WARNING: [filemgmt 56-199] Attempt to get parsing info during refresh. "On-the-fly" syntax checking information may be incorrect. [C:\Users\aam08331\Documents\GitHub\4280-Group12\LRU\LRU Project\RAM Code\io_def.vh:]
WARNING: [filemgmt 56-199] Attempt to get parsing info during refresh. "On-the-fly" syntax checking information may be incorrect. [C:\Users\aam08331\Documents\GitHub\4280-Group12\LRU\LRU Project\RAM Code\io_def.vh:]
WARNING: [filemgmt 56-199] Attempt to get parsing info during refresh. "On-the-fly" syntax checking information may be incorrect. [C:\Users\aam08331\Documents\GitHub\4280-Group12\LRU\LRU Project\RAM Code\io_def.vh:]
reset_run synth_1
set_property flow {Vivado Synthesis 2024} [get_runs synth_1]
set_property report_strategy {No Reports} [get_runs synth_1]
export_ip_user_files -of_objects  [get_files {{C:/Users/aam08331/Documents/GitHub/4280-Group12/LRU/LRU Project/RAM Code/mig_example_top.v}}] -no_script -reset -force -quiet
remove_files  {{C:/Users/aam08331/Documents/GitHub/4280-Group12/LRU/LRU Project/RAM Code/mig_example_top.v}}
WARNING: [filemgmt 56-199] Attempt to get parsing info during refresh. "On-the-fly" syntax checking information may be incorrect. [C:\Users\aam08331\Documents\GitHub\4280-Group12\LRU\LRU Project\RAM Code\MemController.v:]
WARNING: [filemgmt 56-199] Attempt to get parsing info during refresh. "On-the-fly" syntax checking information may be incorrect. [C:\Users\aam08331\Documents\GitHub\4280-Group12\LRU\LRU Project\RAM Code\io_def.vh:]
WARNING: [filemgmt 56-199] Attempt to get parsing info during refresh. "On-the-fly" syntax checking information may be incorrect. [C:\Users\aam08331\Documents\GitHub\4280-Group12\LRU\LRU Project\RAM Code\MemController.v:]
WARNING: [filemgmt 56-199] Attempt to get parsing info during refresh. "On-the-fly" syntax checking information may be incorrect. [C:\Users\aam08331\Documents\GitHub\4280-Group12\LRU\LRU Project\RAM Code\MemController.v:]
WARNING: [filemgmt 56-199] Attempt to get parsing info during refresh. "On-the-fly" syntax checking information may be incorrect. [C:\Users\aam08331\Documents\GitHub\4280-Group12\LRU\LRU Project\RAM Code\MemController.v:]
WARNING: [filemgmt 56-199] Attempt to get parsing info during refresh. "On-the-fly" syntax checking information may be incorrect. [C:\Users\aam08331\Documents\GitHub\4280-Group12\LRU\LRU Project\RAM Code\io_def.vh:]
WARNING: [filemgmt 56-199] Attempt to get parsing info during refresh. "On-the-fly" syntax checking information may be incorrect. [C:\Users\aam08331\Documents\GitHub\4280-Group12\LRU\LRU Project\RAM Code\ddr2_model_parameters.vh:]
WARNING: [filemgmt 56-199] Attempt to get parsing info during refresh. "On-the-fly" syntax checking information may be incorrect. [C:\Users\aam08331\Documents\GitHub\4280-Group12\LRU\LRU Project\RAM Code\MemController.v:]
WARNING: [filemgmt 56-199] Attempt to get parsing info during refresh. "On-the-fly" syntax checking information may be incorrect. [C:\Users\aam08331\Documents\GitHub\4280-Group12\LRU\LRU Project\RAM Code\MemController.v:]
WARNING: [filemgmt 56-199] Attempt to get parsing info during refresh. "On-the-fly" syntax checking information may be incorrect. [C:\Users\aam08331\Documents\GitHub\4280-Group12\LRU\LRU Project\RAM Code\MemController.v:]
WARNING: [filemgmt 56-199] Attempt to get parsing info during refresh. "On-the-fly" syntax checking information may be incorrect. [C:\Users\aam08331\Documents\GitHub\4280-Group12\LRU\LRU Project\RAM Code\io_def.vh:]
WARNING: [filemgmt 56-199] Attempt to get parsing info during refresh. "On-the-fly" syntax checking information may be incorrect. [C:\Users\aam08331\Documents\GitHub\4280-Group12\LRU\LRU Project\RAM Code\ddr2_model_parameters.vh:]
WARNING: [filemgmt 56-199] Attempt to get parsing info during refresh. "On-the-fly" syntax checking information may be incorrect. [C:\Users\aam08331\Documents\GitHub\4280-Group12\LRU\LRU Project\RAM Code\ddr2_model_parameters.vh:]
WARNING: [filemgmt 56-199] Attempt to get parsing info during refresh. "On-the-fly" syntax checking information may be incorrect. [C:\Users\aam08331\Documents\GitHub\4280-Group12\LRU\LRU Project\RAM Code\ddr2_model_parameters.vh:]
ERROR: [Common 17-180] Spawn failed: No error
launch_runs synth_1 -jobs 12
INFO: [Vivado 12-4149] The synthesis checkpoint for IP 'C:/Users/aam08331/Documents/GitHub/4280-Group12/LRU/LRU Project/LRU Project.srcs/sources_1/ip/clk_wiz_0/clk_wiz_0.xci' is already up-to-date
[Sat Apr 19 20:13:19 2025] Launched synth_1...
Run output will be captured here: C:/Users/aam08331/Documents/GitHub/4280-Group12/LRU/LRU Project/LRU Project.runs/synth_1/runme.log
reset_run synth_1
WARNING: [Vivado 12-1017] Problems encountered:
1. Failed to delete one or more files in run directory C:/Users/aam08331/Documents/GitHub/4280-Group12/LRU/LRU Project/LRU Project.runs/synth_1

export_ip_user_files -of_objects  [get_files {{C:/Users/aam08331/Documents/GitHub/4280-Group12/LRU/LRU Project/LRU Project.srcs/sources_1/new/Array_Manipulation.v}}] -no_script -reset -force -quiet
remove_files  {{C:/Users/aam08331/Documents/GitHub/4280-Group12/LRU/LRU Project/LRU Project.srcs/sources_1/new/Array_Manipulation.v}}
WARNING: [filemgmt 56-199] Attempt to get parsing info during refresh. "On-the-fly" syntax checking information may be incorrect. [C:\Users\aam08331\Documents\GitHub\4280-Group12\LRU\LRU Project\LRU Project.srcs\sources_1\new\DirectLRU.v:]
WARNING: [filemgmt 56-199] Attempt to get parsing info during refresh. "On-the-fly" syntax checking information may be incorrect. [C:\Users\aam08331\Documents\GitHub\4280-Group12\LRU\LRU Project\RAM Code\checkddr.v:]
WARNING: [filemgmt 56-199] Attempt to get parsing info during refresh. "On-the-fly" syntax checking information may be incorrect. [C:\Users\aam08331\Documents\GitHub\4280-Group12\LRU\LRU Project\RAM Code\checkddr.v:]
WARNING: [filemgmt 56-199] Attempt to get parsing info during refresh. "On-the-fly" syntax checking information may be incorrect. [C:\Users\aam08331\Documents\GitHub\4280-Group12\LRU\LRU Project\RAM Code\checkddr.v:]
ERROR: [Common 17-180] Spawn failed: No error
import_files
INFO: [filemgmt 20-334] All file(s) are already imported in fileset: 'mig'
INFO: [filemgmt 20-348] Importing the appropriate files for fileset: 'mig'
INFO: [filemgmt 20-334] All file(s) are already imported in fileset: 'pll'
INFO: [filemgmt 20-348] Importing the appropriate files for fileset: 'pll'
INFO: [filemgmt 20-348] Importing the appropriate files for fileset: 'constrs_1'
INFO: [filemgmt 20-348] Importing the appropriate files for fileset: 'sources_1'
INFO: [filemgmt 20-334] All file(s) are already imported in fileset: 'utils_1'
INFO: [filemgmt 20-348] Importing the appropriate files for fileset: 'utils_1'
export_ip_user_files -of_objects  [get_files {{C:/Users/aam08331/Documents/GitHub/4280-Group12/LRU/LRU Project/LRU Project.srcs/sources_1/imports/LRU Project/RAM Code/checkddr.v}}] -no_script -reset -force -quiet
remove_files  {{C:/Users/aam08331/Documents/GitHub/4280-Group12/LRU/LRU Project/LRU Project.srcs/sources_1/imports/LRU Project/RAM Code/checkddr.v}}
export_ip_user_files -of_objects  [get_files {{C:/Users/aam08331/Documents/GitHub/4280-Group12/LRU/LRU Project/LRU Project.srcs/sources_1/imports/LRU Project/SD Code/uart_tx.v}}] -no_script -reset -force -quiet
remove_files  {{C:/Users/aam08331/Documents/GitHub/4280-Group12/LRU/LRU Project/LRU Project.srcs/sources_1/imports/LRU Project/SD Code/uart_tx.v}}
WARNING: [filemgmt 56-199] Attempt to get parsing info during refresh. "On-the-fly" syntax checking information may be incorrect. [C:\Users\aam08331\Documents\GitHub\4280-Group12\LRU\LRU Project\LRU Project.srcs\sources_1\new\DirectLRU.v:]
WARNING: [filemgmt 56-199] Attempt to get parsing info during refresh. "On-the-fly" syntax checking information may be incorrect. [C:\Users\aam08331\Documents\GitHub\4280-Group12\LRU\LRU Project\LRU Project.srcs\sources_1\new\supertop.v:]
WARNING: [filemgmt 56-199] Attempt to get parsing info during refresh. "On-the-fly" syntax checking information may be incorrect. [C:\Users\aam08331\Documents\GitHub\4280-Group12\LRU\LRU Project\LRU Project.srcs\sources_1\new\SD_Data_Decoder.v:]
WARNING: [filemgmt 56-199] Attempt to get parsing info during refresh. "On-the-fly" syntax checking information may be incorrect. [C:\Users\aam08331\Documents\GitHub\4280-Group12\LRU\LRU Project\LRU Project.srcs\sources_1\new\supertop.v:]
WARNING: [filemgmt 56-199] Attempt to get parsing info during refresh. "On-the-fly" syntax checking information may be incorrect. [C:\Users\aam08331\Documents\GitHub\4280-Group12\LRU\LRU Project\LRU Project.srcs\sources_1\new\supertop.v:]
WARNING: [filemgmt 56-199] Attempt to get parsing info during refresh. "On-the-fly" syntax checking information may be incorrect. [C:\Users\aam08331\Documents\GitHub\4280-Group12\LRU\LRU Project\LRU Project.srcs\sources_1\new\DirectLRU.v:]
WARNING: [filemgmt 56-199] Attempt to get parsing info during refresh. "On-the-fly" syntax checking information may be incorrect. [C:\Users\aam08331\Documents\GitHub\4280-Group12\LRU\LRU Project\LRU Project.srcs\sources_1\new\supertop.v:]
WARNING: [filemgmt 56-199] Attempt to get parsing info during refresh. "On-the-fly" syntax checking information may be incorrect. [C:\Users\aam08331\Documents\GitHub\4280-Group12\LRU\LRU Project\LRU Project.srcs\sources_1\new\SD_Data_Decoder.v:]
WARNING: [filemgmt 56-199] Attempt to get parsing info during refresh. "On-the-fly" syntax checking information may be incorrect. [C:\Users\aam08331\Documents\GitHub\4280-Group12\LRU\LRU Project\LRU Project.srcs\sources_1\new\DirectLRU.v:]
WARNING: [filemgmt 56-199] Attempt to get parsing info during refresh. "On-the-fly" syntax checking information may be incorrect. [C:\Users\aam08331\Documents\GitHub\4280-Group12\LRU\LRU Project\LRU Project.srcs\sources_1\new\DirectLRU.v:]
ERROR: [Common 17-180] Spawn failed: No error
WARNING: [filemgmt 56-199] Attempt to get parsing info during refresh. "On-the-fly" syntax checking information may be incorrect. [C:\Users\aam08331\Documents\GitHub\4280-Group12\LRU\LRU Project\LRU Project.srcs\sources_1\new\DirectLRU.v:]
WARNING: [filemgmt 56-199] Attempt to get parsing info during refresh. "On-the-fly" syntax checking information may be incorrect. [C:\Users\aam08331\Documents\GitHub\4280-Group12\LRU\LRU Project\LRU Project.srcs\sources_1\new\supertop.v:]
WARNING: [filemgmt 56-199] Attempt to get parsing info during refresh. "On-the-fly" syntax checking information may be incorrect. [C:\Users\aam08331\Documents\GitHub\4280-Group12\LRU\LRU Project\LRU Project.srcs\sources_1\new\SD_Data_Decoder.v:]
WARNING: [filemgmt 56-199] Attempt to get parsing info during refresh. "On-the-fly" syntax checking information may be incorrect. [C:\Users\aam08331\Documents\GitHub\4280-Group12\LRU\LRU Project\LRU Project.srcs\sources_1\new\supertop.v:]
WARNING: [filemgmt 56-199] Attempt to get parsing info during refresh. "On-the-fly" syntax checking information may be incorrect. [C:\Users\aam08331\Documents\GitHub\4280-Group12\LRU\LRU Project\LRU Project.srcs\sources_1\new\supertop.v:]
WARNING: [filemgmt 56-199] Attempt to get parsing info during refresh. "On-the-fly" syntax checking information may be incorrect. [C:\Users\aam08331\Documents\GitHub\4280-Group12\LRU\LRU Project\LRU Project.srcs\sources_1\new\DirectLRU.v:]
WARNING: [filemgmt 56-199] Attempt to get parsing info during refresh. "On-the-fly" syntax checking information may be incorrect. [C:\Users\aam08331\Documents\GitHub\4280-Group12\LRU\LRU Project\LRU Project.srcs\sources_1\new\supertop.v:]
WARNING: [filemgmt 56-199] Attempt to get parsing info during refresh. "On-the-fly" syntax checking information may be incorrect. [C:\Users\aam08331\Documents\GitHub\4280-Group12\LRU\LRU Project\LRU Project.srcs\sources_1\new\SD_Data_Decoder.v:]
WARNING: [filemgmt 56-199] Attempt to get parsing info during refresh. "On-the-fly" syntax checking information may be incorrect. [C:\Users\aam08331\Documents\GitHub\4280-Group12\LRU\LRU Project\LRU Project.srcs\sources_1\new\DirectLRU.v:]
WARNING: [filemgmt 56-199] Attempt to get parsing info during refresh. "On-the-fly" syntax checking information may be incorrect. [C:\Users\aam08331\Documents\GitHub\4280-Group12\LRU\LRU Project\LRU Project.srcs\sources_1\new\DirectLRU.v:]
launch_runs impl_1 -to_step write_bitstream -jobs 24
INFO: [Vivado 12-4149] The synthesis checkpoint for IP 'C:/Users/aam08331/Documents/GitHub/4280-Group12/LRU/LRU Project/LRU Project.srcs/sources_1/ip/clk_wiz_0/clk_wiz_0.xci' is already up-to-date
[Sat Apr 19 20:16:58 2025] Launched synth_1...
Run output will be captured here: C:/Users/aam08331/Documents/GitHub/4280-Group12/LRU/LRU Project/LRU Project.runs/synth_1/runme.log
[Sat Apr 19 20:16:58 2025] Launched impl_1...
Run output will be captured here: C:/Users/aam08331/Documents/GitHub/4280-Group12/LRU/LRU Project/LRU Project.runs/impl_1/runme.log
open_hw_manager
connect_hw_server -allow_non_jtag
INFO: [Labtools 27-2285] Connecting to hw_server url TCP:localhost:3121
INFO: [Labtools 27-2222] Launching hw_server...
INFO: [Labtools 27-2221] Launch Output:

****** Xilinx hw_server v2024.2.1
  **** Build date : Dec  9 2024 at 14:31:29
    ** Copyright 1986-2022 Xilinx, Inc. All Rights Reserved.


INFO: [Labtools 27-3415] Connecting to cs_server url TCP:localhost:0
INFO: [Labtools 27-3417] Launching cs_server...
INFO: [Labtools 27-2221] Launch Output:


******** Xilinx cs_server v2024.2.0
  ****** Build date   : Oct 30 2024-14:19:07
    **** Build number : 2024.2.1730312347
      ** Copyright 2017-2022 Xilinx, Inc. All Rights Reserved.
      ** Copyright 2022-2025 Advanced Micro Devices, Inc. All Rights Reserved.



connect_hw_server: Time (s): cpu = 00:00:00 ; elapsed = 00:00:10 . Memory (MB): peak = 5014.348 ; gain = 0.000
open_hw_target
INFO: [Labtoolstcl 44-466] Opening hw_target localhost:3121/xilinx_tcf/Digilent/210292BCFA7CA
set_property PROGRAM.FILE {C:/Users/aam08331/Documents/GitHub/4280-Group12/LRU/LRU Project/LRU Project.runs/impl_1/supertop.bit} [get_hw_devices xc7a100t_0]
current_hw_device [get_hw_devices xc7a100t_0]
refresh_hw_device -update_hw_probes false [lindex [get_hw_devices xc7a100t_0] 0]
INFO: [Labtools 27-1434] Device xc7a100t (JTAG device index = 0) is programmed with a design that has no supported debug core(s) in it.
set_property PROBES.FILE {} [get_hw_devices xc7a100t_0]
set_property FULL_PROBES.FILE {} [get_hw_devices xc7a100t_0]
set_property PROGRAM.FILE {C:/Users/aam08331/Documents/GitHub/4280-Group12/LRU/LRU Project/LRU Project.runs/impl_1/supertop.bit} [get_hw_devices xc7a100t_0]
program_hw_devices [get_hw_devices xc7a100t_0]
INFO: [Labtools 27-3164] End of startup status: HIGH
refresh_hw_device [lindex [get_hw_devices xc7a100t_0] 0]
INFO: [Labtools 27-1434] Device xc7a100t (JTAG device index = 0) is programmed with a design that has no supported debug core(s) in it.
reset_run synth_1
launch_runs impl_1 -to_step write_bitstream -jobs 24
INFO: [Vivado 12-4149] The synthesis checkpoint for IP 'C:/Users/aam08331/Documents/GitHub/4280-Group12/LRU/LRU Project/LRU Project.srcs/sources_1/ip/clk_wiz_0/clk_wiz_0.xci' is already up-to-date
[Sat Apr 19 20:21:12 2025] Launched synth_1...
Run output will be captured here: C:/Users/aam08331/Documents/GitHub/4280-Group12/LRU/LRU Project/LRU Project.runs/synth_1/runme.log
[Sat Apr 19 20:21:12 2025] Launched impl_1...
Run output will be captured here: C:/Users/aam08331/Documents/GitHub/4280-Group12/LRU/LRU Project/LRU Project.runs/impl_1/runme.log
set_property PROBES.FILE {} [get_hw_devices xc7a100t_0]
set_property FULL_PROBES.FILE {} [get_hw_devices xc7a100t_0]
set_property PROGRAM.FILE {C:/Users/aam08331/Documents/GitHub/4280-Group12/LRU/LRU Project/LRU Project.runs/impl_1/supertop.bit} [get_hw_devices xc7a100t_0]
program_hw_devices [get_hw_devices xc7a100t_0]
INFO: [Labtools 27-3164] End of startup status: HIGH
refresh_hw_device [lindex [get_hw_devices xc7a100t_0] 0]
INFO: [Labtools 27-1434] Device xc7a100t (JTAG device index = 0) is programmed with a design that has no supported debug core(s) in it.
ERROR: [Labtoolstcl 44-513] HW Target shutdown. Closing target: localhost:3121/xilinx_tcf/Digilent/210292BCFA7CA
