#-----------------------------------------------------------
# Vivado v2024.2.1 (64-bit)
# SW Build 5266912 on Sun Dec 15 09:03:24 MST 2024
# IP Build 5264866 on Sun Dec 15 16:27:47 MST 2024
# SharedData Build 5264680 on Wed Dec 11 12:48:36 MST 2024
# Start of session at: Fri Apr 18 20:06:18 2025
# Process ID         : 28072
# Current directory  : C:/Users/aam08331/Documents/GitHub/4280-Group12/LRU/LRU Project
# Command line       : vivado.exe -gui_launcher_event rodinguilauncherevent28016 C:\Users\aam08331\Documents\GitHub\4280-Group12\LRU\LRU Project\LRU Project.xpr
# Log file           : C:/Users/aam08331/Documents/GitHub/4280-Group12/LRU/LRU Project/vivado.log
# Journal file       : C:/Users/aam08331/Documents/GitHub/4280-Group12/LRU/LRU Project\vivado.jou
# Running On         : engr-d1409-010
# Platform           : Windows Server 2016 or Windows 10
# Operating System   : 19045
# Processor Detail   : 13th Gen Intel(R) Core(TM) i7-13700
# CPU Frequency      : 2112 MHz
# CPU Physical cores : 16
# CPU Logical cores  : 24
# Host memory        : 34033 MB
# Swap memory        : 2147 MB
# Total Virtual      : 36180 MB
# Available Virtual  : 24361 MB
#-----------------------------------------------------------
start_gui
Sourcing tcl script 'C:/Users/aam08331/AppData/Roaming/Xilinx/Vivado/Vivado_init.tcl'
open_project {C:/Users/aam08331/Documents/GitHub/4280-Group12/LRU/LRU Project/LRU Project.xpr}
WARNING: [Board 49-91] Board repository path 'C:ivado-boards-master
ewoard_files' does not exist, it will not be used to search board files.
WARNING: [Board 49-26] cannot add Board Part digilentinc.com:genesys2:part0:1.1 available at C:/Xilinx/Vivado/2024.2/data/boards/board_files/genesys2/H/board.xml as part xc7k325tffg900-2 specified in board_part file is either invalid or not available
WARNING: [Board 49-26] cannot add Board Part digilentinc.com:sword:part0:1.0 available at C:/Xilinx/Vivado/2024.2/data/boards/board_files/sword/C.0/board.xml as part xc7k325tffg900-2 specified in board_part file is either invalid or not available
WARNING: [Board 49-91] Board repository path 'C:ivado-boards-master
ewoard_files' does not exist, it will not be used to search board files.
CRITICAL WARNING: [Project 1-19] Could not find the file 'C:/Users/aam08331/Documents/GitHub/4280-Group12/LRU/sdCode/fpga_top.v'.
CRITICAL WARNING: [Project 1-19] Could not find the file 'C:/Users/aam08331/Documents/GitHub/4280-Group12/LRU/mig_example.srcs/io_def.vh'.
CRITICAL WARNING: [Project 1-19] Could not find the file 'C:/Users/aam08331/Documents/GitHub/4280-Group12/LRU/mig_example.srcs/mig_example_top.v'.
CRITICAL WARNING: [Project 1-19] Could not find the file 'C:/Users/aam08331/Documents/GitHub/4280-Group12/LRU/sdCode/sd_file_reader.v'.
CRITICAL WARNING: [Project 1-19] Could not find the file 'C:/Users/aam08331/Documents/GitHub/4280-Group12/LRU/sdCode/sd_reader.v'.
CRITICAL WARNING: [Project 1-19] Could not find the file 'C:/Users/aam08331/Documents/GitHub/4280-Group12/LRU/sdCode/sdcmd_ctrl.v'.
CRITICAL WARNING: [Project 1-19] Could not find the file 'C:/Users/aam08331/Documents/GitHub/4280-Group12/LRU/sdCode/sd_test.v'.
CRITICAL WARNING: [Project 1-19] Could not find the file 'C:/Users/aam08331/Documents/GitHub/4280-Group12/LRU/mig_example.srcs/ddr2_model_parameters.vh'.
CRITICAL WARNING: [Project 1-19] Could not find the file 'C:/Users/aam08331/Documents/GitHub/4280-Group12/LRU/mig_example.srcs/ddr2_model.v'.
CRITICAL WARNING: [Project 1-19] Could not find the file 'C:/Users/aam08331/Documents/GitHub/4280-Group12/LRU/sdCode/uart_tx.v'.
Scanning sources...
Finished scanning sources
INFO: [IP_Flow 19-234] Refreshing IP repositories
INFO: [IP_Flow 19-1704] No user IP repositories specified
INFO: [IP_Flow 19-2313] Loaded Vivado IP repository 'C:/Xilinx/Vivado/2024.2/data/ip'.
open_project: Time (s): cpu = 00:00:14 ; elapsed = 00:00:07 . Memory (MB): peak = 1369.461 ; gain = 278.836
update_compile_order -fileset sources_1
